<?xml version="1.0" encoding="UTF-8" standalone="no"?>
<testsuite failures="18" name="cucumber.runtime.formatter.JUnitFormatter" skipped="0" tests="19" time="580.08142">
<testcase classname="GCS source - Verify GCS Source plugin error scenarios" name="Verify GCS Source properties validation errors for mandatory fields" time="56.779823">
<failure message="org.openqa.selenium.NoSuchElementException: no such element: Unable to locate element: {&quot;method&quot;:&quot;xpath&quot;,&quot;selector&quot;:&quot;//*[@data-cy='referenceName']/following-sibling::div[@data-cy='property-row-error']&quot;}&#10;  (Session info: headless chrome=92.0.4515.159)&#10;For documentation on this error, please visit: https://selenium.dev/exceptions/#no_such_element&#10;Build info: version: '4.0.0-rc-1', revision: 'bc5511cbda'&#10;System info: host: 'runner-deployment-build-data-integrations-e2e-69959c6456-ggvwl', ip: '10.116.13.8', os.name: 'Linux', os.arch: 'amd64', os.version: '5.4.144+', java.version: '1.8.0_292'&#10;Driver info: org.openqa.selenium.chrome.ChromeDriver&#10;Command: [9e8ca9a50608391995e192d0194ed21a, findElement {using=xpath, value=//*[@data-cy='referenceName']/following-sibling::div[@data-cy='property-row-error']}]&#10;Capabilities {acceptInsecureCerts: false, browserName: chrome, browserVersion: 92.0.4515.159, chrome: {chromedriverVersion: 92.0.4515.107 (87a818b10553..., userDataDir: /tmp/.com.google.Chrome.QKk6jW}, goog:chromeOptions: {debuggerAddress: localhost:32931}, javascriptEnabled: true, networkConnectionEnabled: false, pageLoadStrategy: normal, platform: LINUX, platformName: LINUX, proxy: Proxy(), se:cdp: ws://localhost:32931/devtoo..., se:cdpVersion: 92.0.4515.159, setWindowRect: true, strictFileInteractability: false, timeouts: {implicit: 0, pageLoad: 300000, script: 30000}, unhandledPromptBehavior: dismiss and notify, webauthn:extension:credBlob: true, webauthn:extension:largeBlob: true, webauthn:virtualAuthenticators: true}&#10;Session ID: 9e8ca9a50608391995e192d0194ed21a&#10;&#9;at sun.reflect.GeneratedConstructorAccessor36.newInstance(Unknown Source)&#10;&#9;at sun.reflect.DelegatingConstructorAccessorImpl.newInstance(DelegatingConstructorAccessorImpl.java:45)&#10;&#9;at java.lang.reflect.Constructor.newInstance(Constructor.java:423)&#10;&#9;at org.openqa.selenium.remote.codec.w3c.W3CHttpResponseCodec.createException(W3CHttpResponseCodec.java:200)&#10;&#9;at org.openqa.selenium.remote.codec.w3c.W3CHttpResponseCodec.decode(W3CHttpResponseCodec.java:133)&#10;&#9;at org.openqa.selenium.remote.codec.w3c.W3CHttpResponseCodec.decode(W3CHttpResponseCodec.java:53)&#10;&#9;at org.openqa.selenium.remote.HttpCommandExecutor.execute(HttpCommandExecutor.java:184)&#10;&#9;at org.openqa.selenium.remote.service.DriverCommandExecutor.invokeExecute(DriverCommandExecutor.java:164)&#10;&#9;at org.openqa.selenium.remote.service.DriverCommandExecutor.execute(DriverCommandExecutor.java:139)&#10;&#9;at org.openqa.selenium.remote.RemoteWebDriver.execute(RemoteWebDriver.java:547)&#10;&#9;at org.openqa.selenium.remote.ElementLocation$ElementFinder$2.findElement(ElementLocation.java:162)&#10;&#9;at org.openqa.selenium.remote.ElementLocation.findElement(ElementLocation.java:60)&#10;&#9;at org.openqa.selenium.remote.RemoteWebDriver.findElement(RemoteWebDriver.java:381)&#10;&#9;at org.openqa.selenium.remote.RemoteWebDriver.findElement(RemoteWebDriver.java:373)&#10;&#9;at io.cdap.e2e.utils.PluginPropertyUtils.findPropertyErrorElement(PluginPropertyUtils.java:64)&#10;&#9;at io.cdap.e2e.utils.PluginPropertyUtils.validateMandatoryPropertyError(PluginPropertyUtils.java:56)&#10;&#9;at stepsdesign.PipelineSteps.validateMandatoryPropertyErrorFor(PipelineSteps.java:80)&#10;&#9;at ✽.Validate mandatory property error for &quot;referenceName&quot;(file:src/e2e-test/features/gcs/source/GCSSourceError.feature:9)&#10;"><![CDATA[Given Open Datafusion Project to configure pipeline.........................passed
When Source is GCS..........................................................passed
Then Open GCS source properties.............................................passed
Then Enter the GCS properties with blank property "referenceName"...........passed
Then Validate mandatory property error for "referenceName"..................failed

StackTrace:
org.openqa.selenium.NoSuchElementException: no such element: Unable to locate element: {"method":"xpath","selector":"//*[@data-cy='referenceName']/following-sibling::div[@data-cy='property-row-error']"}
  (Session info: headless chrome=92.0.4515.159)
For documentation on this error, please visit: https://selenium.dev/exceptions/#no_such_element
Build info: version: '4.0.0-rc-1', revision: 'bc5511cbda'
System info: host: 'runner-deployment-build-data-integrations-e2e-69959c6456-ggvwl', ip: '10.116.13.8', os.name: 'Linux', os.arch: 'amd64', os.version: '5.4.144+', java.version: '1.8.0_292'
Driver info: org.openqa.selenium.chrome.ChromeDriver
Command: [9e8ca9a50608391995e192d0194ed21a, findElement {using=xpath, value=//*[@data-cy='referenceName']/following-sibling::div[@data-cy='property-row-error']}]
Capabilities {acceptInsecureCerts: false, browserName: chrome, browserVersion: 92.0.4515.159, chrome: {chromedriverVersion: 92.0.4515.107 (87a818b10553..., userDataDir: /tmp/.com.google.Chrome.QKk6jW}, goog:chromeOptions: {debuggerAddress: localhost:32931}, javascriptEnabled: true, networkConnectionEnabled: false, pageLoadStrategy: normal, platform: LINUX, platformName: LINUX, proxy: Proxy(), se:cdp: ws://localhost:32931/devtoo..., se:cdpVersion: 92.0.4515.159, setWindowRect: true, strictFileInteractability: false, timeouts: {implicit: 0, pageLoad: 300000, script: 30000}, unhandledPromptBehavior: dismiss and notify, webauthn:extension:credBlob: true, webauthn:extension:largeBlob: true, webauthn:virtualAuthenticators: true}
Session ID: 9e8ca9a50608391995e192d0194ed21a
	at sun.reflect.GeneratedConstructorAccessor36.newInstance(Unknown Source)
	at sun.reflect.DelegatingConstructorAccessorImpl.newInstance(DelegatingConstructorAccessorImpl.java:45)
	at java.lang.reflect.Constructor.newInstance(Constructor.java:423)
	at org.openqa.selenium.remote.codec.w3c.W3CHttpResponseCodec.createException(W3CHttpResponseCodec.java:200)
	at org.openqa.selenium.remote.codec.w3c.W3CHttpResponseCodec.decode(W3CHttpResponseCodec.java:133)
	at org.openqa.selenium.remote.codec.w3c.W3CHttpResponseCodec.decode(W3CHttpResponseCodec.java:53)
	at org.openqa.selenium.remote.HttpCommandExecutor.execute(HttpCommandExecutor.java:184)
	at org.openqa.selenium.remote.service.DriverCommandExecutor.invokeExecute(DriverCommandExecutor.java:164)
	at org.openqa.selenium.remote.service.DriverCommandExecutor.execute(DriverCommandExecutor.java:139)
	at org.openqa.selenium.remote.RemoteWebDriver.execute(RemoteWebDriver.java:547)
	at org.openqa.selenium.remote.ElementLocation$ElementFinder$2.findElement(ElementLocation.java:162)
	at org.openqa.selenium.remote.ElementLocation.findElement(ElementLocation.java:60)
	at org.openqa.selenium.remote.RemoteWebDriver.findElement(RemoteWebDriver.java:381)
	at org.openqa.selenium.remote.RemoteWebDriver.findElement(RemoteWebDriver.java:373)
	at io.cdap.e2e.utils.PluginPropertyUtils.findPropertyErrorElement(PluginPropertyUtils.java:64)
	at io.cdap.e2e.utils.PluginPropertyUtils.validateMandatoryPropertyError(PluginPropertyUtils.java:56)
	at stepsdesign.PipelineSteps.validateMandatoryPropertyErrorFor(PipelineSteps.java:80)
	at ✽.Validate mandatory property error for "referenceName"(file:src/e2e-test/features/gcs/source/GCSSourceError.feature:9)
]]></failure>
</testcase>
<testcase classname="GCS source - Verify GCS Source plugin error scenarios" name="Verify GCS Source properties validation errors for mandatory fields 2" time="56.997254">
<failure message="org.openqa.selenium.NoSuchElementException: no such element: Unable to locate element: {&quot;method&quot;:&quot;xpath&quot;,&quot;selector&quot;:&quot;//*[@data-cy='path']/following-sibling::div[@data-cy='property-row-error']&quot;}&#10;  (Session info: headless chrome=92.0.4515.159)&#10;For documentation on this error, please visit: https://selenium.dev/exceptions/#no_such_element&#10;Build info: version: '4.0.0-rc-1', revision: 'bc5511cbda'&#10;System info: host: 'runner-deployment-build-data-integrations-e2e-69959c6456-ggvwl', ip: '10.116.13.8', os.name: 'Linux', os.arch: 'amd64', os.version: '5.4.144+', java.version: '1.8.0_292'&#10;Driver info: org.openqa.selenium.chrome.ChromeDriver&#10;Command: [9e8ca9a50608391995e192d0194ed21a, findElement {using=xpath, value=//*[@data-cy='path']/following-sibling::div[@data-cy='property-row-error']}]&#10;Capabilities {acceptInsecureCerts: false, browserName: chrome, browserVersion: 92.0.4515.159, chrome: {chromedriverVersion: 92.0.4515.107 (87a818b10553..., userDataDir: /tmp/.com.google.Chrome.QKk6jW}, goog:chromeOptions: {debuggerAddress: localhost:32931}, javascriptEnabled: true, networkConnectionEnabled: false, pageLoadStrategy: normal, platform: LINUX, platformName: LINUX, proxy: Proxy(), se:cdp: ws://localhost:32931/devtoo..., se:cdpVersion: 92.0.4515.159, setWindowRect: true, strictFileInteractability: false, timeouts: {implicit: 0, pageLoad: 300000, script: 30000}, unhandledPromptBehavior: dismiss and notify, webauthn:extension:credBlob: true, webauthn:extension:largeBlob: true, webauthn:virtualAuthenticators: true}&#10;Session ID: 9e8ca9a50608391995e192d0194ed21a&#10;&#9;at sun.reflect.GeneratedConstructorAccessor36.newInstance(Unknown Source)&#10;&#9;at sun.reflect.DelegatingConstructorAccessorImpl.newInstance(DelegatingConstructorAccessorImpl.java:45)&#10;&#9;at java.lang.reflect.Constructor.newInstance(Constructor.java:423)&#10;&#9;at org.openqa.selenium.remote.codec.w3c.W3CHttpResponseCodec.createException(W3CHttpResponseCodec.java:200)&#10;&#9;at org.openqa.selenium.remote.codec.w3c.W3CHttpResponseCodec.decode(W3CHttpResponseCodec.java:133)&#10;&#9;at org.openqa.selenium.remote.codec.w3c.W3CHttpResponseCodec.decode(W3CHttpResponseCodec.java:53)&#10;&#9;at org.openqa.selenium.remote.HttpCommandExecutor.execute(HttpCommandExecutor.java:184)&#10;&#9;at org.openqa.selenium.remote.service.DriverCommandExecutor.invokeExecute(DriverCommandExecutor.java:164)&#10;&#9;at org.openqa.selenium.remote.service.DriverCommandExecutor.execute(DriverCommandExecutor.java:139)&#10;&#9;at org.openqa.selenium.remote.RemoteWebDriver.execute(RemoteWebDriver.java:547)&#10;&#9;at org.openqa.selenium.remote.ElementLocation$ElementFinder$2.findElement(ElementLocation.java:162)&#10;&#9;at org.openqa.selenium.remote.ElementLocation.findElement(ElementLocation.java:60)&#10;&#9;at org.openqa.selenium.remote.RemoteWebDriver.findElement(RemoteWebDriver.java:381)&#10;&#9;at org.openqa.selenium.remote.RemoteWebDriver.findElement(RemoteWebDriver.java:373)&#10;&#9;at io.cdap.e2e.utils.PluginPropertyUtils.findPropertyErrorElement(PluginPropertyUtils.java:64)&#10;&#9;at io.cdap.e2e.utils.PluginPropertyUtils.validateMandatoryPropertyError(PluginPropertyUtils.java:56)&#10;&#9;at stepsdesign.PipelineSteps.validateMandatoryPropertyErrorFor(PipelineSteps.java:80)&#10;&#9;at ✽.Validate mandatory property error for &quot;path&quot;(file:src/e2e-test/features/gcs/source/GCSSourceError.feature:9)&#10;"><![CDATA[Given Open Datafusion Project to configure pipeline.........................passed
When Source is GCS..........................................................passed
Then Open GCS source properties.............................................passed
Then Enter the GCS properties with blank property "path"....................passed
Then Validate mandatory property error for "path"...........................failed

StackTrace:
org.openqa.selenium.NoSuchElementException: no such element: Unable to locate element: {"method":"xpath","selector":"//*[@data-cy='path']/following-sibling::div[@data-cy='property-row-error']"}
  (Session info: headless chrome=92.0.4515.159)
For documentation on this error, please visit: https://selenium.dev/exceptions/#no_such_element
Build info: version: '4.0.0-rc-1', revision: 'bc5511cbda'
System info: host: 'runner-deployment-build-data-integrations-e2e-69959c6456-ggvwl', ip: '10.116.13.8', os.name: 'Linux', os.arch: 'amd64', os.version: '5.4.144+', java.version: '1.8.0_292'
Driver info: org.openqa.selenium.chrome.ChromeDriver
Command: [9e8ca9a50608391995e192d0194ed21a, findElement {using=xpath, value=//*[@data-cy='path']/following-sibling::div[@data-cy='property-row-error']}]
Capabilities {acceptInsecureCerts: false, browserName: chrome, browserVersion: 92.0.4515.159, chrome: {chromedriverVersion: 92.0.4515.107 (87a818b10553..., userDataDir: /tmp/.com.google.Chrome.QKk6jW}, goog:chromeOptions: {debuggerAddress: localhost:32931}, javascriptEnabled: true, networkConnectionEnabled: false, pageLoadStrategy: normal, platform: LINUX, platformName: LINUX, proxy: Proxy(), se:cdp: ws://localhost:32931/devtoo..., se:cdpVersion: 92.0.4515.159, setWindowRect: true, strictFileInteractability: false, timeouts: {implicit: 0, pageLoad: 300000, script: 30000}, unhandledPromptBehavior: dismiss and notify, webauthn:extension:credBlob: true, webauthn:extension:largeBlob: true, webauthn:virtualAuthenticators: true}
Session ID: 9e8ca9a50608391995e192d0194ed21a
	at sun.reflect.GeneratedConstructorAccessor36.newInstance(Unknown Source)
	at sun.reflect.DelegatingConstructorAccessorImpl.newInstance(DelegatingConstructorAccessorImpl.java:45)
	at java.lang.reflect.Constructor.newInstance(Constructor.java:423)
	at org.openqa.selenium.remote.codec.w3c.W3CHttpResponseCodec.createException(W3CHttpResponseCodec.java:200)
	at org.openqa.selenium.remote.codec.w3c.W3CHttpResponseCodec.decode(W3CHttpResponseCodec.java:133)
	at org.openqa.selenium.remote.codec.w3c.W3CHttpResponseCodec.decode(W3CHttpResponseCodec.java:53)
	at org.openqa.selenium.remote.HttpCommandExecutor.execute(HttpCommandExecutor.java:184)
	at org.openqa.selenium.remote.service.DriverCommandExecutor.invokeExecute(DriverCommandExecutor.java:164)
	at org.openqa.selenium.remote.service.DriverCommandExecutor.execute(DriverCommandExecutor.java:139)
	at org.openqa.selenium.remote.RemoteWebDriver.execute(RemoteWebDriver.java:547)
	at org.openqa.selenium.remote.ElementLocation$ElementFinder$2.findElement(ElementLocation.java:162)
	at org.openqa.selenium.remote.ElementLocation.findElement(ElementLocation.java:60)
	at org.openqa.selenium.remote.RemoteWebDriver.findElement(RemoteWebDriver.java:381)
	at org.openqa.selenium.remote.RemoteWebDriver.findElement(RemoteWebDriver.java:373)
	at io.cdap.e2e.utils.PluginPropertyUtils.findPropertyErrorElement(PluginPropertyUtils.java:64)
	at io.cdap.e2e.utils.PluginPropertyUtils.validateMandatoryPropertyError(PluginPropertyUtils.java:56)
	at stepsdesign.PipelineSteps.validateMandatoryPropertyErrorFor(PipelineSteps.java:80)
	at ✽.Validate mandatory property error for "path"(file:src/e2e-test/features/gcs/source/GCSSourceError.feature:9)
]]></failure>
</testcase>
<testcase classname="GCS source - Verify GCS Source plugin error scenarios" name="Verify GCS Source properties validation errors for mandatory fields 3" time="57.477363">
<failure message="org.openqa.selenium.NoSuchElementException: no such element: Unable to locate element: {&quot;method&quot;:&quot;xpath&quot;,&quot;selector&quot;:&quot;//*[@data-cy='format']/following-sibling::div[@data-cy='property-row-error']&quot;}&#10;  (Session info: headless chrome=92.0.4515.159)&#10;For documentation on this error, please visit: https://selenium.dev/exceptions/#no_such_element&#10;Build info: version: '4.0.0-rc-1', revision: 'bc5511cbda'&#10;System info: host: 'runner-deployment-build-data-integrations-e2e-69959c6456-ggvwl', ip: '10.116.13.8', os.name: 'Linux', os.arch: 'amd64', os.version: '5.4.144+', java.version: '1.8.0_292'&#10;Driver info: org.openqa.selenium.chrome.ChromeDriver&#10;Command: [9e8ca9a50608391995e192d0194ed21a, findElement {using=xpath, value=//*[@data-cy='format']/following-sibling::div[@data-cy='property-row-error']}]&#10;Capabilities {acceptInsecureCerts: false, browserName: chrome, browserVersion: 92.0.4515.159, chrome: {chromedriverVersion: 92.0.4515.107 (87a818b10553..., userDataDir: /tmp/.com.google.Chrome.QKk6jW}, goog:chromeOptions: {debuggerAddress: localhost:32931}, javascriptEnabled: true, networkConnectionEnabled: false, pageLoadStrategy: normal, platform: LINUX, platformName: LINUX, proxy: Proxy(), se:cdp: ws://localhost:32931/devtoo..., se:cdpVersion: 92.0.4515.159, setWindowRect: true, strictFileInteractability: false, timeouts: {implicit: 0, pageLoad: 300000, script: 30000}, unhandledPromptBehavior: dismiss and notify, webauthn:extension:credBlob: true, webauthn:extension:largeBlob: true, webauthn:virtualAuthenticators: true}&#10;Session ID: 9e8ca9a50608391995e192d0194ed21a&#10;&#9;at sun.reflect.GeneratedConstructorAccessor36.newInstance(Unknown Source)&#10;&#9;at sun.reflect.DelegatingConstructorAccessorImpl.newInstance(DelegatingConstructorAccessorImpl.java:45)&#10;&#9;at java.lang.reflect.Constructor.newInstance(Constructor.java:423)&#10;&#9;at org.openqa.selenium.remote.codec.w3c.W3CHttpResponseCodec.createException(W3CHttpResponseCodec.java:200)&#10;&#9;at org.openqa.selenium.remote.codec.w3c.W3CHttpResponseCodec.decode(W3CHttpResponseCodec.java:133)&#10;&#9;at org.openqa.selenium.remote.codec.w3c.W3CHttpResponseCodec.decode(W3CHttpResponseCodec.java:53)&#10;&#9;at org.openqa.selenium.remote.HttpCommandExecutor.execute(HttpCommandExecutor.java:184)&#10;&#9;at org.openqa.selenium.remote.service.DriverCommandExecutor.invokeExecute(DriverCommandExecutor.java:164)&#10;&#9;at org.openqa.selenium.remote.service.DriverCommandExecutor.execute(DriverCommandExecutor.java:139)&#10;&#9;at org.openqa.selenium.remote.RemoteWebDriver.execute(RemoteWebDriver.java:547)&#10;&#9;at org.openqa.selenium.remote.ElementLocation$ElementFinder$2.findElement(ElementLocation.java:162)&#10;&#9;at org.openqa.selenium.remote.ElementLocation.findElement(ElementLocation.java:60)&#10;&#9;at org.openqa.selenium.remote.RemoteWebDriver.findElement(RemoteWebDriver.java:381)&#10;&#9;at org.openqa.selenium.remote.RemoteWebDriver.findElement(RemoteWebDriver.java:373)&#10;&#9;at io.cdap.e2e.utils.PluginPropertyUtils.findPropertyErrorElement(PluginPropertyUtils.java:64)&#10;&#9;at io.cdap.e2e.utils.PluginPropertyUtils.validateMandatoryPropertyError(PluginPropertyUtils.java:56)&#10;&#9;at stepsdesign.PipelineSteps.validateMandatoryPropertyErrorFor(PipelineSteps.java:80)&#10;&#9;at ✽.Validate mandatory property error for &quot;format&quot;(file:src/e2e-test/features/gcs/source/GCSSourceError.feature:9)&#10;"><![CDATA[Given Open Datafusion Project to configure pipeline.........................passed
When Source is GCS..........................................................passed
Then Open GCS source properties.............................................passed
Then Enter the GCS properties with blank property "format"..................passed
Then Validate mandatory property error for "format".........................failed

StackTrace:
org.openqa.selenium.NoSuchElementException: no such element: Unable to locate element: {"method":"xpath","selector":"//*[@data-cy='format']/following-sibling::div[@data-cy='property-row-error']"}
  (Session info: headless chrome=92.0.4515.159)
For documentation on this error, please visit: https://selenium.dev/exceptions/#no_such_element
Build info: version: '4.0.0-rc-1', revision: 'bc5511cbda'
System info: host: 'runner-deployment-build-data-integrations-e2e-69959c6456-ggvwl', ip: '10.116.13.8', os.name: 'Linux', os.arch: 'amd64', os.version: '5.4.144+', java.version: '1.8.0_292'
Driver info: org.openqa.selenium.chrome.ChromeDriver
Command: [9e8ca9a50608391995e192d0194ed21a, findElement {using=xpath, value=//*[@data-cy='format']/following-sibling::div[@data-cy='property-row-error']}]
Capabilities {acceptInsecureCerts: false, browserName: chrome, browserVersion: 92.0.4515.159, chrome: {chromedriverVersion: 92.0.4515.107 (87a818b10553..., userDataDir: /tmp/.com.google.Chrome.QKk6jW}, goog:chromeOptions: {debuggerAddress: localhost:32931}, javascriptEnabled: true, networkConnectionEnabled: false, pageLoadStrategy: normal, platform: LINUX, platformName: LINUX, proxy: Proxy(), se:cdp: ws://localhost:32931/devtoo..., se:cdpVersion: 92.0.4515.159, setWindowRect: true, strictFileInteractability: false, timeouts: {implicit: 0, pageLoad: 300000, script: 30000}, unhandledPromptBehavior: dismiss and notify, webauthn:extension:credBlob: true, webauthn:extension:largeBlob: true, webauthn:virtualAuthenticators: true}
Session ID: 9e8ca9a50608391995e192d0194ed21a
	at sun.reflect.GeneratedConstructorAccessor36.newInstance(Unknown Source)
	at sun.reflect.DelegatingConstructorAccessorImpl.newInstance(DelegatingConstructorAccessorImpl.java:45)
	at java.lang.reflect.Constructor.newInstance(Constructor.java:423)
	at org.openqa.selenium.remote.codec.w3c.W3CHttpResponseCodec.createException(W3CHttpResponseCodec.java:200)
	at org.openqa.selenium.remote.codec.w3c.W3CHttpResponseCodec.decode(W3CHttpResponseCodec.java:133)
	at org.openqa.selenium.remote.codec.w3c.W3CHttpResponseCodec.decode(W3CHttpResponseCodec.java:53)
	at org.openqa.selenium.remote.HttpCommandExecutor.execute(HttpCommandExecutor.java:184)
	at org.openqa.selenium.remote.service.DriverCommandExecutor.invokeExecute(DriverCommandExecutor.java:164)
	at org.openqa.selenium.remote.service.DriverCommandExecutor.execute(DriverCommandExecutor.java:139)
	at org.openqa.selenium.remote.RemoteWebDriver.execute(RemoteWebDriver.java:547)
	at org.openqa.selenium.remote.ElementLocation$ElementFinder$2.findElement(ElementLocation.java:162)
	at org.openqa.selenium.remote.ElementLocation.findElement(ElementLocation.java:60)
	at org.openqa.selenium.remote.RemoteWebDriver.findElement(RemoteWebDriver.java:381)
	at org.openqa.selenium.remote.RemoteWebDriver.findElement(RemoteWebDriver.java:373)
	at io.cdap.e2e.utils.PluginPropertyUtils.findPropertyErrorElement(PluginPropertyUtils.java:64)
	at io.cdap.e2e.utils.PluginPropertyUtils.validateMandatoryPropertyError(PluginPropertyUtils.java:56)
	at stepsdesign.PipelineSteps.validateMandatoryPropertyErrorFor(PipelineSteps.java:80)
	at ✽.Validate mandatory property error for "format"(file:src/e2e-test/features/gcs/source/GCSSourceError.feature:9)
]]></failure>
</testcase>
<testcase classname="GCS source - Verify GCS Source plugin error scenarios" name="To verify Error message for invalid bucket name" time="58.997727">
<failure message="org.openqa.selenium.NoSuchElementException: no such element: Unable to locate element: {&quot;method&quot;:&quot;xpath&quot;,&quot;selector&quot;:&quot;//*[@data-cy='path']/following-sibling::div[@data-cy='property-row-error']&quot;}&#10;  (Session info: headless chrome=92.0.4515.159)&#10;For documentation on this error, please visit: https://selenium.dev/exceptions/#no_such_element&#10;Build info: version: '4.0.0-rc-1', revision: 'bc5511cbda'&#10;System info: host: 'runner-deployment-build-data-integrations-e2e-69959c6456-ggvwl', ip: '10.116.13.8', os.name: 'Linux', os.arch: 'amd64', os.version: '5.4.144+', java.version: '1.8.0_292'&#10;Driver info: org.openqa.selenium.chrome.ChromeDriver&#10;Command: [9e8ca9a50608391995e192d0194ed21a, findElement {using=xpath, value=//*[@data-cy='path']/following-sibling::div[@data-cy='property-row-error']}]&#10;Capabilities {acceptInsecureCerts: false, browserName: chrome, browserVersion: 92.0.4515.159, chrome: {chromedriverVersion: 92.0.4515.107 (87a818b10553..., userDataDir: /tmp/.com.google.Chrome.QKk6jW}, goog:chromeOptions: {debuggerAddress: localhost:32931}, javascriptEnabled: true, networkConnectionEnabled: false, pageLoadStrategy: normal, platform: LINUX, platformName: LINUX, proxy: Proxy(), se:cdp: ws://localhost:32931/devtoo..., se:cdpVersion: 92.0.4515.159, setWindowRect: true, strictFileInteractability: false, timeouts: {implicit: 0, pageLoad: 300000, script: 30000}, unhandledPromptBehavior: dismiss and notify, webauthn:extension:credBlob: true, webauthn:extension:largeBlob: true, webauthn:virtualAuthenticators: true}&#10;Session ID: 9e8ca9a50608391995e192d0194ed21a&#10;&#9;at sun.reflect.GeneratedConstructorAccessor36.newInstance(Unknown Source)&#10;&#9;at sun.reflect.DelegatingConstructorAccessorImpl.newInstance(DelegatingConstructorAccessorImpl.java:45)&#10;&#9;at java.lang.reflect.Constructor.newInstance(Constructor.java:423)&#10;&#9;at org.openqa.selenium.remote.codec.w3c.W3CHttpResponseCodec.createException(W3CHttpResponseCodec.java:200)&#10;&#9;at org.openqa.selenium.remote.codec.w3c.W3CHttpResponseCodec.decode(W3CHttpResponseCodec.java:133)&#10;&#9;at org.openqa.selenium.remote.codec.w3c.W3CHttpResponseCodec.decode(W3CHttpResponseCodec.java:53)&#10;&#9;at org.openqa.selenium.remote.HttpCommandExecutor.execute(HttpCommandExecutor.java:184)&#10;&#9;at org.openqa.selenium.remote.service.DriverCommandExecutor.invokeExecute(DriverCommandExecutor.java:164)&#10;&#9;at org.openqa.selenium.remote.service.DriverCommandExecutor.execute(DriverCommandExecutor.java:139)&#10;&#9;at org.openqa.selenium.remote.RemoteWebDriver.execute(RemoteWebDriver.java:547)&#10;&#9;at org.openqa.selenium.remote.ElementLocation$ElementFinder$2.findElement(ElementLocation.java:162)&#10;&#9;at org.openqa.selenium.remote.ElementLocation.findElement(ElementLocation.java:60)&#10;&#9;at org.openqa.selenium.remote.RemoteWebDriver.findElement(RemoteWebDriver.java:381)&#10;&#9;at org.openqa.selenium.remote.RemoteWebDriver.findElement(RemoteWebDriver.java:373)&#10;&#9;at io.cdap.e2e.utils.PluginPropertyUtils.findPropertyErrorElement(PluginPropertyUtils.java:64)&#10;&#9;at io.cdap.plugin.gcs.stepsdesign.GCSBase.verifyInvalidBucketNameErrorMessageIsDisplayedForBucket(GCSBase.java:97)&#10;&#9;at ✽.Verify invalid bucket name error message is displayed for bucket &quot;gcsInvalidBucketName&quot;(file:src/e2e-test/features/gcs/source/GCSSourceError.feature:23)&#10;"><![CDATA[Given Open Datafusion Project to configure pipeline.........................passed
When Source is GCS..........................................................passed
Then Open GCS source properties.............................................passed
Then Enter GCS property projectId and reference name........................passed
Then Enter GCS property path "gcsInvalidBucketName".........................passed
Then Select GCS property format "csv".......................................passed
Then Verify invalid bucket name error message is displayed for bucket "gcsInvalidBucketName".failed

StackTrace:
org.openqa.selenium.NoSuchElementException: no such element: Unable to locate element: {"method":"xpath","selector":"//*[@data-cy='path']/following-sibling::div[@data-cy='property-row-error']"}
  (Session info: headless chrome=92.0.4515.159)
For documentation on this error, please visit: https://selenium.dev/exceptions/#no_such_element
Build info: version: '4.0.0-rc-1', revision: 'bc5511cbda'
System info: host: 'runner-deployment-build-data-integrations-e2e-69959c6456-ggvwl', ip: '10.116.13.8', os.name: 'Linux', os.arch: 'amd64', os.version: '5.4.144+', java.version: '1.8.0_292'
Driver info: org.openqa.selenium.chrome.ChromeDriver
Command: [9e8ca9a50608391995e192d0194ed21a, findElement {using=xpath, value=//*[@data-cy='path']/following-sibling::div[@data-cy='property-row-error']}]
Capabilities {acceptInsecureCerts: false, browserName: chrome, browserVersion: 92.0.4515.159, chrome: {chromedriverVersion: 92.0.4515.107 (87a818b10553..., userDataDir: /tmp/.com.google.Chrome.QKk6jW}, goog:chromeOptions: {debuggerAddress: localhost:32931}, javascriptEnabled: true, networkConnectionEnabled: false, pageLoadStrategy: normal, platform: LINUX, platformName: LINUX, proxy: Proxy(), se:cdp: ws://localhost:32931/devtoo..., se:cdpVersion: 92.0.4515.159, setWindowRect: true, strictFileInteractability: false, timeouts: {implicit: 0, pageLoad: 300000, script: 30000}, unhandledPromptBehavior: dismiss and notify, webauthn:extension:credBlob: true, webauthn:extension:largeBlob: true, webauthn:virtualAuthenticators: true}
Session ID: 9e8ca9a50608391995e192d0194ed21a
	at sun.reflect.GeneratedConstructorAccessor36.newInstance(Unknown Source)
	at sun.reflect.DelegatingConstructorAccessorImpl.newInstance(DelegatingConstructorAccessorImpl.java:45)
	at java.lang.reflect.Constructor.newInstance(Constructor.java:423)
	at org.openqa.selenium.remote.codec.w3c.W3CHttpResponseCodec.createException(W3CHttpResponseCodec.java:200)
	at org.openqa.selenium.remote.codec.w3c.W3CHttpResponseCodec.decode(W3CHttpResponseCodec.java:133)
	at org.openqa.selenium.remote.codec.w3c.W3CHttpResponseCodec.decode(W3CHttpResponseCodec.java:53)
	at org.openqa.selenium.remote.HttpCommandExecutor.execute(HttpCommandExecutor.java:184)
	at org.openqa.selenium.remote.service.DriverCommandExecutor.invokeExecute(DriverCommandExecutor.java:164)
	at org.openqa.selenium.remote.service.DriverCommandExecutor.execute(DriverCommandExecutor.java:139)
	at org.openqa.selenium.remote.RemoteWebDriver.execute(RemoteWebDriver.java:547)
	at org.openqa.selenium.remote.ElementLocation$ElementFinder$2.findElement(ElementLocation.java:162)
	at org.openqa.selenium.remote.ElementLocation.findElement(ElementLocation.java:60)
	at org.openqa.selenium.remote.RemoteWebDriver.findElement(RemoteWebDriver.java:381)
	at org.openqa.selenium.remote.RemoteWebDriver.findElement(RemoteWebDriver.java:373)
	at io.cdap.e2e.utils.PluginPropertyUtils.findPropertyErrorElement(PluginPropertyUtils.java:64)
	at io.cdap.plugin.gcs.stepsdesign.GCSBase.verifyInvalidBucketNameErrorMessageIsDisplayedForBucket(GCSBase.java:97)
	at ✽.Verify invalid bucket name error message is displayed for bucket "gcsInvalidBucketName"(file:src/e2e-test/features/gcs/source/GCSSourceError.feature:23)
]]></failure>
</testcase>
<testcase classname="GCS source - Verify GCS Source plugin error scenarios" name="To verify Error message for incorrect output path field value" time="62.411353">
<failure message="org.openqa.selenium.NoSuchElementException: no such element: Unable to locate element: {&quot;method&quot;:&quot;xpath&quot;,&quot;selector&quot;:&quot;//*[@data-cy='pathField']/following-sibling::div[@data-cy='property-row-error']&quot;}&#10;  (Session info: headless chrome=92.0.4515.159)&#10;For documentation on this error, please visit: https://selenium.dev/exceptions/#no_such_element&#10;Build info: version: '4.0.0-rc-1', revision: 'bc5511cbda'&#10;System info: host: 'runner-deployment-build-data-integrations-e2e-69959c6456-ggvwl', ip: '10.116.13.8', os.name: 'Linux', os.arch: 'amd64', os.version: '5.4.144+', java.version: '1.8.0_292'&#10;Driver info: org.openqa.selenium.chrome.ChromeDriver&#10;Command: [9e8ca9a50608391995e192d0194ed21a, findElement {using=xpath, value=//*[@data-cy='pathField']/following-sibling::div[@data-cy='property-row-error']}]&#10;Capabilities {acceptInsecureCerts: false, browserName: chrome, browserVersion: 92.0.4515.159, chrome: {chromedriverVersion: 92.0.4515.107 (87a818b10553..., userDataDir: /tmp/.com.google.Chrome.QKk6jW}, goog:chromeOptions: {debuggerAddress: localhost:32931}, javascriptEnabled: true, networkConnectionEnabled: false, pageLoadStrategy: normal, platform: LINUX, platformName: LINUX, proxy: Proxy(), se:cdp: ws://localhost:32931/devtoo..., se:cdpVersion: 92.0.4515.159, setWindowRect: true, strictFileInteractability: false, timeouts: {implicit: 0, pageLoad: 300000, script: 30000}, unhandledPromptBehavior: dismiss and notify, webauthn:extension:credBlob: true, webauthn:extension:largeBlob: true, webauthn:virtualAuthenticators: true}&#10;Session ID: 9e8ca9a50608391995e192d0194ed21a&#10;&#9;at sun.reflect.GeneratedConstructorAccessor36.newInstance(Unknown Source)&#10;&#9;at sun.reflect.DelegatingConstructorAccessorImpl.newInstance(DelegatingConstructorAccessorImpl.java:45)&#10;&#9;at java.lang.reflect.Constructor.newInstance(Constructor.java:423)&#10;&#9;at org.openqa.selenium.remote.codec.w3c.W3CHttpResponseCodec.createException(W3CHttpResponseCodec.java:200)&#10;&#9;at org.openqa.selenium.remote.codec.w3c.W3CHttpResponseCodec.decode(W3CHttpResponseCodec.java:133)&#10;&#9;at org.openqa.selenium.remote.codec.w3c.W3CHttpResponseCodec.decode(W3CHttpResponseCodec.java:53)&#10;&#9;at org.openqa.selenium.remote.HttpCommandExecutor.execute(HttpCommandExecutor.java:184)&#10;&#9;at org.openqa.selenium.remote.service.DriverCommandExecutor.invokeExecute(DriverCommandExecutor.java:164)&#10;&#9;at org.openqa.selenium.remote.service.DriverCommandExecutor.execute(DriverCommandExecutor.java:139)&#10;&#9;at org.openqa.selenium.remote.RemoteWebDriver.execute(RemoteWebDriver.java:547)&#10;&#9;at org.openqa.selenium.remote.ElementLocation$ElementFinder$2.findElement(ElementLocation.java:162)&#10;&#9;at org.openqa.selenium.remote.ElementLocation.findElement(ElementLocation.java:60)&#10;&#9;at org.openqa.selenium.remote.RemoteWebDriver.findElement(RemoteWebDriver.java:381)&#10;&#9;at org.openqa.selenium.remote.RemoteWebDriver.findElement(RemoteWebDriver.java:373)&#10;&#9;at io.cdap.e2e.utils.PluginPropertyUtils.findPropertyErrorElement(PluginPropertyUtils.java:64)&#10;&#9;at io.cdap.plugin.gcs.stepsdesign.GCSBase.verifyOutputPathFieldErrorMessageForIncorrectPathField(GCSBase.java:121)&#10;&#9;at ✽.Verify Output Path field Error Message for incorrect path field &quot;gcsInvalidPathField&quot;(file:src/e2e-test/features/gcs/source/GCSSourceError.feature:34)&#10;"><![CDATA[Given Open Datafusion Project to configure pipeline.........................passed
When Source is GCS..........................................................passed
Then Open GCS source properties.............................................passed
Then Enter GCS property projectId and reference name........................passed
Then Enter GCS source property path "gcsOutputFieldTestFile"................passed
Then Select GCS property format "csv".......................................passed
Then Enter GCS source property path field "gcsInvalidPathField".............passed
Then Verify Output Path field Error Message for incorrect path field "gcsInvalidPathField".failed

StackTrace:
org.openqa.selenium.NoSuchElementException: no such element: Unable to locate element: {"method":"xpath","selector":"//*[@data-cy='pathField']/following-sibling::div[@data-cy='property-row-error']"}
  (Session info: headless chrome=92.0.4515.159)
For documentation on this error, please visit: https://selenium.dev/exceptions/#no_such_element
Build info: version: '4.0.0-rc-1', revision: 'bc5511cbda'
System info: host: 'runner-deployment-build-data-integrations-e2e-69959c6456-ggvwl', ip: '10.116.13.8', os.name: 'Linux', os.arch: 'amd64', os.version: '5.4.144+', java.version: '1.8.0_292'
Driver info: org.openqa.selenium.chrome.ChromeDriver
Command: [9e8ca9a50608391995e192d0194ed21a, findElement {using=xpath, value=//*[@data-cy='pathField']/following-sibling::div[@data-cy='property-row-error']}]
Capabilities {acceptInsecureCerts: false, browserName: chrome, browserVersion: 92.0.4515.159, chrome: {chromedriverVersion: 92.0.4515.107 (87a818b10553..., userDataDir: /tmp/.com.google.Chrome.QKk6jW}, goog:chromeOptions: {debuggerAddress: localhost:32931}, javascriptEnabled: true, networkConnectionEnabled: false, pageLoadStrategy: normal, platform: LINUX, platformName: LINUX, proxy: Proxy(), se:cdp: ws://localhost:32931/devtoo..., se:cdpVersion: 92.0.4515.159, setWindowRect: true, strictFileInteractability: false, timeouts: {implicit: 0, pageLoad: 300000, script: 30000}, unhandledPromptBehavior: dismiss and notify, webauthn:extension:credBlob: true, webauthn:extension:largeBlob: true, webauthn:virtualAuthenticators: true}
Session ID: 9e8ca9a50608391995e192d0194ed21a
	at sun.reflect.GeneratedConstructorAccessor36.newInstance(Unknown Source)
	at sun.reflect.DelegatingConstructorAccessorImpl.newInstance(DelegatingConstructorAccessorImpl.java:45)
	at java.lang.reflect.Constructor.newInstance(Constructor.java:423)
	at org.openqa.selenium.remote.codec.w3c.W3CHttpResponseCodec.createException(W3CHttpResponseCodec.java:200)
	at org.openqa.selenium.remote.codec.w3c.W3CHttpResponseCodec.decode(W3CHttpResponseCodec.java:133)
	at org.openqa.selenium.remote.codec.w3c.W3CHttpResponseCodec.decode(W3CHttpResponseCodec.java:53)
	at org.openqa.selenium.remote.HttpCommandExecutor.execute(HttpCommandExecutor.java:184)
	at org.openqa.selenium.remote.service.DriverCommandExecutor.invokeExecute(DriverCommandExecutor.java:164)
	at org.openqa.selenium.remote.service.DriverCommandExecutor.execute(DriverCommandExecutor.java:139)
	at org.openqa.selenium.remote.RemoteWebDriver.execute(RemoteWebDriver.java:547)
	at org.openqa.selenium.remote.ElementLocation$ElementFinder$2.findElement(ElementLocation.java:162)
	at org.openqa.selenium.remote.ElementLocation.findElement(ElementLocation.java:60)
	at org.openqa.selenium.remote.RemoteWebDriver.findElement(RemoteWebDriver.java:381)
	at org.openqa.selenium.remote.RemoteWebDriver.findElement(RemoteWebDriver.java:373)
	at io.cdap.e2e.utils.PluginPropertyUtils.findPropertyErrorElement(PluginPropertyUtils.java:64)
	at io.cdap.plugin.gcs.stepsdesign.GCSBase.verifyOutputPathFieldErrorMessageForIncorrectPathField(GCSBase.java:121)
	at ✽.Verify Output Path field Error Message for incorrect path field "gcsInvalidPathField"(file:src/e2e-test/features/gcs/source/GCSSourceError.feature:34)
]]></failure>
</testcase>
<testcase classname="GCS source - Verify GCS Source plugin error scenarios" name="To verify Error for incorrect delimiter" time="62.686016">
<failure message="org.openqa.selenium.NoSuchElementException: no such element: Unable to locate element: {&quot;method&quot;:&quot;xpath&quot;,&quot;selector&quot;:&quot;//*[@data-cy='plugin-validation-error-msg']&quot;}&#10;  (Session info: headless chrome=92.0.4515.159)&#10;For documentation on this error, please visit: https://selenium.dev/exceptions/#no_such_element&#10;Build info: version: '4.0.0-rc-1', revision: 'bc5511cbda'&#10;System info: host: 'runner-deployment-build-data-integrations-e2e-69959c6456-ggvwl', ip: '10.116.13.8', os.name: 'Linux', os.arch: 'amd64', os.version: '5.4.144+', java.version: '1.8.0_292'&#10;Driver info: org.openqa.selenium.chrome.ChromeDriver&#10;Command: [9e8ca9a50608391995e192d0194ed21a, findElement {using=xpath, value=//*[@data-cy='plugin-validation-error-msg']}]&#10;Capabilities {acceptInsecureCerts: false, browserName: chrome, browserVersion: 92.0.4515.159, chrome: {chromedriverVersion: 92.0.4515.107 (87a818b10553..., userDataDir: /tmp/.com.google.Chrome.QKk6jW}, goog:chromeOptions: {debuggerAddress: localhost:32931}, javascriptEnabled: true, networkConnectionEnabled: false, pageLoadStrategy: normal, platform: LINUX, platformName: LINUX, proxy: Proxy(), se:cdp: ws://localhost:32931/devtoo..., se:cdpVersion: 92.0.4515.159, setWindowRect: true, strictFileInteractability: false, timeouts: {implicit: 0, pageLoad: 300000, script: 30000}, unhandledPromptBehavior: dismiss and notify, webauthn:extension:credBlob: true, webauthn:extension:largeBlob: true, webauthn:virtualAuthenticators: true}&#10;Session ID: 9e8ca9a50608391995e192d0194ed21a&#10;&#9;at sun.reflect.GeneratedConstructorAccessor36.newInstance(Unknown Source)&#10;&#9;at sun.reflect.DelegatingConstructorAccessorImpl.newInstance(DelegatingConstructorAccessorImpl.java:45)&#10;&#9;at java.lang.reflect.Constructor.newInstance(Constructor.java:423)&#10;&#9;at org.openqa.selenium.remote.codec.w3c.W3CHttpResponseCodec.createException(W3CHttpResponseCodec.java:200)&#10;&#9;at org.openqa.selenium.remote.codec.w3c.W3CHttpResponseCodec.decode(W3CHttpResponseCodec.java:133)&#10;&#9;at org.openqa.selenium.remote.codec.w3c.W3CHttpResponseCodec.decode(W3CHttpResponseCodec.java:53)&#10;&#9;at org.openqa.selenium.remote.HttpCommandExecutor.execute(HttpCommandExecutor.java:184)&#10;&#9;at org.openqa.selenium.remote.service.DriverCommandExecutor.invokeExecute(DriverCommandExecutor.java:164)&#10;&#9;at org.openqa.selenium.remote.service.DriverCommandExecutor.execute(DriverCommandExecutor.java:139)&#10;&#9;at org.openqa.selenium.remote.RemoteWebDriver.execute(RemoteWebDriver.java:547)&#10;&#9;at org.openqa.selenium.remote.ElementLocation$ElementFinder$2.findElement(ElementLocation.java:162)&#10;&#9;at org.openqa.selenium.remote.ElementLocation.findElement(ElementLocation.java:60)&#10;&#9;at org.openqa.selenium.remote.RemoteWebDriver.findElement(RemoteWebDriver.java:381)&#10;&#9;at org.openqa.selenium.remote.RemoteWebDriver.findElement(RemoteWebDriver.java:373)&#10;&#9;at org.openqa.selenium.support.pagefactory.DefaultElementLocator.findElement(DefaultElementLocator.java:70)&#10;&#9;at org.openqa.selenium.support.pagefactory.internal.LocatingElementHandler.invoke(LocatingElementHandler.java:39)&#10;&#9;at com.sun.proxy.$Proxy21.getText(Unknown Source)&#10;&#9;at io.cdap.plugin.gcs.stepsdesign.GCSBase.verifyGetSchemaFailsWithError(GCSBase.java:111)&#10;&#9;at ✽.Verify get schema fails with error(file:src/e2e-test/features/gcs/source/GCSSourceError.feature:46)&#10;"><![CDATA[Given Open Datafusion Project to configure pipeline.........................passed
When Source is GCS..........................................................passed
Then Open GCS source properties.............................................passed
Then Enter GCS property projectId and reference name........................passed
Then Enter GCS source property path "gcsDelimitedFile"......................passed
Then Select GCS property format "delimited".................................passed
Then Enter GCS property delimiter "gcsIncorrectDelimiter"...................passed
Then Toggle GCS source property skip header to true.........................passed
Then Verify get schema fails with error.....................................failed

StackTrace:
org.openqa.selenium.NoSuchElementException: no such element: Unable to locate element: {"method":"xpath","selector":"//*[@data-cy='plugin-validation-error-msg']"}
  (Session info: headless chrome=92.0.4515.159)
For documentation on this error, please visit: https://selenium.dev/exceptions/#no_such_element
Build info: version: '4.0.0-rc-1', revision: 'bc5511cbda'
System info: host: 'runner-deployment-build-data-integrations-e2e-69959c6456-ggvwl', ip: '10.116.13.8', os.name: 'Linux', os.arch: 'amd64', os.version: '5.4.144+', java.version: '1.8.0_292'
Driver info: org.openqa.selenium.chrome.ChromeDriver
Command: [9e8ca9a50608391995e192d0194ed21a, findElement {using=xpath, value=//*[@data-cy='plugin-validation-error-msg']}]
Capabilities {acceptInsecureCerts: false, browserName: chrome, browserVersion: 92.0.4515.159, chrome: {chromedriverVersion: 92.0.4515.107 (87a818b10553..., userDataDir: /tmp/.com.google.Chrome.QKk6jW}, goog:chromeOptions: {debuggerAddress: localhost:32931}, javascriptEnabled: true, networkConnectionEnabled: false, pageLoadStrategy: normal, platform: LINUX, platformName: LINUX, proxy: Proxy(), se:cdp: ws://localhost:32931/devtoo..., se:cdpVersion: 92.0.4515.159, setWindowRect: true, strictFileInteractability: false, timeouts: {implicit: 0, pageLoad: 300000, script: 30000}, unhandledPromptBehavior: dismiss and notify, webauthn:extension:credBlob: true, webauthn:extension:largeBlob: true, webauthn:virtualAuthenticators: true}
Session ID: 9e8ca9a50608391995e192d0194ed21a
	at sun.reflect.GeneratedConstructorAccessor36.newInstance(Unknown Source)
	at sun.reflect.DelegatingConstructorAccessorImpl.newInstance(DelegatingConstructorAccessorImpl.java:45)
	at java.lang.reflect.Constructor.newInstance(Constructor.java:423)
	at org.openqa.selenium.remote.codec.w3c.W3CHttpResponseCodec.createException(W3CHttpResponseCodec.java:200)
	at org.openqa.selenium.remote.codec.w3c.W3CHttpResponseCodec.decode(W3CHttpResponseCodec.java:133)
	at org.openqa.selenium.remote.codec.w3c.W3CHttpResponseCodec.decode(W3CHttpResponseCodec.java:53)
	at org.openqa.selenium.remote.HttpCommandExecutor.execute(HttpCommandExecutor.java:184)
	at org.openqa.selenium.remote.service.DriverCommandExecutor.invokeExecute(DriverCommandExecutor.java:164)
	at org.openqa.selenium.remote.service.DriverCommandExecutor.execute(DriverCommandExecutor.java:139)
	at org.openqa.selenium.remote.RemoteWebDriver.execute(RemoteWebDriver.java:547)
	at org.openqa.selenium.remote.ElementLocation$ElementFinder$2.findElement(ElementLocation.java:162)
	at org.openqa.selenium.remote.ElementLocation.findElement(ElementLocation.java:60)
	at org.openqa.selenium.remote.RemoteWebDriver.findElement(RemoteWebDriver.java:381)
	at org.openqa.selenium.remote.RemoteWebDriver.findElement(RemoteWebDriver.java:373)
	at org.openqa.selenium.support.pagefactory.DefaultElementLocator.findElement(DefaultElementLocator.java:70)
	at org.openqa.selenium.support.pagefactory.internal.LocatingElementHandler.invoke(LocatingElementHandler.java:39)
	at com.sun.proxy.$Proxy21.getText(Unknown Source)
	at io.cdap.plugin.gcs.stepsdesign.GCSBase.verifyGetSchemaFailsWithError(GCSBase.java:111)
	at ✽.Verify get schema fails with error(file:src/e2e-test/features/gcs/source/GCSSourceError.feature:46)
]]></failure>
</testcase>
<testcase classname="GCS source - Verify GCS Source plugin error scenarios" name="To verify Error for incorrect override field" time="63.105049">
<failure message="org.openqa.selenium.NoSuchElementException: no such element: Unable to locate element: {&quot;method&quot;:&quot;xpath&quot;,&quot;selector&quot;:&quot;//*[@data-cy='plugin-validation-error-msg']&quot;}&#10;  (Session info: headless chrome=92.0.4515.159)&#10;For documentation on this error, please visit: https://selenium.dev/exceptions/#no_such_element&#10;Build info: version: '4.0.0-rc-1', revision: 'bc5511cbda'&#10;System info: host: 'runner-deployment-build-data-integrations-e2e-69959c6456-ggvwl', ip: '10.116.13.8', os.name: 'Linux', os.arch: 'amd64', os.version: '5.4.144+', java.version: '1.8.0_292'&#10;Driver info: org.openqa.selenium.chrome.ChromeDriver&#10;Command: [9e8ca9a50608391995e192d0194ed21a, findElement {using=xpath, value=//*[@data-cy='plugin-validation-error-msg']}]&#10;Capabilities {acceptInsecureCerts: false, browserName: chrome, browserVersion: 92.0.4515.159, chrome: {chromedriverVersion: 92.0.4515.107 (87a818b10553..., userDataDir: /tmp/.com.google.Chrome.QKk6jW}, goog:chromeOptions: {debuggerAddress: localhost:32931}, javascriptEnabled: true, networkConnectionEnabled: false, pageLoadStrategy: normal, platform: LINUX, platformName: LINUX, proxy: Proxy(), se:cdp: ws://localhost:32931/devtoo..., se:cdpVersion: 92.0.4515.159, setWindowRect: true, strictFileInteractability: false, timeouts: {implicit: 0, pageLoad: 300000, script: 30000}, unhandledPromptBehavior: dismiss and notify, webauthn:extension:credBlob: true, webauthn:extension:largeBlob: true, webauthn:virtualAuthenticators: true}&#10;Session ID: 9e8ca9a50608391995e192d0194ed21a&#10;&#9;at sun.reflect.GeneratedConstructorAccessor36.newInstance(Unknown Source)&#10;&#9;at sun.reflect.DelegatingConstructorAccessorImpl.newInstance(DelegatingConstructorAccessorImpl.java:45)&#10;&#9;at java.lang.reflect.Constructor.newInstance(Constructor.java:423)&#10;&#9;at org.openqa.selenium.remote.codec.w3c.W3CHttpResponseCodec.createException(W3CHttpResponseCodec.java:200)&#10;&#9;at org.openqa.selenium.remote.codec.w3c.W3CHttpResponseCodec.decode(W3CHttpResponseCodec.java:133)&#10;&#9;at org.openqa.selenium.remote.codec.w3c.W3CHttpResponseCodec.decode(W3CHttpResponseCodec.java:53)&#10;&#9;at org.openqa.selenium.remote.HttpCommandExecutor.execute(HttpCommandExecutor.java:184)&#10;&#9;at org.openqa.selenium.remote.service.DriverCommandExecutor.invokeExecute(DriverCommandExecutor.java:164)&#10;&#9;at org.openqa.selenium.remote.service.DriverCommandExecutor.execute(DriverCommandExecutor.java:139)&#10;&#9;at org.openqa.selenium.remote.RemoteWebDriver.execute(RemoteWebDriver.java:547)&#10;&#9;at org.openqa.selenium.remote.ElementLocation$ElementFinder$2.findElement(ElementLocation.java:162)&#10;&#9;at org.openqa.selenium.remote.ElementLocation.findElement(ElementLocation.java:60)&#10;&#9;at org.openqa.selenium.remote.RemoteWebDriver.findElement(RemoteWebDriver.java:381)&#10;&#9;at org.openqa.selenium.remote.RemoteWebDriver.findElement(RemoteWebDriver.java:373)&#10;&#9;at org.openqa.selenium.support.pagefactory.DefaultElementLocator.findElement(DefaultElementLocator.java:70)&#10;&#9;at org.openqa.selenium.support.pagefactory.internal.LocatingElementHandler.invoke(LocatingElementHandler.java:39)&#10;&#9;at com.sun.proxy.$Proxy21.getText(Unknown Source)&#10;&#9;at io.cdap.plugin.gcs.stepsdesign.GCSBase.verifyGetSchemaFailsWithError(GCSBase.java:111)&#10;&#9;at ✽.Verify get schema fails with error(file:src/e2e-test/features/gcs/source/GCSSourceError.feature:58)&#10;"><![CDATA[Given Open Datafusion Project to configure pipeline.........................passed
When Source is GCS..........................................................passed
Then Open GCS source properties.............................................passed
Then Enter GCS property projectId and reference name........................passed
Then Enter GCS source property path "gcsOutputFieldTestFile"................passed
Then Select GCS property format "csv".......................................passed
Then Enter GCS source property override field "gcsInvalidOverrideField" and data type "gcsOverrideDataType".passed
Then Toggle GCS source property skip header to true.........................passed
Then Verify get schema fails with error.....................................failed

StackTrace:
org.openqa.selenium.NoSuchElementException: no such element: Unable to locate element: {"method":"xpath","selector":"//*[@data-cy='plugin-validation-error-msg']"}
  (Session info: headless chrome=92.0.4515.159)
For documentation on this error, please visit: https://selenium.dev/exceptions/#no_such_element
Build info: version: '4.0.0-rc-1', revision: 'bc5511cbda'
System info: host: 'runner-deployment-build-data-integrations-e2e-69959c6456-ggvwl', ip: '10.116.13.8', os.name: 'Linux', os.arch: 'amd64', os.version: '5.4.144+', java.version: '1.8.0_292'
Driver info: org.openqa.selenium.chrome.ChromeDriver
Command: [9e8ca9a50608391995e192d0194ed21a, findElement {using=xpath, value=//*[@data-cy='plugin-validation-error-msg']}]
Capabilities {acceptInsecureCerts: false, browserName: chrome, browserVersion: 92.0.4515.159, chrome: {chromedriverVersion: 92.0.4515.107 (87a818b10553..., userDataDir: /tmp/.com.google.Chrome.QKk6jW}, goog:chromeOptions: {debuggerAddress: localhost:32931}, javascriptEnabled: true, networkConnectionEnabled: false, pageLoadStrategy: normal, platform: LINUX, platformName: LINUX, proxy: Proxy(), se:cdp: ws://localhost:32931/devtoo..., se:cdpVersion: 92.0.4515.159, setWindowRect: true, strictFileInteractability: false, timeouts: {implicit: 0, pageLoad: 300000, script: 30000}, unhandledPromptBehavior: dismiss and notify, webauthn:extension:credBlob: true, webauthn:extension:largeBlob: true, webauthn:virtualAuthenticators: true}
Session ID: 9e8ca9a50608391995e192d0194ed21a
	at sun.reflect.GeneratedConstructorAccessor36.newInstance(Unknown Source)
	at sun.reflect.DelegatingConstructorAccessorImpl.newInstance(DelegatingConstructorAccessorImpl.java:45)
	at java.lang.reflect.Constructor.newInstance(Constructor.java:423)
	at org.openqa.selenium.remote.codec.w3c.W3CHttpResponseCodec.createException(W3CHttpResponseCodec.java:200)
	at org.openqa.selenium.remote.codec.w3c.W3CHttpResponseCodec.decode(W3CHttpResponseCodec.java:133)
	at org.openqa.selenium.remote.codec.w3c.W3CHttpResponseCodec.decode(W3CHttpResponseCodec.java:53)
	at org.openqa.selenium.remote.HttpCommandExecutor.execute(HttpCommandExecutor.java:184)
	at org.openqa.selenium.remote.service.DriverCommandExecutor.invokeExecute(DriverCommandExecutor.java:164)
	at org.openqa.selenium.remote.service.DriverCommandExecutor.execute(DriverCommandExecutor.java:139)
	at org.openqa.selenium.remote.RemoteWebDriver.execute(RemoteWebDriver.java:547)
	at org.openqa.selenium.remote.ElementLocation$ElementFinder$2.findElement(ElementLocation.java:162)
	at org.openqa.selenium.remote.ElementLocation.findElement(ElementLocation.java:60)
	at org.openqa.selenium.remote.RemoteWebDriver.findElement(RemoteWebDriver.java:381)
	at org.openqa.selenium.remote.RemoteWebDriver.findElement(RemoteWebDriver.java:373)
	at org.openqa.selenium.support.pagefactory.DefaultElementLocator.findElement(DefaultElementLocator.java:70)
	at org.openqa.selenium.support.pagefactory.internal.LocatingElementHandler.invoke(LocatingElementHandler.java:39)
	at com.sun.proxy.$Proxy21.getText(Unknown Source)
	at io.cdap.plugin.gcs.stepsdesign.GCSBase.verifyGetSchemaFailsWithError(GCSBase.java:111)
	at ✽.Verify get schema fails with error(file:src/e2e-test/features/gcs/source/GCSSourceError.feature:58)
]]></failure>
</testcase>
<testcase classname="GCS source - Verify GCS Source plugin error scenarios" name="To verify Pipeline preview gets failed for incorrect Regex-Path" time="14.186836">
<failure message="java.lang.AssertionError: Schema displayed on UI should match with expected Schema&#10;&#9;at org.junit.Assert.fail(Assert.java:89)&#10;&#9;at org.junit.Assert.assertTrue(Assert.java:42)&#10;&#9;at io.cdap.e2e.utils.CdfHelper.validateSchema(CdfHelper.java:186)&#10;&#9;at stepsdesign.PipelineSteps.validateOutputSchemaWithExpectedSchema(PipelineSteps.java:104)&#10;&#9;at ✽.Validate output schema with expectedSchema &quot;gcsCsvFileSchema&quot;(file:src/e2e-test/features/gcs/source/GCSSourceError.feature:72)&#10;"><![CDATA[Given Open Datafusion Project to configure pipeline.........................passed
When Source is GCS..........................................................passed
When Sink is BigQuery.......................................................passed
Then Connect source as "GCS" and sink as "BigQuery" to establish connection.passed
Then Open GCS source properties.............................................passed
Then Enter GCS property projectId and reference name........................passed
Then Enter GCS source property path "gcsCsvFile"............................passed
Then Select GCS property format "csv".......................................passed
Then Enter GCS source property regex path filter "gcsIncorrectRegexPath"....passed
Then Toggle GCS source property skip header to true.........................passed
Then Validate output schema with expectedSchema "gcsCsvFileSchema"..........failed
Then Validate "GCS" plugin properties.......................................skipped
Then Close the GCS properties...............................................skipped
Then Open BigQuery sink properties..........................................skipped
Then Enter the BigQuery sink mandatory properties...........................skipped
Then Validate "BigQuery" plugin properties..................................skipped
Then Close the BigQuery properties..........................................skipped
Then Save the pipeline......................................................skipped
Then Preview and run the pipeline...........................................skipped
Then Verify the preview of pipeline is "failed".............................skipped

StackTrace:
java.lang.AssertionError: Schema displayed on UI should match with expected Schema
	at org.junit.Assert.fail(Assert.java:89)
	at org.junit.Assert.assertTrue(Assert.java:42)
	at io.cdap.e2e.utils.CdfHelper.validateSchema(CdfHelper.java:186)
	at stepsdesign.PipelineSteps.validateOutputSchemaWithExpectedSchema(PipelineSteps.java:104)
	at ✽.Validate output schema with expectedSchema "gcsCsvFileSchema"(file:src/e2e-test/features/gcs/source/GCSSourceError.feature:72)
]]></failure>
</testcase>
<testcase classname="GCS source - Verification of GCS to BQ successful data transfer" name="To verify data is getting transferred from GCS to BigQuery with Mandatory fields" time="13.666696">
<failure message="java.lang.AssertionError: Schema displayed on UI should match with expected Schema&#10;&#9;at org.junit.Assert.fail(Assert.java:89)&#10;&#9;at org.junit.Assert.assertTrue(Assert.java:42)&#10;&#9;at io.cdap.e2e.utils.CdfHelper.validateSchema(CdfHelper.java:186)&#10;&#9;at stepsdesign.PipelineSteps.validateOutputSchemaWithExpectedSchema(PipelineSteps.java:104)&#10;&#9;at ✽.Validate output schema with expectedSchema &quot;gcsCsvFileSchema&quot;(file:src/e2e-test/features/gcs/source/GCSSourceToBigQuery.feature:15)&#10;"><![CDATA[Given Open Datafusion Project to configure pipeline.........................passed
When Source is GCS..........................................................passed
When Sink is BigQuery.......................................................passed
Then Connect source as "GCS" and sink as "BigQuery" to establish connection.passed
Then Open GCS source properties.............................................passed
Then Enter GCS property projectId and reference name........................passed
Then Enter GCS source property path "gcsCsvFile"............................passed
Then Toggle GCS source property skip header to true.........................passed
Then Select GCS property format "csv".......................................passed
Then Validate output schema with expectedSchema "gcsCsvFileSchema"..........failed
Then Validate "GCS" plugin properties.......................................skipped
Then Close the GCS properties...............................................skipped
Then Open BigQuery sink properties..........................................skipped
Then Enter the BigQuery sink mandatory properties...........................skipped
Then Validate "BigQuery" plugin properties..................................skipped
Then Close the BigQuery properties..........................................skipped
Then Save the pipeline......................................................skipped
Then Preview and run the pipeline...........................................skipped
Then Verify the preview of pipeline is "success"............................skipped
Then Click on preview data for BigQuery sink................................skipped
Then Verify preview output schema matches the outputSchema captured in properties.skipped
Then Close the preview data.................................................skipped
Then Deploy the pipeline....................................................skipped
Then Run the Pipeline in Runtime............................................skipped
Then Wait till pipeline is in running state.................................skipped
Then Open and capture logs..................................................skipped
Then Verify the pipeline status is "Succeeded"..............................skipped
Then Get count of no of records transferred to target BigQuery Table........skipped

StackTrace:
java.lang.AssertionError: Schema displayed on UI should match with expected Schema
	at org.junit.Assert.fail(Assert.java:89)
	at org.junit.Assert.assertTrue(Assert.java:42)
	at io.cdap.e2e.utils.CdfHelper.validateSchema(CdfHelper.java:186)
	at stepsdesign.PipelineSteps.validateOutputSchemaWithExpectedSchema(PipelineSteps.java:104)
	at ✽.Validate output schema with expectedSchema "gcsCsvFileSchema"(file:src/e2e-test/features/gcs/source/GCSSourceToBigQuery.feature:15)
]]></failure>
</testcase>
<testcase classname="GCS source - Verification of GCS to BQ successful data transfer" name="To verify successful data transfer from GCS to BigQuery with outputField" time="14.883493">
<failure message="java.lang.AssertionError: Schema displayed on UI should match with expected Schema&#10;&#9;at org.junit.Assert.fail(Assert.java:89)&#10;&#9;at org.junit.Assert.assertTrue(Assert.java:42)&#10;&#9;at io.cdap.e2e.utils.CdfHelper.validateSchema(CdfHelper.java:186)&#10;&#9;at stepsdesign.PipelineSteps.validateOutputSchemaWithExpectedSchema(PipelineSteps.java:104)&#10;&#9;at ✽.Validate output schema with expectedSchema &quot;gcsOutputFieldTestFileSchema&quot;(file:src/e2e-test/features/gcs/source/GCSSourceToBigQuery.feature:47)&#10;"><![CDATA[Given Open Datafusion Project to configure pipeline.........................passed
When Source is GCS..........................................................passed
When Sink is BigQuery.......................................................passed
Then Connect source as "GCS" and sink as "BigQuery" to establish connection.passed
Then Open GCS source properties.............................................passed
Then Enter GCS property projectId and reference name........................passed
Then Enter GCS source property path "gcsOutputFieldTestFile"................passed
Then Select GCS property format "csv".......................................passed
Then Enter GCS source property path field "gcsPathField"....................passed
Then Toggle GCS source property skip header to true.........................passed
Then Validate output schema with expectedSchema "gcsOutputFieldTestFileSchema".failed
Then Validate "GCS" plugin properties.......................................skipped
Then Close the GCS properties...............................................skipped
Then Open BigQuery sink properties..........................................skipped
Then Enter the BigQuery sink mandatory properties...........................skipped
Then Validate "BigQuery" plugin properties..................................skipped
Then Close the BigQuery properties..........................................skipped
Then Save and Deploy Pipeline...............................................skipped
Then Run the Pipeline in Runtime............................................skipped
Then Wait till pipeline is in running state.................................skipped
Then Open and capture logs..................................................skipped
Then Verify the pipeline status is "Succeeded"..............................skipped
Then Get count of no of records transferred to target BigQuery Table........skipped
Then Verify output field "gcsPathField" in target BigQuery table contains path of the source GcsBucket "gcsOutputFieldTestFile".skipped

StackTrace:
java.lang.AssertionError: Schema displayed on UI should match with expected Schema
	at org.junit.Assert.fail(Assert.java:89)
	at org.junit.Assert.assertTrue(Assert.java:42)
	at io.cdap.e2e.utils.CdfHelper.validateSchema(CdfHelper.java:186)
	at stepsdesign.PipelineSteps.validateOutputSchemaWithExpectedSchema(PipelineSteps.java:104)
	at ✽.Validate output schema with expectedSchema "gcsOutputFieldTestFileSchema"(file:src/e2e-test/features/gcs/source/GCSSourceToBigQuery.feature:47)
]]></failure>
</testcase>
<testcase classname="GCS source - Verification of GCS to BQ successful data transfer" name="To verify Successful GCS to BigQuery data transfer with Datatype override" time="14.778281">
<failure message="java.lang.AssertionError: Schema displayed on UI should match with expected Schema&#10;&#9;at org.junit.Assert.fail(Assert.java:89)&#10;&#9;at org.junit.Assert.assertTrue(Assert.java:42)&#10;&#9;at io.cdap.e2e.utils.CdfHelper.validateSchema(CdfHelper.java:186)&#10;&#9;at stepsdesign.PipelineSteps.validateOutputSchemaWithExpectedSchema(PipelineSteps.java:104)&#10;&#9;at ✽.Validate output schema with expectedSchema &quot;gcsOverrideSchema&quot;(file:src/e2e-test/features/gcs/source/GCSSourceToBigQuery.feature:74)&#10;"><![CDATA[Given Open Datafusion Project to configure pipeline.........................passed
When Source is GCS..........................................................passed
When Sink is BigQuery.......................................................passed
Then Connect source as "GCS" and sink as "BigQuery" to establish connection.passed
Then Open GCS source properties.............................................passed
Then Enter GCS property projectId and reference name........................passed
Then Enter GCS source property path "gcsOutputFieldTestFile"................passed
Then Select GCS property format "csv".......................................passed
Then Enter GCS source property override field "gcsOverrideField" and data type "gcsOverrideDataType".passed
Then Toggle GCS source property skip header to true.........................passed
Then Validate output schema with expectedSchema "gcsOverrideSchema".........failed
Then Validate "GCS" plugin properties.......................................skipped
Then Close the GCS properties...............................................skipped
Then Open BigQuery sink properties..........................................skipped
Then Enter the BigQuery sink mandatory properties...........................skipped
Then Validate "BigQuery" plugin properties..................................skipped
Then Close the BigQuery properties..........................................skipped
Then Save and Deploy Pipeline...............................................skipped
Then Run the Pipeline in Runtime............................................skipped
Then Wait till pipeline is in running state.................................skipped
Then Open and capture logs..................................................skipped
Then Verify the pipeline status is "Succeeded"..............................skipped
Then Get count of no of records transferred to target BigQuery Table........skipped
Then Verify datatype of field "gcsOverrideField" is overridden to data type "gcsOverrideDataType" in target BigQuery table.skipped

StackTrace:
java.lang.AssertionError: Schema displayed on UI should match with expected Schema
	at org.junit.Assert.fail(Assert.java:89)
	at org.junit.Assert.assertTrue(Assert.java:42)
	at io.cdap.e2e.utils.CdfHelper.validateSchema(CdfHelper.java:186)
	at stepsdesign.PipelineSteps.validateOutputSchemaWithExpectedSchema(PipelineSteps.java:104)
	at ✽.Validate output schema with expectedSchema "gcsOverrideSchema"(file:src/e2e-test/features/gcs/source/GCSSourceToBigQuery.feature:74)
]]></failure>
</testcase>
<testcase classname="GCS source - Verification of GCS to BQ successful data transfer" name="To verify Successful GCS to BigQuery data transfer with Delimiter" time="14.167352">
<failure message="java.lang.AssertionError: Schema displayed on UI should match with expected Schema&#10;&#9;at org.junit.Assert.fail(Assert.java:89)&#10;&#9;at org.junit.Assert.assertTrue(Assert.java:42)&#10;&#9;at io.cdap.e2e.utils.CdfHelper.validateSchema(CdfHelper.java:186)&#10;&#9;at stepsdesign.PipelineSteps.validateOutputSchemaWithExpectedSchema(PipelineSteps.java:104)&#10;&#9;at ✽.Validate output schema with expectedSchema &quot;gcsDelimitedFileSchema&quot;(file:src/e2e-test/features/gcs/source/GCSSourceToBigQuery.feature:101)&#10;"><![CDATA[Given Open Datafusion Project to configure pipeline.........................passed
When Source is GCS..........................................................passed
When Sink is BigQuery.......................................................passed
Then Connect source as "GCS" and sink as "BigQuery" to establish connection.passed
Then Open GCS source properties.............................................passed
Then Enter GCS property projectId and reference name........................passed
Then Enter GCS source property path "gcsDelimitedFile"......................passed
Then Select GCS property format "delimited".................................passed
Then Enter GCS property delimiter "gcsDelimiter"............................passed
Then Toggle GCS source property skip header to true.........................passed
Then Validate output schema with expectedSchema "gcsDelimitedFileSchema"....failed
Then Validate "GCS" plugin properties.......................................skipped
Then Close the GCS properties...............................................skipped
Then Open BigQuery sink properties..........................................skipped
Then Enter the BigQuery sink mandatory properties...........................skipped
Then Validate "BigQuery" plugin properties..................................skipped
Then Close the BigQuery properties..........................................skipped
Then Save and Deploy Pipeline...............................................skipped
Then Run the Pipeline in Runtime............................................skipped
Then Wait till pipeline is in running state.................................skipped
Then Open and capture logs..................................................skipped
Then Verify the pipeline status is "Succeeded"..............................skipped
Then Get count of no of records transferred to target BigQuery Table........skipped

StackTrace:
java.lang.AssertionError: Schema displayed on UI should match with expected Schema
	at org.junit.Assert.fail(Assert.java:89)
	at org.junit.Assert.assertTrue(Assert.java:42)
	at io.cdap.e2e.utils.CdfHelper.validateSchema(CdfHelper.java:186)
	at stepsdesign.PipelineSteps.validateOutputSchemaWithExpectedSchema(PipelineSteps.java:104)
	at ✽.Validate output schema with expectedSchema "gcsDelimitedFileSchema"(file:src/e2e-test/features/gcs/source/GCSSourceToBigQuery.feature:101)
]]></failure>
</testcase>
<testcase classname="GCS source - Verification of GCS to BQ successful data transfer" name="To verify Successful GCS to BigQuery data transfer with blob file by entering MaxMinSplitSize" time="14.605054">
<failure message="java.lang.AssertionError: Schema displayed on UI should match with expected Schema&#10;&#9;at org.junit.Assert.fail(Assert.java:89)&#10;&#9;at org.junit.Assert.assertTrue(Assert.java:42)&#10;&#9;at io.cdap.e2e.utils.CdfHelper.validateSchema(CdfHelper.java:186)&#10;&#9;at stepsdesign.PipelineSteps.validateOutputSchemaWithExpectedSchema(PipelineSteps.java:104)&#10;&#9;at ✽.Validate output schema with expectedSchema &quot;gcsBlobFileSchema&quot;(file:src/e2e-test/features/gcs/source/GCSSourceToBigQuery.feature:127)&#10;"><![CDATA[Given Open Datafusion Project to configure pipeline.........................passed
When Source is GCS..........................................................passed
When Sink is BigQuery.......................................................passed
Then Connect source as "GCS" and sink as "BigQuery" to establish connection.passed
Then Open GCS source properties.............................................passed
Then Enter GCS property projectId and reference name........................passed
Then Enter GCS source property path "gcsBlobFile"...........................passed
Then Select GCS property format "blob"......................................passed
Then Enter GCS source property minimum split size "gcsMinSplitSize" and maximum split size "gcsMaxSplitSize".passed
Then Toggle GCS source property skip header to true.........................passed
Then Validate output schema with expectedSchema "gcsBlobFileSchema".........failed
Then Validate "GCS" plugin properties.......................................skipped
Then Close the GCS properties...............................................skipped
Then Open BigQuery sink properties..........................................skipped
Then Enter the BigQuery sink mandatory properties...........................skipped
Then Validate "BigQuery" plugin properties..................................skipped
Then Close the BigQuery properties..........................................skipped
Then Save and Deploy Pipeline...............................................skipped
Then Run the Pipeline in Runtime............................................skipped
Then Wait till pipeline is in running state.................................skipped
Then Open and capture logs..................................................skipped
Then Verify the pipeline status is "Succeeded"..............................skipped
Then Get count of no of records transferred to target BigQuery Table........skipped

StackTrace:
java.lang.AssertionError: Schema displayed on UI should match with expected Schema
	at org.junit.Assert.fail(Assert.java:89)
	at org.junit.Assert.assertTrue(Assert.java:42)
	at io.cdap.e2e.utils.CdfHelper.validateSchema(CdfHelper.java:186)
	at stepsdesign.PipelineSteps.validateOutputSchemaWithExpectedSchema(PipelineSteps.java:104)
	at ✽.Validate output schema with expectedSchema "gcsBlobFileSchema"(file:src/e2e-test/features/gcs/source/GCSSourceToBigQuery.feature:127)
]]></failure>
</testcase>
<testcase classname="GCS source - Verification of GCS to BQ successful data transfer" name="To verify Successful GCS to BigQuery data transfer using Regex path filter" time="14.332877">
<failure message="java.lang.AssertionError: Schema displayed on UI should match with expected Schema&#10;&#9;at org.junit.Assert.fail(Assert.java:89)&#10;&#9;at org.junit.Assert.assertTrue(Assert.java:42)&#10;&#9;at io.cdap.e2e.utils.CdfHelper.validateSchema(CdfHelper.java:186)&#10;&#9;at stepsdesign.PipelineSteps.validateOutputSchemaWithExpectedSchema(PipelineSteps.java:104)&#10;&#9;at ✽.Validate output schema with expectedSchema &quot;gcsCsvFileSchema&quot;(file:src/e2e-test/features/gcs/source/GCSSourceToBigQuery.feature:153)&#10;"><![CDATA[Given Open Datafusion Project to configure pipeline.........................passed
When Source is GCS..........................................................passed
When Sink is BigQuery.......................................................passed
Then Connect source as "GCS" and sink as "BigQuery" to establish connection.passed
Then Open GCS source properties.............................................passed
Then Enter GCS property projectId and reference name........................passed
Then Enter GCS source property path "gcsCsvFile"............................passed
Then Select GCS property format "csv".......................................passed
Then Enter GCS source property regex path filter "gcsRegexPathFilter".......passed
Then Toggle GCS source property skip header to true.........................passed
Then Validate output schema with expectedSchema "gcsCsvFileSchema"..........failed
Then Validate "GCS" plugin properties.......................................skipped
Then Close the GCS properties...............................................skipped
Then Open BigQuery sink properties..........................................skipped
Then Enter the BigQuery sink mandatory properties...........................skipped
Then Validate "BigQuery" plugin properties..................................skipped
Then Close the BigQuery properties..........................................skipped
Then Save and Deploy Pipeline...............................................skipped
Then Run the Pipeline in Runtime............................................skipped
Then Wait till pipeline is in running state.................................skipped
Then Open and capture logs..................................................skipped
Then Verify the pipeline status is "Succeeded"..............................skipped
Then Get count of no of records transferred to target BigQuery Table........skipped

StackTrace:
java.lang.AssertionError: Schema displayed on UI should match with expected Schema
	at org.junit.Assert.fail(Assert.java:89)
	at org.junit.Assert.assertTrue(Assert.java:42)
	at io.cdap.e2e.utils.CdfHelper.validateSchema(CdfHelper.java:186)
	at stepsdesign.PipelineSteps.validateOutputSchemaWithExpectedSchema(PipelineSteps.java:104)
	at ✽.Validate output schema with expectedSchema "gcsCsvFileSchema"(file:src/e2e-test/features/gcs/source/GCSSourceToBigQuery.feature:153)
]]></failure>
</testcase>
<testcase classname="GCS source - Validate GCS plugin output schema for different formats" name="GCS Source output schema validation" time="12.20639">
<failure message="java.lang.AssertionError: Schema displayed on UI should match with expected Schema&#10;&#9;at org.junit.Assert.fail(Assert.java:89)&#10;&#9;at org.junit.Assert.assertTrue(Assert.java:42)&#10;&#9;at io.cdap.e2e.utils.CdfHelper.validateSchema(CdfHelper.java:186)&#10;&#9;at stepsdesign.PipelineSteps.validateOutputSchemaWithExpectedSchema(PipelineSteps.java:104)&#10;&#9;at ✽.Validate output schema with expectedSchema &quot;gcsCsvFileSchema&quot;(file:src/e2e-test/features/gcs/source/GCSourceSchema.feature:12)&#10;"><![CDATA[Given Open Datafusion Project to configure pipeline.........................passed
When Source is GCS..........................................................passed
Then Open GCS source properties.............................................passed
Then Enter GCS property projectId and reference name........................passed
Then Enter GCS source property path "gcsCsvFile"............................passed
Then Select GCS property format "csv".......................................passed
Then Toggle GCS source property skip header to true.........................passed
Then Validate output schema with expectedSchema "gcsCsvFileSchema"..........failed

StackTrace:
java.lang.AssertionError: Schema displayed on UI should match with expected Schema
	at org.junit.Assert.fail(Assert.java:89)
	at org.junit.Assert.assertTrue(Assert.java:42)
	at io.cdap.e2e.utils.CdfHelper.validateSchema(CdfHelper.java:186)
	at stepsdesign.PipelineSteps.validateOutputSchemaWithExpectedSchema(PipelineSteps.java:104)
	at ✽.Validate output schema with expectedSchema "gcsCsvFileSchema"(file:src/e2e-test/features/gcs/source/GCSourceSchema.feature:12)
]]></failure>
</testcase>
<testcase classname="GCS source - Validate GCS plugin output schema for different formats" name="GCS Source output schema validation 2" time="11.865469">
<failure message="java.lang.AssertionError: Schema displayed on UI should match with expected Schema&#10;&#9;at org.junit.Assert.fail(Assert.java:89)&#10;&#9;at org.junit.Assert.assertTrue(Assert.java:42)&#10;&#9;at io.cdap.e2e.utils.CdfHelper.validateSchema(CdfHelper.java:186)&#10;&#9;at stepsdesign.PipelineSteps.validateOutputSchemaWithExpectedSchema(PipelineSteps.java:104)&#10;&#9;at ✽.Validate output schema with expectedSchema &quot;gcsTsvFileSchema&quot;(file:src/e2e-test/features/gcs/source/GCSourceSchema.feature:12)&#10;"><![CDATA[Given Open Datafusion Project to configure pipeline.........................passed
When Source is GCS..........................................................passed
Then Open GCS source properties.............................................passed
Then Enter GCS property projectId and reference name........................passed
Then Enter GCS source property path "gcsTsvFile"............................passed
Then Select GCS property format "tsv".......................................passed
Then Toggle GCS source property skip header to true.........................passed
Then Validate output schema with expectedSchema "gcsTsvFileSchema"..........failed

StackTrace:
java.lang.AssertionError: Schema displayed on UI should match with expected Schema
	at org.junit.Assert.fail(Assert.java:89)
	at org.junit.Assert.assertTrue(Assert.java:42)
	at io.cdap.e2e.utils.CdfHelper.validateSchema(CdfHelper.java:186)
	at stepsdesign.PipelineSteps.validateOutputSchemaWithExpectedSchema(PipelineSteps.java:104)
	at ✽.Validate output schema with expectedSchema "gcsTsvFileSchema"(file:src/e2e-test/features/gcs/source/GCSourceSchema.feature:12)
]]></failure>
</testcase>
<testcase classname="GCS source - Validate GCS plugin output schema for different formats" name="GCS Source output schema validation 3" time="12.345989">
<failure message="java.lang.AssertionError: Schema displayed on UI should match with expected Schema&#10;&#9;at org.junit.Assert.fail(Assert.java:89)&#10;&#9;at org.junit.Assert.assertTrue(Assert.java:42)&#10;&#9;at io.cdap.e2e.utils.CdfHelper.validateSchema(CdfHelper.java:186)&#10;&#9;at stepsdesign.PipelineSteps.validateOutputSchemaWithExpectedSchema(PipelineSteps.java:104)&#10;&#9;at ✽.Validate output schema with expectedSchema &quot;gcsBlobFileSchema&quot;(file:src/e2e-test/features/gcs/source/GCSourceSchema.feature:12)&#10;"><![CDATA[Given Open Datafusion Project to configure pipeline.........................passed
When Source is GCS..........................................................passed
Then Open GCS source properties.............................................passed
Then Enter GCS property projectId and reference name........................passed
Then Enter GCS source property path "gcsBlobFile"...........................passed
Then Select GCS property format "blob"......................................passed
Then Toggle GCS source property skip header to true.........................passed
Then Validate output schema with expectedSchema "gcsBlobFileSchema".........failed

StackTrace:
java.lang.AssertionError: Schema displayed on UI should match with expected Schema
	at org.junit.Assert.fail(Assert.java:89)
	at org.junit.Assert.assertTrue(Assert.java:42)
	at io.cdap.e2e.utils.CdfHelper.validateSchema(CdfHelper.java:186)
	at stepsdesign.PipelineSteps.validateOutputSchemaWithExpectedSchema(PipelineSteps.java:104)
	at ✽.Validate output schema with expectedSchema "gcsBlobFileSchema"(file:src/e2e-test/features/gcs/source/GCSourceSchema.feature:12)
]]></failure>
</testcase>
<testcase classname="GCS source - Validate GCS plugin output schema for different formats" name="GCS Source output schema validation for delimited files" time="12.466507">
<failure message="java.lang.AssertionError: Schema displayed on UI should match with expected Schema&#10;&#9;at org.junit.Assert.fail(Assert.java:89)&#10;&#9;at org.junit.Assert.assertTrue(Assert.java:42)&#10;&#9;at io.cdap.e2e.utils.CdfHelper.validateSchema(CdfHelper.java:186)&#10;&#9;at stepsdesign.PipelineSteps.validateOutputSchemaWithExpectedSchema(PipelineSteps.java:104)&#10;&#9;at ✽.Validate output schema with expectedSchema &quot;gcsDelimitedFileSchema&quot;(file:src/e2e-test/features/gcs/source/GCSourceSchema.feature:36)&#10;"><![CDATA[Given Open Datafusion Project to configure pipeline.........................passed
When Source is GCS..........................................................passed
Then Open GCS source properties.............................................passed
Then Enter GCS property projectId and reference name........................passed
Then Enter GCS source property path "gcsDelimitedFile"......................passed
Then Select GCS property format "delimited".................................passed
Then Enter GCS property delimiter "gcsDelimiter"............................passed
Then Toggle GCS source property skip header to true.........................passed
Then Validate output schema with expectedSchema "gcsDelimitedFileSchema"....failed

StackTrace:
java.lang.AssertionError: Schema displayed on UI should match with expected Schema
	at org.junit.Assert.fail(Assert.java:89)
	at org.junit.Assert.assertTrue(Assert.java:42)
	at io.cdap.e2e.utils.CdfHelper.validateSchema(CdfHelper.java:186)
	at stepsdesign.PipelineSteps.validateOutputSchemaWithExpectedSchema(PipelineSteps.java:104)
	at ✽.Validate output schema with expectedSchema "gcsDelimitedFileSchema"(file:src/e2e-test/features/gcs/source/GCSourceSchema.feature:36)
]]></failure>
</testcase>
<testcase classname="GCS source - Validate GCS plugin output schema for different formats" name="GCS Source output schema validation for delimited files 2" time="12.121891">
<system-out><![CDATA[Given Open Datafusion Project to configure pipeline.........................passed
When Source is GCS..........................................................passed
Then Open GCS source properties.............................................passed
Then Enter GCS property projectId and reference name........................passed
Then Enter GCS source property path "gcsTextFile"...........................passed
Then Select GCS property format "text"......................................passed
Then Enter GCS property delimiter "gcsDelimiter"............................passed
Then Toggle GCS source property skip header to true.........................passed
Then Validate output schema with expectedSchema "gcsTextFileSchema".........passed
]]></system-out>
</testcase>
</testsuite>
