<?xml version="1.0" encoding="UTF-8" standalone="no"?>
<testsuite failures="13" name="cucumber.runtime.formatter.JUnitFormatter" skipped="0" tests="13" time="543.022922">
<testcase classname="BigQuery source - Validate BigQuery source plugin error scenarios" name="Verify BigQuery Source properties validation errors for mandatory fields" time="56.265929">
<failure message="org.openqa.selenium.NoSuchElementException: no such element: Unable to locate element: {&quot;method&quot;:&quot;xpath&quot;,&quot;selector&quot;:&quot;//*[@data-cy='referenceName']/following-sibling::div[@data-cy='property-row-error']&quot;}&#10;  (Session info: headless chrome=92.0.4515.159)&#10;For documentation on this error, please visit: https://selenium.dev/exceptions/#no_such_element&#10;Build info: version: '4.0.0-rc-1', revision: 'bc5511cbda'&#10;System info: host: 'runner-deployment-build-data-integrations-e2e-69959c6456-ggvwl', ip: '10.116.13.8', os.name: 'Linux', os.arch: 'amd64', os.version: '5.4.144+', java.version: '1.8.0_292'&#10;Driver info: org.openqa.selenium.chrome.ChromeDriver&#10;Command: [9e8ca9a50608391995e192d0194ed21a, findElement {using=xpath, value=//*[@data-cy='referenceName']/following-sibling::div[@data-cy='property-row-error']}]&#10;Capabilities {acceptInsecureCerts: false, browserName: chrome, browserVersion: 92.0.4515.159, chrome: {chromedriverVersion: 92.0.4515.107 (87a818b10553..., userDataDir: /tmp/.com.google.Chrome.QKk6jW}, goog:chromeOptions: {debuggerAddress: localhost:32931}, javascriptEnabled: true, networkConnectionEnabled: false, pageLoadStrategy: normal, platform: LINUX, platformName: LINUX, proxy: Proxy(), se:cdp: ws://localhost:32931/devtoo..., se:cdpVersion: 92.0.4515.159, setWindowRect: true, strictFileInteractability: false, timeouts: {implicit: 0, pageLoad: 300000, script: 30000}, unhandledPromptBehavior: dismiss and notify, webauthn:extension:credBlob: true, webauthn:extension:largeBlob: true, webauthn:virtualAuthenticators: true}&#10;Session ID: 9e8ca9a50608391995e192d0194ed21a&#10;&#9;at sun.reflect.NativeConstructorAccessorImpl.newInstance0(Native Method)&#10;&#9;at sun.reflect.NativeConstructorAccessorImpl.newInstance(NativeConstructorAccessorImpl.java:62)&#10;&#9;at sun.reflect.DelegatingConstructorAccessorImpl.newInstance(DelegatingConstructorAccessorImpl.java:45)&#10;&#9;at java.lang.reflect.Constructor.newInstance(Constructor.java:423)&#10;&#9;at org.openqa.selenium.remote.codec.w3c.W3CHttpResponseCodec.createException(W3CHttpResponseCodec.java:200)&#10;&#9;at org.openqa.selenium.remote.codec.w3c.W3CHttpResponseCodec.decode(W3CHttpResponseCodec.java:133)&#10;&#9;at org.openqa.selenium.remote.codec.w3c.W3CHttpResponseCodec.decode(W3CHttpResponseCodec.java:53)&#10;&#9;at org.openqa.selenium.remote.HttpCommandExecutor.execute(HttpCommandExecutor.java:184)&#10;&#9;at org.openqa.selenium.remote.service.DriverCommandExecutor.invokeExecute(DriverCommandExecutor.java:164)&#10;&#9;at org.openqa.selenium.remote.service.DriverCommandExecutor.execute(DriverCommandExecutor.java:139)&#10;&#9;at org.openqa.selenium.remote.RemoteWebDriver.execute(RemoteWebDriver.java:547)&#10;&#9;at org.openqa.selenium.remote.ElementLocation$ElementFinder$2.findElement(ElementLocation.java:162)&#10;&#9;at org.openqa.selenium.remote.ElementLocation.findElement(ElementLocation.java:60)&#10;&#9;at org.openqa.selenium.remote.RemoteWebDriver.findElement(RemoteWebDriver.java:381)&#10;&#9;at org.openqa.selenium.remote.RemoteWebDriver.findElement(RemoteWebDriver.java:373)&#10;&#9;at io.cdap.e2e.utils.PluginPropertyUtils.findPropertyErrorElement(PluginPropertyUtils.java:64)&#10;&#9;at io.cdap.e2e.utils.PluginPropertyUtils.validateMandatoryPropertyError(PluginPropertyUtils.java:56)&#10;&#9;at stepsdesign.PipelineSteps.validateMandatoryPropertyErrorFor(PipelineSteps.java:80)&#10;&#9;at ✽.Validate mandatory property error for &quot;referenceName&quot;(file:src/e2e-test/features/bigquery/source/BigQuerySourceError.feature:9)&#10;"><![CDATA[Given Open Datafusion Project to configure pipeline.........................passed
When Source is BigQuery.....................................................passed
Then Open BigQuery source properties........................................passed
Then Enter the BigQuery properties with blank property "referenceName"......passed
Then Validate mandatory property error for "referenceName"..................failed

StackTrace:
org.openqa.selenium.NoSuchElementException: no such element: Unable to locate element: {"method":"xpath","selector":"//*[@data-cy='referenceName']/following-sibling::div[@data-cy='property-row-error']"}
  (Session info: headless chrome=92.0.4515.159)
For documentation on this error, please visit: https://selenium.dev/exceptions/#no_such_element
Build info: version: '4.0.0-rc-1', revision: 'bc5511cbda'
System info: host: 'runner-deployment-build-data-integrations-e2e-69959c6456-ggvwl', ip: '10.116.13.8', os.name: 'Linux', os.arch: 'amd64', os.version: '5.4.144+', java.version: '1.8.0_292'
Driver info: org.openqa.selenium.chrome.ChromeDriver
Command: [9e8ca9a50608391995e192d0194ed21a, findElement {using=xpath, value=//*[@data-cy='referenceName']/following-sibling::div[@data-cy='property-row-error']}]
Capabilities {acceptInsecureCerts: false, browserName: chrome, browserVersion: 92.0.4515.159, chrome: {chromedriverVersion: 92.0.4515.107 (87a818b10553..., userDataDir: /tmp/.com.google.Chrome.QKk6jW}, goog:chromeOptions: {debuggerAddress: localhost:32931}, javascriptEnabled: true, networkConnectionEnabled: false, pageLoadStrategy: normal, platform: LINUX, platformName: LINUX, proxy: Proxy(), se:cdp: ws://localhost:32931/devtoo..., se:cdpVersion: 92.0.4515.159, setWindowRect: true, strictFileInteractability: false, timeouts: {implicit: 0, pageLoad: 300000, script: 30000}, unhandledPromptBehavior: dismiss and notify, webauthn:extension:credBlob: true, webauthn:extension:largeBlob: true, webauthn:virtualAuthenticators: true}
Session ID: 9e8ca9a50608391995e192d0194ed21a
	at sun.reflect.NativeConstructorAccessorImpl.newInstance0(Native Method)
	at sun.reflect.NativeConstructorAccessorImpl.newInstance(NativeConstructorAccessorImpl.java:62)
	at sun.reflect.DelegatingConstructorAccessorImpl.newInstance(DelegatingConstructorAccessorImpl.java:45)
	at java.lang.reflect.Constructor.newInstance(Constructor.java:423)
	at org.openqa.selenium.remote.codec.w3c.W3CHttpResponseCodec.createException(W3CHttpResponseCodec.java:200)
	at org.openqa.selenium.remote.codec.w3c.W3CHttpResponseCodec.decode(W3CHttpResponseCodec.java:133)
	at org.openqa.selenium.remote.codec.w3c.W3CHttpResponseCodec.decode(W3CHttpResponseCodec.java:53)
	at org.openqa.selenium.remote.HttpCommandExecutor.execute(HttpCommandExecutor.java:184)
	at org.openqa.selenium.remote.service.DriverCommandExecutor.invokeExecute(DriverCommandExecutor.java:164)
	at org.openqa.selenium.remote.service.DriverCommandExecutor.execute(DriverCommandExecutor.java:139)
	at org.openqa.selenium.remote.RemoteWebDriver.execute(RemoteWebDriver.java:547)
	at org.openqa.selenium.remote.ElementLocation$ElementFinder$2.findElement(ElementLocation.java:162)
	at org.openqa.selenium.remote.ElementLocation.findElement(ElementLocation.java:60)
	at org.openqa.selenium.remote.RemoteWebDriver.findElement(RemoteWebDriver.java:381)
	at org.openqa.selenium.remote.RemoteWebDriver.findElement(RemoteWebDriver.java:373)
	at io.cdap.e2e.utils.PluginPropertyUtils.findPropertyErrorElement(PluginPropertyUtils.java:64)
	at io.cdap.e2e.utils.PluginPropertyUtils.validateMandatoryPropertyError(PluginPropertyUtils.java:56)
	at stepsdesign.PipelineSteps.validateMandatoryPropertyErrorFor(PipelineSteps.java:80)
	at ✽.Validate mandatory property error for "referenceName"(file:src/e2e-test/features/bigquery/source/BigQuerySourceError.feature:9)
]]></failure>
</testcase>
<testcase classname="BigQuery source - Validate BigQuery source plugin error scenarios" name="Verify BigQuery Source properties validation errors for mandatory fields 2" time="56.625362">
<failure message="org.openqa.selenium.NoSuchElementException: no such element: Unable to locate element: {&quot;method&quot;:&quot;xpath&quot;,&quot;selector&quot;:&quot;//*[@data-cy='dataset']/following-sibling::div[@data-cy='property-row-error']&quot;}&#10;  (Session info: headless chrome=92.0.4515.159)&#10;For documentation on this error, please visit: https://selenium.dev/exceptions/#no_such_element&#10;Build info: version: '4.0.0-rc-1', revision: 'bc5511cbda'&#10;System info: host: 'runner-deployment-build-data-integrations-e2e-69959c6456-ggvwl', ip: '10.116.13.8', os.name: 'Linux', os.arch: 'amd64', os.version: '5.4.144+', java.version: '1.8.0_292'&#10;Driver info: org.openqa.selenium.chrome.ChromeDriver&#10;Command: [9e8ca9a50608391995e192d0194ed21a, findElement {using=xpath, value=//*[@data-cy='dataset']/following-sibling::div[@data-cy='property-row-error']}]&#10;Capabilities {acceptInsecureCerts: false, browserName: chrome, browserVersion: 92.0.4515.159, chrome: {chromedriverVersion: 92.0.4515.107 (87a818b10553..., userDataDir: /tmp/.com.google.Chrome.QKk6jW}, goog:chromeOptions: {debuggerAddress: localhost:32931}, javascriptEnabled: true, networkConnectionEnabled: false, pageLoadStrategy: normal, platform: LINUX, platformName: LINUX, proxy: Proxy(), se:cdp: ws://localhost:32931/devtoo..., se:cdpVersion: 92.0.4515.159, setWindowRect: true, strictFileInteractability: false, timeouts: {implicit: 0, pageLoad: 300000, script: 30000}, unhandledPromptBehavior: dismiss and notify, webauthn:extension:credBlob: true, webauthn:extension:largeBlob: true, webauthn:virtualAuthenticators: true}&#10;Session ID: 9e8ca9a50608391995e192d0194ed21a&#10;&#9;at sun.reflect.NativeConstructorAccessorImpl.newInstance0(Native Method)&#10;&#9;at sun.reflect.NativeConstructorAccessorImpl.newInstance(NativeConstructorAccessorImpl.java:62)&#10;&#9;at sun.reflect.DelegatingConstructorAccessorImpl.newInstance(DelegatingConstructorAccessorImpl.java:45)&#10;&#9;at java.lang.reflect.Constructor.newInstance(Constructor.java:423)&#10;&#9;at org.openqa.selenium.remote.codec.w3c.W3CHttpResponseCodec.createException(W3CHttpResponseCodec.java:200)&#10;&#9;at org.openqa.selenium.remote.codec.w3c.W3CHttpResponseCodec.decode(W3CHttpResponseCodec.java:133)&#10;&#9;at org.openqa.selenium.remote.codec.w3c.W3CHttpResponseCodec.decode(W3CHttpResponseCodec.java:53)&#10;&#9;at org.openqa.selenium.remote.HttpCommandExecutor.execute(HttpCommandExecutor.java:184)&#10;&#9;at org.openqa.selenium.remote.service.DriverCommandExecutor.invokeExecute(DriverCommandExecutor.java:164)&#10;&#9;at org.openqa.selenium.remote.service.DriverCommandExecutor.execute(DriverCommandExecutor.java:139)&#10;&#9;at org.openqa.selenium.remote.RemoteWebDriver.execute(RemoteWebDriver.java:547)&#10;&#9;at org.openqa.selenium.remote.ElementLocation$ElementFinder$2.findElement(ElementLocation.java:162)&#10;&#9;at org.openqa.selenium.remote.ElementLocation.findElement(ElementLocation.java:60)&#10;&#9;at org.openqa.selenium.remote.RemoteWebDriver.findElement(RemoteWebDriver.java:381)&#10;&#9;at org.openqa.selenium.remote.RemoteWebDriver.findElement(RemoteWebDriver.java:373)&#10;&#9;at io.cdap.e2e.utils.PluginPropertyUtils.findPropertyErrorElement(PluginPropertyUtils.java:64)&#10;&#9;at io.cdap.e2e.utils.PluginPropertyUtils.validateMandatoryPropertyError(PluginPropertyUtils.java:56)&#10;&#9;at stepsdesign.PipelineSteps.validateMandatoryPropertyErrorFor(PipelineSteps.java:80)&#10;&#9;at ✽.Validate mandatory property error for &quot;dataset&quot;(file:src/e2e-test/features/bigquery/source/BigQuerySourceError.feature:9)&#10;"><![CDATA[Given Open Datafusion Project to configure pipeline.........................passed
When Source is BigQuery.....................................................passed
Then Open BigQuery source properties........................................passed
Then Enter the BigQuery properties with blank property "dataset"............passed
Then Validate mandatory property error for "dataset"........................failed

StackTrace:
org.openqa.selenium.NoSuchElementException: no such element: Unable to locate element: {"method":"xpath","selector":"//*[@data-cy='dataset']/following-sibling::div[@data-cy='property-row-error']"}
  (Session info: headless chrome=92.0.4515.159)
For documentation on this error, please visit: https://selenium.dev/exceptions/#no_such_element
Build info: version: '4.0.0-rc-1', revision: 'bc5511cbda'
System info: host: 'runner-deployment-build-data-integrations-e2e-69959c6456-ggvwl', ip: '10.116.13.8', os.name: 'Linux', os.arch: 'amd64', os.version: '5.4.144+', java.version: '1.8.0_292'
Driver info: org.openqa.selenium.chrome.ChromeDriver
Command: [9e8ca9a50608391995e192d0194ed21a, findElement {using=xpath, value=//*[@data-cy='dataset']/following-sibling::div[@data-cy='property-row-error']}]
Capabilities {acceptInsecureCerts: false, browserName: chrome, browserVersion: 92.0.4515.159, chrome: {chromedriverVersion: 92.0.4515.107 (87a818b10553..., userDataDir: /tmp/.com.google.Chrome.QKk6jW}, goog:chromeOptions: {debuggerAddress: localhost:32931}, javascriptEnabled: true, networkConnectionEnabled: false, pageLoadStrategy: normal, platform: LINUX, platformName: LINUX, proxy: Proxy(), se:cdp: ws://localhost:32931/devtoo..., se:cdpVersion: 92.0.4515.159, setWindowRect: true, strictFileInteractability: false, timeouts: {implicit: 0, pageLoad: 300000, script: 30000}, unhandledPromptBehavior: dismiss and notify, webauthn:extension:credBlob: true, webauthn:extension:largeBlob: true, webauthn:virtualAuthenticators: true}
Session ID: 9e8ca9a50608391995e192d0194ed21a
	at sun.reflect.NativeConstructorAccessorImpl.newInstance0(Native Method)
	at sun.reflect.NativeConstructorAccessorImpl.newInstance(NativeConstructorAccessorImpl.java:62)
	at sun.reflect.DelegatingConstructorAccessorImpl.newInstance(DelegatingConstructorAccessorImpl.java:45)
	at java.lang.reflect.Constructor.newInstance(Constructor.java:423)
	at org.openqa.selenium.remote.codec.w3c.W3CHttpResponseCodec.createException(W3CHttpResponseCodec.java:200)
	at org.openqa.selenium.remote.codec.w3c.W3CHttpResponseCodec.decode(W3CHttpResponseCodec.java:133)
	at org.openqa.selenium.remote.codec.w3c.W3CHttpResponseCodec.decode(W3CHttpResponseCodec.java:53)
	at org.openqa.selenium.remote.HttpCommandExecutor.execute(HttpCommandExecutor.java:184)
	at org.openqa.selenium.remote.service.DriverCommandExecutor.invokeExecute(DriverCommandExecutor.java:164)
	at org.openqa.selenium.remote.service.DriverCommandExecutor.execute(DriverCommandExecutor.java:139)
	at org.openqa.selenium.remote.RemoteWebDriver.execute(RemoteWebDriver.java:547)
	at org.openqa.selenium.remote.ElementLocation$ElementFinder$2.findElement(ElementLocation.java:162)
	at org.openqa.selenium.remote.ElementLocation.findElement(ElementLocation.java:60)
	at org.openqa.selenium.remote.RemoteWebDriver.findElement(RemoteWebDriver.java:381)
	at org.openqa.selenium.remote.RemoteWebDriver.findElement(RemoteWebDriver.java:373)
	at io.cdap.e2e.utils.PluginPropertyUtils.findPropertyErrorElement(PluginPropertyUtils.java:64)
	at io.cdap.e2e.utils.PluginPropertyUtils.validateMandatoryPropertyError(PluginPropertyUtils.java:56)
	at stepsdesign.PipelineSteps.validateMandatoryPropertyErrorFor(PipelineSteps.java:80)
	at ✽.Validate mandatory property error for "dataset"(file:src/e2e-test/features/bigquery/source/BigQuerySourceError.feature:9)
]]></failure>
</testcase>
<testcase classname="BigQuery source - Validate BigQuery source plugin error scenarios" name="Verify BigQuery Source properties validation errors for mandatory fields 3" time="56.826679">
<failure message="org.openqa.selenium.NoSuchElementException: no such element: Unable to locate element: {&quot;method&quot;:&quot;xpath&quot;,&quot;selector&quot;:&quot;//*[@data-cy='table']/following-sibling::div[@data-cy='property-row-error']&quot;}&#10;  (Session info: headless chrome=92.0.4515.159)&#10;For documentation on this error, please visit: https://selenium.dev/exceptions/#no_such_element&#10;Build info: version: '4.0.0-rc-1', revision: 'bc5511cbda'&#10;System info: host: 'runner-deployment-build-data-integrations-e2e-69959c6456-ggvwl', ip: '10.116.13.8', os.name: 'Linux', os.arch: 'amd64', os.version: '5.4.144+', java.version: '1.8.0_292'&#10;Driver info: org.openqa.selenium.chrome.ChromeDriver&#10;Command: [9e8ca9a50608391995e192d0194ed21a, findElement {using=xpath, value=//*[@data-cy='table']/following-sibling::div[@data-cy='property-row-error']}]&#10;Capabilities {acceptInsecureCerts: false, browserName: chrome, browserVersion: 92.0.4515.159, chrome: {chromedriverVersion: 92.0.4515.107 (87a818b10553..., userDataDir: /tmp/.com.google.Chrome.QKk6jW}, goog:chromeOptions: {debuggerAddress: localhost:32931}, javascriptEnabled: true, networkConnectionEnabled: false, pageLoadStrategy: normal, platform: LINUX, platformName: LINUX, proxy: Proxy(), se:cdp: ws://localhost:32931/devtoo..., se:cdpVersion: 92.0.4515.159, setWindowRect: true, strictFileInteractability: false, timeouts: {implicit: 0, pageLoad: 300000, script: 30000}, unhandledPromptBehavior: dismiss and notify, webauthn:extension:credBlob: true, webauthn:extension:largeBlob: true, webauthn:virtualAuthenticators: true}&#10;Session ID: 9e8ca9a50608391995e192d0194ed21a&#10;&#9;at sun.reflect.NativeConstructorAccessorImpl.newInstance0(Native Method)&#10;&#9;at sun.reflect.NativeConstructorAccessorImpl.newInstance(NativeConstructorAccessorImpl.java:62)&#10;&#9;at sun.reflect.DelegatingConstructorAccessorImpl.newInstance(DelegatingConstructorAccessorImpl.java:45)&#10;&#9;at java.lang.reflect.Constructor.newInstance(Constructor.java:423)&#10;&#9;at org.openqa.selenium.remote.codec.w3c.W3CHttpResponseCodec.createException(W3CHttpResponseCodec.java:200)&#10;&#9;at org.openqa.selenium.remote.codec.w3c.W3CHttpResponseCodec.decode(W3CHttpResponseCodec.java:133)&#10;&#9;at org.openqa.selenium.remote.codec.w3c.W3CHttpResponseCodec.decode(W3CHttpResponseCodec.java:53)&#10;&#9;at org.openqa.selenium.remote.HttpCommandExecutor.execute(HttpCommandExecutor.java:184)&#10;&#9;at org.openqa.selenium.remote.service.DriverCommandExecutor.invokeExecute(DriverCommandExecutor.java:164)&#10;&#9;at org.openqa.selenium.remote.service.DriverCommandExecutor.execute(DriverCommandExecutor.java:139)&#10;&#9;at org.openqa.selenium.remote.RemoteWebDriver.execute(RemoteWebDriver.java:547)&#10;&#9;at org.openqa.selenium.remote.ElementLocation$ElementFinder$2.findElement(ElementLocation.java:162)&#10;&#9;at org.openqa.selenium.remote.ElementLocation.findElement(ElementLocation.java:60)&#10;&#9;at org.openqa.selenium.remote.RemoteWebDriver.findElement(RemoteWebDriver.java:381)&#10;&#9;at org.openqa.selenium.remote.RemoteWebDriver.findElement(RemoteWebDriver.java:373)&#10;&#9;at io.cdap.e2e.utils.PluginPropertyUtils.findPropertyErrorElement(PluginPropertyUtils.java:64)&#10;&#9;at io.cdap.e2e.utils.PluginPropertyUtils.validateMandatoryPropertyError(PluginPropertyUtils.java:56)&#10;&#9;at stepsdesign.PipelineSteps.validateMandatoryPropertyErrorFor(PipelineSteps.java:80)&#10;&#9;at ✽.Validate mandatory property error for &quot;table&quot;(file:src/e2e-test/features/bigquery/source/BigQuerySourceError.feature:9)&#10;"><![CDATA[Given Open Datafusion Project to configure pipeline.........................passed
When Source is BigQuery.....................................................passed
Then Open BigQuery source properties........................................passed
Then Enter the BigQuery properties with blank property "table"..............passed
Then Validate mandatory property error for "table"..........................failed

StackTrace:
org.openqa.selenium.NoSuchElementException: no such element: Unable to locate element: {"method":"xpath","selector":"//*[@data-cy='table']/following-sibling::div[@data-cy='property-row-error']"}
  (Session info: headless chrome=92.0.4515.159)
For documentation on this error, please visit: https://selenium.dev/exceptions/#no_such_element
Build info: version: '4.0.0-rc-1', revision: 'bc5511cbda'
System info: host: 'runner-deployment-build-data-integrations-e2e-69959c6456-ggvwl', ip: '10.116.13.8', os.name: 'Linux', os.arch: 'amd64', os.version: '5.4.144+', java.version: '1.8.0_292'
Driver info: org.openqa.selenium.chrome.ChromeDriver
Command: [9e8ca9a50608391995e192d0194ed21a, findElement {using=xpath, value=//*[@data-cy='table']/following-sibling::div[@data-cy='property-row-error']}]
Capabilities {acceptInsecureCerts: false, browserName: chrome, browserVersion: 92.0.4515.159, chrome: {chromedriverVersion: 92.0.4515.107 (87a818b10553..., userDataDir: /tmp/.com.google.Chrome.QKk6jW}, goog:chromeOptions: {debuggerAddress: localhost:32931}, javascriptEnabled: true, networkConnectionEnabled: false, pageLoadStrategy: normal, platform: LINUX, platformName: LINUX, proxy: Proxy(), se:cdp: ws://localhost:32931/devtoo..., se:cdpVersion: 92.0.4515.159, setWindowRect: true, strictFileInteractability: false, timeouts: {implicit: 0, pageLoad: 300000, script: 30000}, unhandledPromptBehavior: dismiss and notify, webauthn:extension:credBlob: true, webauthn:extension:largeBlob: true, webauthn:virtualAuthenticators: true}
Session ID: 9e8ca9a50608391995e192d0194ed21a
	at sun.reflect.NativeConstructorAccessorImpl.newInstance0(Native Method)
	at sun.reflect.NativeConstructorAccessorImpl.newInstance(NativeConstructorAccessorImpl.java:62)
	at sun.reflect.DelegatingConstructorAccessorImpl.newInstance(DelegatingConstructorAccessorImpl.java:45)
	at java.lang.reflect.Constructor.newInstance(Constructor.java:423)
	at org.openqa.selenium.remote.codec.w3c.W3CHttpResponseCodec.createException(W3CHttpResponseCodec.java:200)
	at org.openqa.selenium.remote.codec.w3c.W3CHttpResponseCodec.decode(W3CHttpResponseCodec.java:133)
	at org.openqa.selenium.remote.codec.w3c.W3CHttpResponseCodec.decode(W3CHttpResponseCodec.java:53)
	at org.openqa.selenium.remote.HttpCommandExecutor.execute(HttpCommandExecutor.java:184)
	at org.openqa.selenium.remote.service.DriverCommandExecutor.invokeExecute(DriverCommandExecutor.java:164)
	at org.openqa.selenium.remote.service.DriverCommandExecutor.execute(DriverCommandExecutor.java:139)
	at org.openqa.selenium.remote.RemoteWebDriver.execute(RemoteWebDriver.java:547)
	at org.openqa.selenium.remote.ElementLocation$ElementFinder$2.findElement(ElementLocation.java:162)
	at org.openqa.selenium.remote.ElementLocation.findElement(ElementLocation.java:60)
	at org.openqa.selenium.remote.RemoteWebDriver.findElement(RemoteWebDriver.java:381)
	at org.openqa.selenium.remote.RemoteWebDriver.findElement(RemoteWebDriver.java:373)
	at io.cdap.e2e.utils.PluginPropertyUtils.findPropertyErrorElement(PluginPropertyUtils.java:64)
	at io.cdap.e2e.utils.PluginPropertyUtils.validateMandatoryPropertyError(PluginPropertyUtils.java:56)
	at stepsdesign.PipelineSteps.validateMandatoryPropertyErrorFor(PipelineSteps.java:80)
	at ✽.Validate mandatory property error for "table"(file:src/e2e-test/features/bigquery/source/BigQuerySourceError.feature:9)
]]></failure>
</testcase>
<testcase classname="BigQuery source - Validate BigQuery source plugin error scenarios" name="Verify BigQuery Source properties validation errors for incorrect values" time="63.343666">
<failure message="org.openqa.selenium.NoSuchElementException: no such element: Unable to locate element: {&quot;method&quot;:&quot;xpath&quot;,&quot;selector&quot;:&quot;//*[@data-cy='table']/following-sibling::div[@data-cy='property-row-error']&quot;}&#10;  (Session info: headless chrome=92.0.4515.159)&#10;For documentation on this error, please visit: https://selenium.dev/exceptions/#no_such_element&#10;Build info: version: '4.0.0-rc-1', revision: 'bc5511cbda'&#10;System info: host: 'runner-deployment-build-data-integrations-e2e-69959c6456-ggvwl', ip: '10.116.13.8', os.name: 'Linux', os.arch: 'amd64', os.version: '5.4.144+', java.version: '1.8.0_292'&#10;Driver info: org.openqa.selenium.chrome.ChromeDriver&#10;Command: [9e8ca9a50608391995e192d0194ed21a, findElement {using=xpath, value=//*[@data-cy='table']/following-sibling::div[@data-cy='property-row-error']}]&#10;Capabilities {acceptInsecureCerts: false, browserName: chrome, browserVersion: 92.0.4515.159, chrome: {chromedriverVersion: 92.0.4515.107 (87a818b10553..., userDataDir: /tmp/.com.google.Chrome.QKk6jW}, goog:chromeOptions: {debuggerAddress: localhost:32931}, javascriptEnabled: true, networkConnectionEnabled: false, pageLoadStrategy: normal, platform: LINUX, platformName: LINUX, proxy: Proxy(), se:cdp: ws://localhost:32931/devtoo..., se:cdpVersion: 92.0.4515.159, setWindowRect: true, strictFileInteractability: false, timeouts: {implicit: 0, pageLoad: 300000, script: 30000}, unhandledPromptBehavior: dismiss and notify, webauthn:extension:credBlob: true, webauthn:extension:largeBlob: true, webauthn:virtualAuthenticators: true}&#10;Session ID: 9e8ca9a50608391995e192d0194ed21a&#10;&#9;at sun.reflect.NativeConstructorAccessorImpl.newInstance0(Native Method)&#10;&#9;at sun.reflect.NativeConstructorAccessorImpl.newInstance(NativeConstructorAccessorImpl.java:62)&#10;&#9;at sun.reflect.DelegatingConstructorAccessorImpl.newInstance(DelegatingConstructorAccessorImpl.java:45)&#10;&#9;at java.lang.reflect.Constructor.newInstance(Constructor.java:423)&#10;&#9;at org.openqa.selenium.remote.codec.w3c.W3CHttpResponseCodec.createException(W3CHttpResponseCodec.java:200)&#10;&#9;at org.openqa.selenium.remote.codec.w3c.W3CHttpResponseCodec.decode(W3CHttpResponseCodec.java:133)&#10;&#9;at org.openqa.selenium.remote.codec.w3c.W3CHttpResponseCodec.decode(W3CHttpResponseCodec.java:53)&#10;&#9;at org.openqa.selenium.remote.HttpCommandExecutor.execute(HttpCommandExecutor.java:184)&#10;&#9;at org.openqa.selenium.remote.service.DriverCommandExecutor.invokeExecute(DriverCommandExecutor.java:164)&#10;&#9;at org.openqa.selenium.remote.service.DriverCommandExecutor.execute(DriverCommandExecutor.java:139)&#10;&#9;at org.openqa.selenium.remote.RemoteWebDriver.execute(RemoteWebDriver.java:547)&#10;&#9;at org.openqa.selenium.remote.ElementLocation$ElementFinder$2.findElement(ElementLocation.java:162)&#10;&#9;at org.openqa.selenium.remote.ElementLocation.findElement(ElementLocation.java:60)&#10;&#9;at org.openqa.selenium.remote.RemoteWebDriver.findElement(RemoteWebDriver.java:381)&#10;&#9;at org.openqa.selenium.remote.RemoteWebDriver.findElement(RemoteWebDriver.java:373)&#10;&#9;at io.cdap.e2e.utils.PluginPropertyUtils.findPropertyErrorElement(PluginPropertyUtils.java:64)&#10;&#9;at io.cdap.plugin.bigquery.stepsdesign.BigQuerySource.validateBigQuerySourceIncorrectPropertyErrorFor(BigQuerySource.java:123)&#10;&#9;at ✽.Validate BigQuery source incorrect property error for table &quot;dataset&quot; value &quot;bqIncorrectDataset&quot;(file:src/e2e-test/features/bigquery/source/BigQuerySourceError.feature:23)&#10;"><![CDATA[Given Open Datafusion Project to configure pipeline.........................passed
When Source is BigQuery.....................................................passed
Then Open BigQuery source properties........................................passed
Then Enter BigQuery property reference name.................................passed
Then Enter the BigQuery source properties with incorrect property "dataset" value "bqIncorrectDataset".passed
Then Validate BigQuery source incorrect property error for table "dataset" value "bqIncorrectDataset".failed

StackTrace:
org.openqa.selenium.NoSuchElementException: no such element: Unable to locate element: {"method":"xpath","selector":"//*[@data-cy='table']/following-sibling::div[@data-cy='property-row-error']"}
  (Session info: headless chrome=92.0.4515.159)
For documentation on this error, please visit: https://selenium.dev/exceptions/#no_such_element
Build info: version: '4.0.0-rc-1', revision: 'bc5511cbda'
System info: host: 'runner-deployment-build-data-integrations-e2e-69959c6456-ggvwl', ip: '10.116.13.8', os.name: 'Linux', os.arch: 'amd64', os.version: '5.4.144+', java.version: '1.8.0_292'
Driver info: org.openqa.selenium.chrome.ChromeDriver
Command: [9e8ca9a50608391995e192d0194ed21a, findElement {using=xpath, value=//*[@data-cy='table']/following-sibling::div[@data-cy='property-row-error']}]
Capabilities {acceptInsecureCerts: false, browserName: chrome, browserVersion: 92.0.4515.159, chrome: {chromedriverVersion: 92.0.4515.107 (87a818b10553..., userDataDir: /tmp/.com.google.Chrome.QKk6jW}, goog:chromeOptions: {debuggerAddress: localhost:32931}, javascriptEnabled: true, networkConnectionEnabled: false, pageLoadStrategy: normal, platform: LINUX, platformName: LINUX, proxy: Proxy(), se:cdp: ws://localhost:32931/devtoo..., se:cdpVersion: 92.0.4515.159, setWindowRect: true, strictFileInteractability: false, timeouts: {implicit: 0, pageLoad: 300000, script: 30000}, unhandledPromptBehavior: dismiss and notify, webauthn:extension:credBlob: true, webauthn:extension:largeBlob: true, webauthn:virtualAuthenticators: true}
Session ID: 9e8ca9a50608391995e192d0194ed21a
	at sun.reflect.NativeConstructorAccessorImpl.newInstance0(Native Method)
	at sun.reflect.NativeConstructorAccessorImpl.newInstance(NativeConstructorAccessorImpl.java:62)
	at sun.reflect.DelegatingConstructorAccessorImpl.newInstance(DelegatingConstructorAccessorImpl.java:45)
	at java.lang.reflect.Constructor.newInstance(Constructor.java:423)
	at org.openqa.selenium.remote.codec.w3c.W3CHttpResponseCodec.createException(W3CHttpResponseCodec.java:200)
	at org.openqa.selenium.remote.codec.w3c.W3CHttpResponseCodec.decode(W3CHttpResponseCodec.java:133)
	at org.openqa.selenium.remote.codec.w3c.W3CHttpResponseCodec.decode(W3CHttpResponseCodec.java:53)
	at org.openqa.selenium.remote.HttpCommandExecutor.execute(HttpCommandExecutor.java:184)
	at org.openqa.selenium.remote.service.DriverCommandExecutor.invokeExecute(DriverCommandExecutor.java:164)
	at org.openqa.selenium.remote.service.DriverCommandExecutor.execute(DriverCommandExecutor.java:139)
	at org.openqa.selenium.remote.RemoteWebDriver.execute(RemoteWebDriver.java:547)
	at org.openqa.selenium.remote.ElementLocation$ElementFinder$2.findElement(ElementLocation.java:162)
	at org.openqa.selenium.remote.ElementLocation.findElement(ElementLocation.java:60)
	at org.openqa.selenium.remote.RemoteWebDriver.findElement(RemoteWebDriver.java:381)
	at org.openqa.selenium.remote.RemoteWebDriver.findElement(RemoteWebDriver.java:373)
	at io.cdap.e2e.utils.PluginPropertyUtils.findPropertyErrorElement(PluginPropertyUtils.java:64)
	at io.cdap.plugin.bigquery.stepsdesign.BigQuerySource.validateBigQuerySourceIncorrectPropertyErrorFor(BigQuerySource.java:123)
	at ✽.Validate BigQuery source incorrect property error for table "dataset" value "bqIncorrectDataset"(file:src/e2e-test/features/bigquery/source/BigQuerySourceError.feature:23)
]]></failure>
</testcase>
<testcase classname="BigQuery source - Validate BigQuery source plugin error scenarios" name="Verify BigQuery Source properties validation errors for incorrect values 2" time="62.718559">
<failure message="org.openqa.selenium.NoSuchElementException: no such element: Unable to locate element: {&quot;method&quot;:&quot;xpath&quot;,&quot;selector&quot;:&quot;//*[@data-cy='table']/following-sibling::div[@data-cy='property-row-error']&quot;}&#10;  (Session info: headless chrome=92.0.4515.159)&#10;For documentation on this error, please visit: https://selenium.dev/exceptions/#no_such_element&#10;Build info: version: '4.0.0-rc-1', revision: 'bc5511cbda'&#10;System info: host: 'runner-deployment-build-data-integrations-e2e-69959c6456-ggvwl', ip: '10.116.13.8', os.name: 'Linux', os.arch: 'amd64', os.version: '5.4.144+', java.version: '1.8.0_292'&#10;Driver info: org.openqa.selenium.chrome.ChromeDriver&#10;Command: [9e8ca9a50608391995e192d0194ed21a, findElement {using=xpath, value=//*[@data-cy='table']/following-sibling::div[@data-cy='property-row-error']}]&#10;Capabilities {acceptInsecureCerts: false, browserName: chrome, browserVersion: 92.0.4515.159, chrome: {chromedriverVersion: 92.0.4515.107 (87a818b10553..., userDataDir: /tmp/.com.google.Chrome.QKk6jW}, goog:chromeOptions: {debuggerAddress: localhost:32931}, javascriptEnabled: true, networkConnectionEnabled: false, pageLoadStrategy: normal, platform: LINUX, platformName: LINUX, proxy: Proxy(), se:cdp: ws://localhost:32931/devtoo..., se:cdpVersion: 92.0.4515.159, setWindowRect: true, strictFileInteractability: false, timeouts: {implicit: 0, pageLoad: 300000, script: 30000}, unhandledPromptBehavior: dismiss and notify, webauthn:extension:credBlob: true, webauthn:extension:largeBlob: true, webauthn:virtualAuthenticators: true}&#10;Session ID: 9e8ca9a50608391995e192d0194ed21a&#10;&#9;at sun.reflect.NativeConstructorAccessorImpl.newInstance0(Native Method)&#10;&#9;at sun.reflect.NativeConstructorAccessorImpl.newInstance(NativeConstructorAccessorImpl.java:62)&#10;&#9;at sun.reflect.DelegatingConstructorAccessorImpl.newInstance(DelegatingConstructorAccessorImpl.java:45)&#10;&#9;at java.lang.reflect.Constructor.newInstance(Constructor.java:423)&#10;&#9;at org.openqa.selenium.remote.codec.w3c.W3CHttpResponseCodec.createException(W3CHttpResponseCodec.java:200)&#10;&#9;at org.openqa.selenium.remote.codec.w3c.W3CHttpResponseCodec.decode(W3CHttpResponseCodec.java:133)&#10;&#9;at org.openqa.selenium.remote.codec.w3c.W3CHttpResponseCodec.decode(W3CHttpResponseCodec.java:53)&#10;&#9;at org.openqa.selenium.remote.HttpCommandExecutor.execute(HttpCommandExecutor.java:184)&#10;&#9;at org.openqa.selenium.remote.service.DriverCommandExecutor.invokeExecute(DriverCommandExecutor.java:164)&#10;&#9;at org.openqa.selenium.remote.service.DriverCommandExecutor.execute(DriverCommandExecutor.java:139)&#10;&#9;at org.openqa.selenium.remote.RemoteWebDriver.execute(RemoteWebDriver.java:547)&#10;&#9;at org.openqa.selenium.remote.ElementLocation$ElementFinder$2.findElement(ElementLocation.java:162)&#10;&#9;at org.openqa.selenium.remote.ElementLocation.findElement(ElementLocation.java:60)&#10;&#9;at org.openqa.selenium.remote.RemoteWebDriver.findElement(RemoteWebDriver.java:381)&#10;&#9;at org.openqa.selenium.remote.RemoteWebDriver.findElement(RemoteWebDriver.java:373)&#10;&#9;at io.cdap.e2e.utils.PluginPropertyUtils.findPropertyErrorElement(PluginPropertyUtils.java:64)&#10;&#9;at io.cdap.plugin.bigquery.stepsdesign.BigQuerySource.validateBigQuerySourceIncorrectPropertyErrorFor(BigQuerySource.java:123)&#10;&#9;at ✽.Validate BigQuery source incorrect property error for table &quot;table&quot; value &quot;bqIncorrectTableName&quot;(file:src/e2e-test/features/bigquery/source/BigQuerySourceError.feature:23)&#10;"><![CDATA[Given Open Datafusion Project to configure pipeline.........................passed
When Source is BigQuery.....................................................passed
Then Open BigQuery source properties........................................passed
Then Enter BigQuery property reference name.................................passed
Then Enter the BigQuery source properties with incorrect property "table" value "bqIncorrectTableName".passed
Then Validate BigQuery source incorrect property error for table "table" value "bqIncorrectTableName".failed

StackTrace:
org.openqa.selenium.NoSuchElementException: no such element: Unable to locate element: {"method":"xpath","selector":"//*[@data-cy='table']/following-sibling::div[@data-cy='property-row-error']"}
  (Session info: headless chrome=92.0.4515.159)
For documentation on this error, please visit: https://selenium.dev/exceptions/#no_such_element
Build info: version: '4.0.0-rc-1', revision: 'bc5511cbda'
System info: host: 'runner-deployment-build-data-integrations-e2e-69959c6456-ggvwl', ip: '10.116.13.8', os.name: 'Linux', os.arch: 'amd64', os.version: '5.4.144+', java.version: '1.8.0_292'
Driver info: org.openqa.selenium.chrome.ChromeDriver
Command: [9e8ca9a50608391995e192d0194ed21a, findElement {using=xpath, value=//*[@data-cy='table']/following-sibling::div[@data-cy='property-row-error']}]
Capabilities {acceptInsecureCerts: false, browserName: chrome, browserVersion: 92.0.4515.159, chrome: {chromedriverVersion: 92.0.4515.107 (87a818b10553..., userDataDir: /tmp/.com.google.Chrome.QKk6jW}, goog:chromeOptions: {debuggerAddress: localhost:32931}, javascriptEnabled: true, networkConnectionEnabled: false, pageLoadStrategy: normal, platform: LINUX, platformName: LINUX, proxy: Proxy(), se:cdp: ws://localhost:32931/devtoo..., se:cdpVersion: 92.0.4515.159, setWindowRect: true, strictFileInteractability: false, timeouts: {implicit: 0, pageLoad: 300000, script: 30000}, unhandledPromptBehavior: dismiss and notify, webauthn:extension:credBlob: true, webauthn:extension:largeBlob: true, webauthn:virtualAuthenticators: true}
Session ID: 9e8ca9a50608391995e192d0194ed21a
	at sun.reflect.NativeConstructorAccessorImpl.newInstance0(Native Method)
	at sun.reflect.NativeConstructorAccessorImpl.newInstance(NativeConstructorAccessorImpl.java:62)
	at sun.reflect.DelegatingConstructorAccessorImpl.newInstance(DelegatingConstructorAccessorImpl.java:45)
	at java.lang.reflect.Constructor.newInstance(Constructor.java:423)
	at org.openqa.selenium.remote.codec.w3c.W3CHttpResponseCodec.createException(W3CHttpResponseCodec.java:200)
	at org.openqa.selenium.remote.codec.w3c.W3CHttpResponseCodec.decode(W3CHttpResponseCodec.java:133)
	at org.openqa.selenium.remote.codec.w3c.W3CHttpResponseCodec.decode(W3CHttpResponseCodec.java:53)
	at org.openqa.selenium.remote.HttpCommandExecutor.execute(HttpCommandExecutor.java:184)
	at org.openqa.selenium.remote.service.DriverCommandExecutor.invokeExecute(DriverCommandExecutor.java:164)
	at org.openqa.selenium.remote.service.DriverCommandExecutor.execute(DriverCommandExecutor.java:139)
	at org.openqa.selenium.remote.RemoteWebDriver.execute(RemoteWebDriver.java:547)
	at org.openqa.selenium.remote.ElementLocation$ElementFinder$2.findElement(ElementLocation.java:162)
	at org.openqa.selenium.remote.ElementLocation.findElement(ElementLocation.java:60)
	at org.openqa.selenium.remote.RemoteWebDriver.findElement(RemoteWebDriver.java:381)
	at org.openqa.selenium.remote.RemoteWebDriver.findElement(RemoteWebDriver.java:373)
	at io.cdap.e2e.utils.PluginPropertyUtils.findPropertyErrorElement(PluginPropertyUtils.java:64)
	at io.cdap.plugin.bigquery.stepsdesign.BigQuerySource.validateBigQuerySourceIncorrectPropertyErrorFor(BigQuerySource.java:123)
	at ✽.Validate BigQuery source incorrect property error for table "table" value "bqIncorrectTableName"(file:src/e2e-test/features/bigquery/source/BigQuerySourceError.feature:23)
]]></failure>
</testcase>
<testcase classname="BigQuery source - Validate BigQuery source plugin error scenarios" name="Verify BigQuery Source properties validation errors for incorrect values 3" time="62.350022">
<failure message="org.openqa.selenium.NoSuchElementException: no such element: Unable to locate element: {&quot;method&quot;:&quot;xpath&quot;,&quot;selector&quot;:&quot;//*[@data-cy='table']/following-sibling::div[@data-cy='property-row-error']&quot;}&#10;  (Session info: headless chrome=92.0.4515.159)&#10;For documentation on this error, please visit: https://selenium.dev/exceptions/#no_such_element&#10;Build info: version: '4.0.0-rc-1', revision: 'bc5511cbda'&#10;System info: host: 'runner-deployment-build-data-integrations-e2e-69959c6456-ggvwl', ip: '10.116.13.8', os.name: 'Linux', os.arch: 'amd64', os.version: '5.4.144+', java.version: '1.8.0_292'&#10;Driver info: org.openqa.selenium.chrome.ChromeDriver&#10;Command: [9e8ca9a50608391995e192d0194ed21a, findElement {using=xpath, value=//*[@data-cy='table']/following-sibling::div[@data-cy='property-row-error']}]&#10;Capabilities {acceptInsecureCerts: false, browserName: chrome, browserVersion: 92.0.4515.159, chrome: {chromedriverVersion: 92.0.4515.107 (87a818b10553..., userDataDir: /tmp/.com.google.Chrome.QKk6jW}, goog:chromeOptions: {debuggerAddress: localhost:32931}, javascriptEnabled: true, networkConnectionEnabled: false, pageLoadStrategy: normal, platform: LINUX, platformName: LINUX, proxy: Proxy(), se:cdp: ws://localhost:32931/devtoo..., se:cdpVersion: 92.0.4515.159, setWindowRect: true, strictFileInteractability: false, timeouts: {implicit: 0, pageLoad: 300000, script: 30000}, unhandledPromptBehavior: dismiss and notify, webauthn:extension:credBlob: true, webauthn:extension:largeBlob: true, webauthn:virtualAuthenticators: true}&#10;Session ID: 9e8ca9a50608391995e192d0194ed21a&#10;&#9;at sun.reflect.NativeConstructorAccessorImpl.newInstance0(Native Method)&#10;&#9;at sun.reflect.NativeConstructorAccessorImpl.newInstance(NativeConstructorAccessorImpl.java:62)&#10;&#9;at sun.reflect.DelegatingConstructorAccessorImpl.newInstance(DelegatingConstructorAccessorImpl.java:45)&#10;&#9;at java.lang.reflect.Constructor.newInstance(Constructor.java:423)&#10;&#9;at org.openqa.selenium.remote.codec.w3c.W3CHttpResponseCodec.createException(W3CHttpResponseCodec.java:200)&#10;&#9;at org.openqa.selenium.remote.codec.w3c.W3CHttpResponseCodec.decode(W3CHttpResponseCodec.java:133)&#10;&#9;at org.openqa.selenium.remote.codec.w3c.W3CHttpResponseCodec.decode(W3CHttpResponseCodec.java:53)&#10;&#9;at org.openqa.selenium.remote.HttpCommandExecutor.execute(HttpCommandExecutor.java:184)&#10;&#9;at org.openqa.selenium.remote.service.DriverCommandExecutor.invokeExecute(DriverCommandExecutor.java:164)&#10;&#9;at org.openqa.selenium.remote.service.DriverCommandExecutor.execute(DriverCommandExecutor.java:139)&#10;&#9;at org.openqa.selenium.remote.RemoteWebDriver.execute(RemoteWebDriver.java:547)&#10;&#9;at org.openqa.selenium.remote.ElementLocation$ElementFinder$2.findElement(ElementLocation.java:162)&#10;&#9;at org.openqa.selenium.remote.ElementLocation.findElement(ElementLocation.java:60)&#10;&#9;at org.openqa.selenium.remote.RemoteWebDriver.findElement(RemoteWebDriver.java:381)&#10;&#9;at org.openqa.selenium.remote.RemoteWebDriver.findElement(RemoteWebDriver.java:373)&#10;&#9;at io.cdap.e2e.utils.PluginPropertyUtils.findPropertyErrorElement(PluginPropertyUtils.java:64)&#10;&#9;at io.cdap.plugin.bigquery.stepsdesign.BigQuerySource.validateBigQuerySourceIncorrectPropertyErrorFor(BigQuerySource.java:123)&#10;&#9;at ✽.Validate BigQuery source incorrect property error for table &quot;datasetProject&quot; value &quot;bqIncorrectDatasetProjectId&quot;(file:src/e2e-test/features/bigquery/source/BigQuerySourceError.feature:23)&#10;"><![CDATA[Given Open Datafusion Project to configure pipeline.........................passed
When Source is BigQuery.....................................................passed
Then Open BigQuery source properties........................................passed
Then Enter BigQuery property reference name.................................passed
Then Enter the BigQuery source properties with incorrect property "datasetProject" value "bqIncorrectDatasetProjectId".passed
Then Validate BigQuery source incorrect property error for table "datasetProject" value "bqIncorrectDatasetProjectId".failed

StackTrace:
org.openqa.selenium.NoSuchElementException: no such element: Unable to locate element: {"method":"xpath","selector":"//*[@data-cy='table']/following-sibling::div[@data-cy='property-row-error']"}
  (Session info: headless chrome=92.0.4515.159)
For documentation on this error, please visit: https://selenium.dev/exceptions/#no_such_element
Build info: version: '4.0.0-rc-1', revision: 'bc5511cbda'
System info: host: 'runner-deployment-build-data-integrations-e2e-69959c6456-ggvwl', ip: '10.116.13.8', os.name: 'Linux', os.arch: 'amd64', os.version: '5.4.144+', java.version: '1.8.0_292'
Driver info: org.openqa.selenium.chrome.ChromeDriver
Command: [9e8ca9a50608391995e192d0194ed21a, findElement {using=xpath, value=//*[@data-cy='table']/following-sibling::div[@data-cy='property-row-error']}]
Capabilities {acceptInsecureCerts: false, browserName: chrome, browserVersion: 92.0.4515.159, chrome: {chromedriverVersion: 92.0.4515.107 (87a818b10553..., userDataDir: /tmp/.com.google.Chrome.QKk6jW}, goog:chromeOptions: {debuggerAddress: localhost:32931}, javascriptEnabled: true, networkConnectionEnabled: false, pageLoadStrategy: normal, platform: LINUX, platformName: LINUX, proxy: Proxy(), se:cdp: ws://localhost:32931/devtoo..., se:cdpVersion: 92.0.4515.159, setWindowRect: true, strictFileInteractability: false, timeouts: {implicit: 0, pageLoad: 300000, script: 30000}, unhandledPromptBehavior: dismiss and notify, webauthn:extension:credBlob: true, webauthn:extension:largeBlob: true, webauthn:virtualAuthenticators: true}
Session ID: 9e8ca9a50608391995e192d0194ed21a
	at sun.reflect.NativeConstructorAccessorImpl.newInstance0(Native Method)
	at sun.reflect.NativeConstructorAccessorImpl.newInstance(NativeConstructorAccessorImpl.java:62)
	at sun.reflect.DelegatingConstructorAccessorImpl.newInstance(DelegatingConstructorAccessorImpl.java:45)
	at java.lang.reflect.Constructor.newInstance(Constructor.java:423)
	at org.openqa.selenium.remote.codec.w3c.W3CHttpResponseCodec.createException(W3CHttpResponseCodec.java:200)
	at org.openqa.selenium.remote.codec.w3c.W3CHttpResponseCodec.decode(W3CHttpResponseCodec.java:133)
	at org.openqa.selenium.remote.codec.w3c.W3CHttpResponseCodec.decode(W3CHttpResponseCodec.java:53)
	at org.openqa.selenium.remote.HttpCommandExecutor.execute(HttpCommandExecutor.java:184)
	at org.openqa.selenium.remote.service.DriverCommandExecutor.invokeExecute(DriverCommandExecutor.java:164)
	at org.openqa.selenium.remote.service.DriverCommandExecutor.execute(DriverCommandExecutor.java:139)
	at org.openqa.selenium.remote.RemoteWebDriver.execute(RemoteWebDriver.java:547)
	at org.openqa.selenium.remote.ElementLocation$ElementFinder$2.findElement(ElementLocation.java:162)
	at org.openqa.selenium.remote.ElementLocation.findElement(ElementLocation.java:60)
	at org.openqa.selenium.remote.RemoteWebDriver.findElement(RemoteWebDriver.java:381)
	at org.openqa.selenium.remote.RemoteWebDriver.findElement(RemoteWebDriver.java:373)
	at io.cdap.e2e.utils.PluginPropertyUtils.findPropertyErrorElement(PluginPropertyUtils.java:64)
	at io.cdap.plugin.bigquery.stepsdesign.BigQuerySource.validateBigQuerySourceIncorrectPropertyErrorFor(BigQuerySource.java:123)
	at ✽.Validate BigQuery source incorrect property error for table "datasetProject" value "bqIncorrectDatasetProjectId"(file:src/e2e-test/features/bigquery/source/BigQuerySourceError.feature:23)
]]></failure>
</testcase>
<testcase classname="BigQuery source - Validate BigQuery source plugin error scenarios" name="Verify BigQuery Source properties validation errors for incorrect format of projectIds" time="58.752283">
<failure message="org.openqa.selenium.NoSuchElementException: no such element: Unable to locate element: {&quot;method&quot;:&quot;xpath&quot;,&quot;selector&quot;:&quot;//*[@data-cy='plugin-validation-error-msg']&quot;}&#10;  (Session info: headless chrome=92.0.4515.159)&#10;For documentation on this error, please visit: https://selenium.dev/exceptions/#no_such_element&#10;Build info: version: '4.0.0-rc-1', revision: 'bc5511cbda'&#10;System info: host: 'runner-deployment-build-data-integrations-e2e-69959c6456-ggvwl', ip: '10.116.13.8', os.name: 'Linux', os.arch: 'amd64', os.version: '5.4.144+', java.version: '1.8.0_292'&#10;Driver info: org.openqa.selenium.chrome.ChromeDriver&#10;Command: [9e8ca9a50608391995e192d0194ed21a, findElement {using=xpath, value=//*[@data-cy='plugin-validation-error-msg']}]&#10;Capabilities {acceptInsecureCerts: false, browserName: chrome, browserVersion: 92.0.4515.159, chrome: {chromedriverVersion: 92.0.4515.107 (87a818b10553..., userDataDir: /tmp/.com.google.Chrome.QKk6jW}, goog:chromeOptions: {debuggerAddress: localhost:32931}, javascriptEnabled: true, networkConnectionEnabled: false, pageLoadStrategy: normal, platform: LINUX, platformName: LINUX, proxy: Proxy(), se:cdp: ws://localhost:32931/devtoo..., se:cdpVersion: 92.0.4515.159, setWindowRect: true, strictFileInteractability: false, timeouts: {implicit: 0, pageLoad: 300000, script: 30000}, unhandledPromptBehavior: dismiss and notify, webauthn:extension:credBlob: true, webauthn:extension:largeBlob: true, webauthn:virtualAuthenticators: true}&#10;Session ID: 9e8ca9a50608391995e192d0194ed21a&#10;&#9;at sun.reflect.NativeConstructorAccessorImpl.newInstance0(Native Method)&#10;&#9;at sun.reflect.NativeConstructorAccessorImpl.newInstance(NativeConstructorAccessorImpl.java:62)&#10;&#9;at sun.reflect.DelegatingConstructorAccessorImpl.newInstance(DelegatingConstructorAccessorImpl.java:45)&#10;&#9;at java.lang.reflect.Constructor.newInstance(Constructor.java:423)&#10;&#9;at org.openqa.selenium.remote.codec.w3c.W3CHttpResponseCodec.createException(W3CHttpResponseCodec.java:200)&#10;&#9;at org.openqa.selenium.remote.codec.w3c.W3CHttpResponseCodec.decode(W3CHttpResponseCodec.java:133)&#10;&#9;at org.openqa.selenium.remote.codec.w3c.W3CHttpResponseCodec.decode(W3CHttpResponseCodec.java:53)&#10;&#9;at org.openqa.selenium.remote.HttpCommandExecutor.execute(HttpCommandExecutor.java:184)&#10;&#9;at org.openqa.selenium.remote.service.DriverCommandExecutor.invokeExecute(DriverCommandExecutor.java:164)&#10;&#9;at org.openqa.selenium.remote.service.DriverCommandExecutor.execute(DriverCommandExecutor.java:139)&#10;&#9;at org.openqa.selenium.remote.RemoteWebDriver.execute(RemoteWebDriver.java:547)&#10;&#9;at org.openqa.selenium.remote.ElementLocation$ElementFinder$2.findElement(ElementLocation.java:162)&#10;&#9;at org.openqa.selenium.remote.ElementLocation.findElement(ElementLocation.java:60)&#10;&#9;at org.openqa.selenium.remote.RemoteWebDriver.findElement(RemoteWebDriver.java:381)&#10;&#9;at org.openqa.selenium.remote.RemoteWebDriver.findElement(RemoteWebDriver.java:373)&#10;&#9;at org.openqa.selenium.support.pagefactory.DefaultElementLocator.findElement(DefaultElementLocator.java:70)&#10;&#9;at org.openqa.selenium.support.pagefactory.internal.LocatingElementHandler.invoke(LocatingElementHandler.java:39)&#10;&#9;at com.sun.proxy.$Proxy21.getText(Unknown Source)&#10;&#9;at stepsdesign.PipelineSteps.verifyPluginPropertiesValidationFailsWithError(PipelineSteps.java:93)&#10;&#9;at ✽.Verify plugin properties validation fails with 1 error(file:src/e2e-test/features/bigquery/source/BigQuerySourceError.feature:39)&#10;"><![CDATA[Given Open Datafusion Project to configure pipeline.........................passed
When Source is BigQuery.....................................................passed
Then Open BigQuery source properties........................................passed
Then Enter BigQuery property reference name.................................passed
Then Enter BigQuery property projectId "bqIncorrectFormatProjectId".........passed
Then Enter BigQuery property datasetProjectId "projectId"...................passed
Then Enter BigQuery property dataset "dataset"..............................passed
Then Enter BigQuery source property table name..............................passed
Then Verify plugin properties validation fails with 1 error.................failed

StackTrace:
org.openqa.selenium.NoSuchElementException: no such element: Unable to locate element: {"method":"xpath","selector":"//*[@data-cy='plugin-validation-error-msg']"}
  (Session info: headless chrome=92.0.4515.159)
For documentation on this error, please visit: https://selenium.dev/exceptions/#no_such_element
Build info: version: '4.0.0-rc-1', revision: 'bc5511cbda'
System info: host: 'runner-deployment-build-data-integrations-e2e-69959c6456-ggvwl', ip: '10.116.13.8', os.name: 'Linux', os.arch: 'amd64', os.version: '5.4.144+', java.version: '1.8.0_292'
Driver info: org.openqa.selenium.chrome.ChromeDriver
Command: [9e8ca9a50608391995e192d0194ed21a, findElement {using=xpath, value=//*[@data-cy='plugin-validation-error-msg']}]
Capabilities {acceptInsecureCerts: false, browserName: chrome, browserVersion: 92.0.4515.159, chrome: {chromedriverVersion: 92.0.4515.107 (87a818b10553..., userDataDir: /tmp/.com.google.Chrome.QKk6jW}, goog:chromeOptions: {debuggerAddress: localhost:32931}, javascriptEnabled: true, networkConnectionEnabled: false, pageLoadStrategy: normal, platform: LINUX, platformName: LINUX, proxy: Proxy(), se:cdp: ws://localhost:32931/devtoo..., se:cdpVersion: 92.0.4515.159, setWindowRect: true, strictFileInteractability: false, timeouts: {implicit: 0, pageLoad: 300000, script: 30000}, unhandledPromptBehavior: dismiss and notify, webauthn:extension:credBlob: true, webauthn:extension:largeBlob: true, webauthn:virtualAuthenticators: true}
Session ID: 9e8ca9a50608391995e192d0194ed21a
	at sun.reflect.NativeConstructorAccessorImpl.newInstance0(Native Method)
	at sun.reflect.NativeConstructorAccessorImpl.newInstance(NativeConstructorAccessorImpl.java:62)
	at sun.reflect.DelegatingConstructorAccessorImpl.newInstance(DelegatingConstructorAccessorImpl.java:45)
	at java.lang.reflect.Constructor.newInstance(Constructor.java:423)
	at org.openqa.selenium.remote.codec.w3c.W3CHttpResponseCodec.createException(W3CHttpResponseCodec.java:200)
	at org.openqa.selenium.remote.codec.w3c.W3CHttpResponseCodec.decode(W3CHttpResponseCodec.java:133)
	at org.openqa.selenium.remote.codec.w3c.W3CHttpResponseCodec.decode(W3CHttpResponseCodec.java:53)
	at org.openqa.selenium.remote.HttpCommandExecutor.execute(HttpCommandExecutor.java:184)
	at org.openqa.selenium.remote.service.DriverCommandExecutor.invokeExecute(DriverCommandExecutor.java:164)
	at org.openqa.selenium.remote.service.DriverCommandExecutor.execute(DriverCommandExecutor.java:139)
	at org.openqa.selenium.remote.RemoteWebDriver.execute(RemoteWebDriver.java:547)
	at org.openqa.selenium.remote.ElementLocation$ElementFinder$2.findElement(ElementLocation.java:162)
	at org.openqa.selenium.remote.ElementLocation.findElement(ElementLocation.java:60)
	at org.openqa.selenium.remote.RemoteWebDriver.findElement(RemoteWebDriver.java:381)
	at org.openqa.selenium.remote.RemoteWebDriver.findElement(RemoteWebDriver.java:373)
	at org.openqa.selenium.support.pagefactory.DefaultElementLocator.findElement(DefaultElementLocator.java:70)
	at org.openqa.selenium.support.pagefactory.internal.LocatingElementHandler.invoke(LocatingElementHandler.java:39)
	at com.sun.proxy.$Proxy21.getText(Unknown Source)
	at stepsdesign.PipelineSteps.verifyPluginPropertiesValidationFailsWithError(PipelineSteps.java:93)
	at ✽.Verify plugin properties validation fails with 1 error(file:src/e2e-test/features/bigquery/source/BigQuerySourceError.feature:39)
]]></failure>
</testcase>
<testcase classname="BigQuery source - Validate BigQuery source plugin error scenarios" name="Verify BigQuery Source properties validation errors for incorrect format of projectIds 2" time="58.724401">
<failure message="org.openqa.selenium.NoSuchElementException: no such element: Unable to locate element: {&quot;method&quot;:&quot;xpath&quot;,&quot;selector&quot;:&quot;//*[@data-cy='plugin-validation-error-msg']&quot;}&#10;  (Session info: headless chrome=92.0.4515.159)&#10;For documentation on this error, please visit: https://selenium.dev/exceptions/#no_such_element&#10;Build info: version: '4.0.0-rc-1', revision: 'bc5511cbda'&#10;System info: host: 'runner-deployment-build-data-integrations-e2e-69959c6456-ggvwl', ip: '10.116.13.8', os.name: 'Linux', os.arch: 'amd64', os.version: '5.4.144+', java.version: '1.8.0_292'&#10;Driver info: org.openqa.selenium.chrome.ChromeDriver&#10;Command: [9e8ca9a50608391995e192d0194ed21a, findElement {using=xpath, value=//*[@data-cy='plugin-validation-error-msg']}]&#10;Capabilities {acceptInsecureCerts: false, browserName: chrome, browserVersion: 92.0.4515.159, chrome: {chromedriverVersion: 92.0.4515.107 (87a818b10553..., userDataDir: /tmp/.com.google.Chrome.QKk6jW}, goog:chromeOptions: {debuggerAddress: localhost:32931}, javascriptEnabled: true, networkConnectionEnabled: false, pageLoadStrategy: normal, platform: LINUX, platformName: LINUX, proxy: Proxy(), se:cdp: ws://localhost:32931/devtoo..., se:cdpVersion: 92.0.4515.159, setWindowRect: true, strictFileInteractability: false, timeouts: {implicit: 0, pageLoad: 300000, script: 30000}, unhandledPromptBehavior: dismiss and notify, webauthn:extension:credBlob: true, webauthn:extension:largeBlob: true, webauthn:virtualAuthenticators: true}&#10;Session ID: 9e8ca9a50608391995e192d0194ed21a&#10;&#9;at sun.reflect.NativeConstructorAccessorImpl.newInstance0(Native Method)&#10;&#9;at sun.reflect.NativeConstructorAccessorImpl.newInstance(NativeConstructorAccessorImpl.java:62)&#10;&#9;at sun.reflect.DelegatingConstructorAccessorImpl.newInstance(DelegatingConstructorAccessorImpl.java:45)&#10;&#9;at java.lang.reflect.Constructor.newInstance(Constructor.java:423)&#10;&#9;at org.openqa.selenium.remote.codec.w3c.W3CHttpResponseCodec.createException(W3CHttpResponseCodec.java:200)&#10;&#9;at org.openqa.selenium.remote.codec.w3c.W3CHttpResponseCodec.decode(W3CHttpResponseCodec.java:133)&#10;&#9;at org.openqa.selenium.remote.codec.w3c.W3CHttpResponseCodec.decode(W3CHttpResponseCodec.java:53)&#10;&#9;at org.openqa.selenium.remote.HttpCommandExecutor.execute(HttpCommandExecutor.java:184)&#10;&#9;at org.openqa.selenium.remote.service.DriverCommandExecutor.invokeExecute(DriverCommandExecutor.java:164)&#10;&#9;at org.openqa.selenium.remote.service.DriverCommandExecutor.execute(DriverCommandExecutor.java:139)&#10;&#9;at org.openqa.selenium.remote.RemoteWebDriver.execute(RemoteWebDriver.java:547)&#10;&#9;at org.openqa.selenium.remote.ElementLocation$ElementFinder$2.findElement(ElementLocation.java:162)&#10;&#9;at org.openqa.selenium.remote.ElementLocation.findElement(ElementLocation.java:60)&#10;&#9;at org.openqa.selenium.remote.RemoteWebDriver.findElement(RemoteWebDriver.java:381)&#10;&#9;at org.openqa.selenium.remote.RemoteWebDriver.findElement(RemoteWebDriver.java:373)&#10;&#9;at org.openqa.selenium.support.pagefactory.DefaultElementLocator.findElement(DefaultElementLocator.java:70)&#10;&#9;at org.openqa.selenium.support.pagefactory.internal.LocatingElementHandler.invoke(LocatingElementHandler.java:39)&#10;&#9;at com.sun.proxy.$Proxy21.getText(Unknown Source)&#10;&#9;at stepsdesign.PipelineSteps.verifyPluginPropertiesValidationFailsWithError(PipelineSteps.java:93)&#10;&#9;at ✽.Verify plugin properties validation fails with 1 error(file:src/e2e-test/features/bigquery/source/BigQuerySourceError.feature:39)&#10;"><![CDATA[Given Open Datafusion Project to configure pipeline.........................passed
When Source is BigQuery.....................................................passed
Then Open BigQuery source properties........................................passed
Then Enter BigQuery property reference name.................................passed
Then Enter BigQuery property projectId "projectId"..........................passed
Then Enter BigQuery property datasetProjectId "bqIncorrectFormatDatasetProjectId".passed
Then Enter BigQuery property dataset "dataset"..............................passed
Then Enter BigQuery source property table name..............................passed
Then Verify plugin properties validation fails with 1 error.................failed

StackTrace:
org.openqa.selenium.NoSuchElementException: no such element: Unable to locate element: {"method":"xpath","selector":"//*[@data-cy='plugin-validation-error-msg']"}
  (Session info: headless chrome=92.0.4515.159)
For documentation on this error, please visit: https://selenium.dev/exceptions/#no_such_element
Build info: version: '4.0.0-rc-1', revision: 'bc5511cbda'
System info: host: 'runner-deployment-build-data-integrations-e2e-69959c6456-ggvwl', ip: '10.116.13.8', os.name: 'Linux', os.arch: 'amd64', os.version: '5.4.144+', java.version: '1.8.0_292'
Driver info: org.openqa.selenium.chrome.ChromeDriver
Command: [9e8ca9a50608391995e192d0194ed21a, findElement {using=xpath, value=//*[@data-cy='plugin-validation-error-msg']}]
Capabilities {acceptInsecureCerts: false, browserName: chrome, browserVersion: 92.0.4515.159, chrome: {chromedriverVersion: 92.0.4515.107 (87a818b10553..., userDataDir: /tmp/.com.google.Chrome.QKk6jW}, goog:chromeOptions: {debuggerAddress: localhost:32931}, javascriptEnabled: true, networkConnectionEnabled: false, pageLoadStrategy: normal, platform: LINUX, platformName: LINUX, proxy: Proxy(), se:cdp: ws://localhost:32931/devtoo..., se:cdpVersion: 92.0.4515.159, setWindowRect: true, strictFileInteractability: false, timeouts: {implicit: 0, pageLoad: 300000, script: 30000}, unhandledPromptBehavior: dismiss and notify, webauthn:extension:credBlob: true, webauthn:extension:largeBlob: true, webauthn:virtualAuthenticators: true}
Session ID: 9e8ca9a50608391995e192d0194ed21a
	at sun.reflect.NativeConstructorAccessorImpl.newInstance0(Native Method)
	at sun.reflect.NativeConstructorAccessorImpl.newInstance(NativeConstructorAccessorImpl.java:62)
	at sun.reflect.DelegatingConstructorAccessorImpl.newInstance(DelegatingConstructorAccessorImpl.java:45)
	at java.lang.reflect.Constructor.newInstance(Constructor.java:423)
	at org.openqa.selenium.remote.codec.w3c.W3CHttpResponseCodec.createException(W3CHttpResponseCodec.java:200)
	at org.openqa.selenium.remote.codec.w3c.W3CHttpResponseCodec.decode(W3CHttpResponseCodec.java:133)
	at org.openqa.selenium.remote.codec.w3c.W3CHttpResponseCodec.decode(W3CHttpResponseCodec.java:53)
	at org.openqa.selenium.remote.HttpCommandExecutor.execute(HttpCommandExecutor.java:184)
	at org.openqa.selenium.remote.service.DriverCommandExecutor.invokeExecute(DriverCommandExecutor.java:164)
	at org.openqa.selenium.remote.service.DriverCommandExecutor.execute(DriverCommandExecutor.java:139)
	at org.openqa.selenium.remote.RemoteWebDriver.execute(RemoteWebDriver.java:547)
	at org.openqa.selenium.remote.ElementLocation$ElementFinder$2.findElement(ElementLocation.java:162)
	at org.openqa.selenium.remote.ElementLocation.findElement(ElementLocation.java:60)
	at org.openqa.selenium.remote.RemoteWebDriver.findElement(RemoteWebDriver.java:381)
	at org.openqa.selenium.remote.RemoteWebDriver.findElement(RemoteWebDriver.java:373)
	at org.openqa.selenium.support.pagefactory.DefaultElementLocator.findElement(DefaultElementLocator.java:70)
	at org.openqa.selenium.support.pagefactory.internal.LocatingElementHandler.invoke(LocatingElementHandler.java:39)
	at com.sun.proxy.$Proxy21.getText(Unknown Source)
	at stepsdesign.PipelineSteps.verifyPluginPropertiesValidationFailsWithError(PipelineSteps.java:93)
	at ✽.Verify plugin properties validation fails with 1 error(file:src/e2e-test/features/bigquery/source/BigQuerySourceError.feature:39)
]]></failure>
</testcase>
<testcase classname="BigQuery source - Verification of BigQuery to BigQuery successful data transfer" name="Validate successful records transfer from BigQuery to BigQuery with filter" time="13.303198">
<failure message="java.lang.AssertionError: Schema displayed on UI should match with expected Schema&#10;&#9;at org.junit.Assert.fail(Assert.java:89)&#10;&#9;at org.junit.Assert.assertTrue(Assert.java:42)&#10;&#9;at io.cdap.e2e.utils.CdfHelper.validateSchema(CdfHelper.java:186)&#10;&#9;at stepsdesign.PipelineSteps.validateOutputSchemaWithExpectedSchema(PipelineSteps.java:104)&#10;&#9;at ✽.Validate output schema with expectedSchema &quot;bqSourceSchema&quot;(file:src/e2e-test/features/bigquery/source/BigQueryToBigQuery.feature:16)&#10;"><![CDATA[Given Open Datafusion Project to configure pipeline.........................passed
When Source is BigQuery.....................................................passed
When Sink is BigQuery.......................................................passed
Then Open BigQuery source properties........................................passed
Then Enter BigQuery property reference name.................................passed
Then Enter BigQuery property projectId "projectId"..........................passed
Then Enter BigQuery property datasetProjectId "projectId"...................passed
Then Enter BigQuery property dataset "dataset"..............................passed
Then Enter BigQuery source property table name..............................passed
Then Enter BigQuery source property filter "bqFilter".......................passed
Then Validate output schema with expectedSchema "bqSourceSchema"............failed
Then Validate "BigQuery" plugin properties..................................skipped
Then Close the BigQuery properties..........................................skipped
Then Open BigQuery sink properties..........................................skipped
Then Enter the BigQuery sink mandatory properties...........................skipped
Then Validate "BigQuery" plugin properties..................................skipped
Then Close the BigQuery properties..........................................skipped
Then Connect source as "BigQuery" and sink as "BigQuery" to establish connection.skipped
Then Save the pipeline......................................................skipped
Then Preview and run the pipeline...........................................skipped
Then Verify the preview of pipeline is "success"............................skipped
Then Click on preview data for BigQuery sink................................skipped
Then Verify preview output schema matches the outputSchema captured in properties.skipped
Then Close the preview data.................................................skipped
Then Deploy the pipeline....................................................skipped
Then Run the Pipeline in Runtime............................................skipped
Then Wait till pipeline is in running state.................................skipped
Then Open and capture logs..................................................skipped
Then Verify the pipeline status is "Succeeded"..............................skipped
Then Get count of no of records transferred to target BigQuery Table........skipped
Then Validate records transferred to target table is equal to number of records from source table with filter "bqFilter".skipped

StackTrace:
java.lang.AssertionError: Schema displayed on UI should match with expected Schema
	at org.junit.Assert.fail(Assert.java:89)
	at org.junit.Assert.assertTrue(Assert.java:42)
	at io.cdap.e2e.utils.CdfHelper.validateSchema(CdfHelper.java:186)
	at stepsdesign.PipelineSteps.validateOutputSchemaWithExpectedSchema(PipelineSteps.java:104)
	at ✽.Validate output schema with expectedSchema "bqSourceSchema"(file:src/e2e-test/features/bigquery/source/BigQueryToBigQuery.feature:16)
]]></failure>
</testcase>
<testcase classname="BigQuery source - Verification of BigQuery to BigQuery successful data transfer" name="Validate that pipeline run preview gets failed when incorrect filter values are provided" time="13.24649">
<failure message="java.lang.AssertionError: Schema displayed on UI should match with expected Schema&#10;&#9;at org.junit.Assert.fail(Assert.java:89)&#10;&#9;at org.junit.Assert.assertTrue(Assert.java:42)&#10;&#9;at io.cdap.e2e.utils.CdfHelper.validateSchema(CdfHelper.java:186)&#10;&#9;at stepsdesign.PipelineSteps.validateOutputSchemaWithExpectedSchema(PipelineSteps.java:104)&#10;&#9;at ✽.Validate output schema with expectedSchema &quot;bqSourceSchema&quot;(file:src/e2e-test/features/bigquery/source/BigQueryToBigQuery.feature:50)&#10;"><![CDATA[Given Open Datafusion Project to configure pipeline.........................passed
When Source is BigQuery.....................................................passed
When Sink is BigQuery.......................................................passed
Then Open BigQuery source properties........................................passed
Then Enter BigQuery property reference name.................................passed
Then Enter BigQuery property projectId "projectId"..........................passed
Then Enter BigQuery property datasetProjectId "projectId"...................passed
Then Enter BigQuery property dataset "dataset"..............................passed
Then Enter BigQuery source property table name..............................passed
Then Enter BigQuery source property filter "bqInvalidFilter"................passed
Then Validate output schema with expectedSchema "bqSourceSchema"............failed
Then Validate "BigQuery" plugin properties..................................skipped
Then Close the BigQuery properties..........................................skipped
Then Open BigQuery sink properties..........................................skipped
Then Enter the BigQuery sink mandatory properties...........................skipped
Then Validate "BigQuery" plugin properties..................................skipped
Then Close the BigQuery properties..........................................skipped
Then Connect source as "BigQuery" and sink as "BigQuery" to establish connection.skipped
Then Save the pipeline......................................................skipped
Then Preview and run the pipeline...........................................skipped
Then Verify the preview of pipeline is "failed".............................skipped

StackTrace:
java.lang.AssertionError: Schema displayed on UI should match with expected Schema
	at org.junit.Assert.fail(Assert.java:89)
	at org.junit.Assert.assertTrue(Assert.java:42)
	at io.cdap.e2e.utils.CdfHelper.validateSchema(CdfHelper.java:186)
	at stepsdesign.PipelineSteps.validateOutputSchemaWithExpectedSchema(PipelineSteps.java:104)
	at ✽.Validate output schema with expectedSchema "bqSourceSchema"(file:src/e2e-test/features/bigquery/source/BigQueryToBigQuery.feature:50)
]]></failure>
</testcase>
<testcase classname="BigQuery source - Verification of BigQuery to BigQuery successful data transfer" name="Verify records are getting transferred with respect to partitioned date" time="13.823929">
<failure message="java.lang.AssertionError: Schema displayed on UI should match with expected Schema&#10;&#9;at org.junit.Assert.fail(Assert.java:89)&#10;&#9;at org.junit.Assert.assertTrue(Assert.java:42)&#10;&#9;at io.cdap.e2e.utils.CdfHelper.validateSchema(CdfHelper.java:186)&#10;&#9;at stepsdesign.PipelineSteps.validateOutputSchemaWithExpectedSchema(PipelineSteps.java:104)&#10;&#9;at ✽.Validate output schema with expectedSchema &quot;bqPartitionSourceSchema&quot;(file:src/e2e-test/features/bigquery/source/BigQueryToBigQuery.feature:74)&#10;"><![CDATA[Given Open Datafusion Project to configure pipeline.........................passed
When Source is BigQuery.....................................................passed
When Sink is BigQuery.......................................................passed
Then Open BigQuery source properties........................................passed
Then Enter BigQuery property reference name.................................passed
Then Enter BigQuery property projectId "projectId"..........................passed
Then Enter BigQuery property datasetProjectId "projectId"...................passed
Then Enter BigQuery property dataset "dataset"..............................passed
Then Enter BigQuery source property table name..............................passed
Then Enter BigQuery source properties partitionStartDate and partitionEndDate.passed
Then Validate output schema with expectedSchema "bqPartitionSourceSchema"...failed
Then Validate "BigQuery" plugin properties..................................skipped
Then Close the BigQuery properties..........................................skipped
Then Open BigQuery sink properties..........................................skipped
Then Enter the BigQuery sink mandatory properties...........................skipped
Then Validate "BigQuery" plugin properties..................................skipped
Then Close the BigQuery properties..........................................skipped
Then Connect source as "BigQuery" and sink as "BigQuery" to establish connection.skipped
Then Save the pipeline......................................................skipped
Then Preview and run the pipeline...........................................skipped
Then Verify the preview of pipeline is "success"............................skipped
Then Click on preview data for BigQuery sink................................skipped
Then Verify preview output schema matches the outputSchema captured in properties.skipped
Then Close the preview data.................................................skipped
Then Deploy the pipeline....................................................skipped
Then Run the Pipeline in Runtime............................................skipped
Then Wait till pipeline is in running state.................................skipped
Then Open and capture logs..................................................skipped
Then Verify the pipeline status is "Succeeded"..............................skipped
Then Get count of no of records transferred to target BigQuery Table........skipped
Then Validate partition date in output partitioned table....................skipped

StackTrace:
java.lang.AssertionError: Schema displayed on UI should match with expected Schema
	at org.junit.Assert.fail(Assert.java:89)
	at org.junit.Assert.assertTrue(Assert.java:42)
	at io.cdap.e2e.utils.CdfHelper.validateSchema(CdfHelper.java:186)
	at stepsdesign.PipelineSteps.validateOutputSchemaWithExpectedSchema(PipelineSteps.java:104)
	at ✽.Validate output schema with expectedSchema "bqPartitionSourceSchema"(file:src/e2e-test/features/bigquery/source/BigQueryToBigQuery.feature:74)
]]></failure>
</testcase>
<testcase classname="BigQuery source - Verification of BigQuery to BigQuery successful data transfer" name="Verify records are not getting transferred for future partitioned date" time="14.268815">
<failure message="java.lang.AssertionError: Schema displayed on UI should match with expected Schema&#10;&#9;at org.junit.Assert.fail(Assert.java:89)&#10;&#9;at org.junit.Assert.assertTrue(Assert.java:42)&#10;&#9;at io.cdap.e2e.utils.CdfHelper.validateSchema(CdfHelper.java:186)&#10;&#9;at stepsdesign.PipelineSteps.validateOutputSchemaWithExpectedSchema(PipelineSteps.java:104)&#10;&#9;at ✽.Validate output schema with expectedSchema &quot;bqPartitionSourceSchema&quot;(file:src/e2e-test/features/bigquery/source/BigQueryToBigQuery.feature:108)&#10;"><![CDATA[Given Open Datafusion Project to configure pipeline.........................passed
When Source is BigQuery.....................................................passed
When Sink is BigQuery.......................................................passed
Then Open BigQuery source properties........................................passed
Then Enter BigQuery property reference name.................................passed
Then Enter BigQuery property projectId "projectId"..........................passed
Then Enter BigQuery property datasetProjectId "projectId"...................passed
Then Enter BigQuery property dataset "dataset"..............................passed
Then Enter BigQuery source property table name..............................passed
Then Enter BigQuery source properties partitionStartDate "bqFuturePartitionStartDate" and partitionEndDate "bqFuturePartitionEndDate".passed
Then Validate output schema with expectedSchema "bqPartitionSourceSchema"...failed
Then Validate "BigQuery" plugin properties..................................skipped
Then Close the BigQuery properties..........................................skipped
Then Open BigQuery sink properties..........................................skipped
Then Enter the BigQuery sink mandatory properties...........................skipped
Then Validate "BigQuery" plugin properties..................................skipped
Then Close the BigQuery properties..........................................skipped
Then Connect source as "BigQuery" and sink as "BigQuery" to establish connection.skipped
Then Save and Deploy Pipeline...............................................skipped
Then Run the Pipeline in Runtime............................................skipped
Then Wait till pipeline is in running state.................................skipped
Then Open and capture logs..................................................skipped
Then Verify the pipeline status is "Succeeded"..............................skipped
Then Validate the records are not created in output table...................skipped
Then Validate partitioning is not done on the output table..................skipped

StackTrace:
java.lang.AssertionError: Schema displayed on UI should match with expected Schema
	at org.junit.Assert.fail(Assert.java:89)
	at org.junit.Assert.assertTrue(Assert.java:42)
	at io.cdap.e2e.utils.CdfHelper.validateSchema(CdfHelper.java:186)
	at stepsdesign.PipelineSteps.validateOutputSchemaWithExpectedSchema(PipelineSteps.java:104)
	at ✽.Validate output schema with expectedSchema "bqPartitionSourceSchema"(file:src/e2e-test/features/bigquery/source/BigQueryToBigQuery.feature:108)
]]></failure>
</testcase>
<testcase classname="BigQuery source - Verification of BigQuery to GCS successful data transfer" name="Validate successful records transfer from BigQuery to GCS" time="12.773589">
<failure message="java.lang.AssertionError: Schema displayed on UI should match with expected Schema&#10;&#9;at org.junit.Assert.fail(Assert.java:89)&#10;&#9;at org.junit.Assert.assertTrue(Assert.java:42)&#10;&#9;at io.cdap.e2e.utils.CdfHelper.validateSchema(CdfHelper.java:186)&#10;&#9;at stepsdesign.PipelineSteps.validateOutputSchemaWithExpectedSchema(PipelineSteps.java:104)&#10;&#9;at ✽.Validate output schema with expectedSchema &quot;bqSourceSchema&quot;(file:src/e2e-test/features/bigquery/source/BigQueryToGCS.feature:16)&#10;"><![CDATA[Given Open Datafusion Project to configure pipeline.........................passed
When Source is BigQuery.....................................................passed
When Sink is GCS............................................................passed
Then Open BigQuery source properties........................................passed
Then Enter BigQuery property reference name.................................passed
Then Enter BigQuery property projectId "projectId"..........................passed
Then Enter BigQuery property datasetProjectId "projectId"...................passed
Then Enter BigQuery property dataset "dataset"..............................passed
Then Enter BigQuery source property table name..............................passed
Then Enter BiqQuery property encryption key name "cmekBQ" if cmek is enabled.passed
Then Validate output schema with expectedSchema "bqSourceSchema"............failed
Then Validate "BigQuery" plugin properties..................................skipped
Then Close the BigQuery properties..........................................skipped
Then Open GCS sink properties...............................................skipped
Then Enter the GCS sink mandatory properties................................skipped
Then Validate "GCS" plugin properties.......................................skipped
Then Close the GCS properties...............................................skipped
Then Connect source as "BigQuery" and sink as "GCS" to establish connection.skipped
Then Save the pipeline......................................................skipped
Then Preview and run the pipeline...........................................skipped
Then Verify the preview of pipeline is "success"............................skipped
Then Click on preview data for GCS sink.....................................skipped
Then Verify preview output schema matches the outputSchema captured in properties.skipped
Then Close the preview data.................................................skipped
Then Deploy the pipeline....................................................skipped
Then Run the Pipeline in Runtime............................................skipped
Then Wait till pipeline is in running state.................................skipped
Then Open and capture logs..................................................skipped
Then Verify the pipeline status is "Succeeded"..............................skipped
Then Verify data is transferred to target GCS bucket........................skipped

StackTrace:
java.lang.AssertionError: Schema displayed on UI should match with expected Schema
	at org.junit.Assert.fail(Assert.java:89)
	at org.junit.Assert.assertTrue(Assert.java:42)
	at io.cdap.e2e.utils.CdfHelper.validateSchema(CdfHelper.java:186)
	at stepsdesign.PipelineSteps.validateOutputSchemaWithExpectedSchema(PipelineSteps.java:104)
	at ✽.Validate output schema with expectedSchema "bqSourceSchema"(file:src/e2e-test/features/bigquery/source/BigQueryToGCS.feature:16)
]]></failure>
</testcase>
</testsuite>
