<?xml version="1.0" encoding="UTF-8" standalone="no"?>
<testsuite failures="13" name="cucumber.runtime.formatter.JUnitFormatter" skipped="0" tests="20" time="759.268055">
<testcase classname="PubSub-Sink - Verification of BigQuery to PubSub successful data transfer" name="To verify data is getting transferred from BigQuery to PubSub successfully" time="115.769776">
<system-out><![CDATA[Given Open Datafusion Project to configure pipeline.........................passed
When Source is BigQuery.....................................................passed
When Sink is PubSub.........................................................passed
Then Connect source as "BigQuery" and sink as "GooglePublisher" to establish connection.passed
Then Open BigQuery source properties........................................passed
Then Enter the BigQuery source mandatory properties.........................passed
Then Validate "BigQuery" plugin properties..................................passed
Then Close the BigQuery properties..........................................passed
Then Open the PubSub sink properties........................................passed
Then Enter PubSub property projectId "projectId"............................passed
Then Enter PubSub property reference name...................................passed
Then Enter PubSub topic name................................................passed
Then Select PubSub property format "csv"....................................passed
Then Enter PubSub property encryption key name "cmekPubSub" if cmek is enabled.passed
Then Enter PubSub property MaximumBatchCount "pubSubMaximumBatchCount"......passed
Then Enter PubSub property MaximumBatchSize "pubSubMaximumBatchSize"........passed
Then Enter PubSub property PublishDelayThreshold "pubSubPublishDelayThreshold".passed
Then Enter PubSub property RetryTimeOut "pubSubRetryTimeOut"................passed
Then Enter PubSub property ErrorThreshold "pubSubErrorThreshold"............passed
Then Validate "PubSub" plugin properties....................................passed
Then Close the PubSub properties............................................passed
Then Save the pipeline......................................................passed
Then Preview and run the pipeline...........................................passed
Then Verify the preview of pipeline is "success"............................passed
Then Close the preview......................................................passed
Then Deploy the pipeline....................................................passed
Then Run the Pipeline in Runtime............................................passed
Then Wait till pipeline is in running state.................................passed
Then Verify the pipeline status is "Succeeded"..............................passed
Then Validate OUT record count is equal to IN record count..................passed
Then Open and capture logs..................................................passed
Then Validate the cmek key "cmekPubSub" of target PubSub topic if cmek is enabled.passed
]]></system-out>
</testcase>
<testcase classname="PubSub-Sink - Verification of GCS to PubSub successful data transfer" name="To verify data is getting transferred from GCS to PubSub successfully" time="91.445847">
<system-out><![CDATA[Given Open Datafusion Project to configure pipeline.........................passed
When Source is GCS..........................................................passed
When Sink is PubSub.........................................................passed
Then Open GCS source properties.............................................passed
Then Enter the GCS source mandatory properties..............................passed
Then Validate "GCS" plugin properties.......................................passed
Then Close the GCS properties...............................................passed
Then Open the PubSub sink properties........................................passed
Then Enter PubSub property projectId "projectId"............................passed
Then Enter PubSub property reference name...................................passed
Then Enter PubSub topic name................................................passed
Then Select PubSub property format "csv"....................................passed
Then Enter PubSub property encryption key name "cmekPubSub" if cmek is enabled.passed
Then Enter PubSub property MaximumBatchCount "pubSubMaximumBatchCount"......passed
Then Enter PubSub property MaximumBatchSize "pubSubMaximumBatchSize"........passed
Then Enter PubSub property PublishDelayThreshold "pubSubPublishDelayThreshold".passed
Then Enter PubSub property RetryTimeOut "pubSubRetryTimeOut"................passed
Then Enter PubSub property ErrorThreshold "pubSubErrorThreshold"............passed
Then Validate "PubSub" plugin properties....................................passed
Then Close the PubSub properties............................................passed
Then Connect source as "GCS" and sink as "GooglePublisher" to establish connection.passed
Then Save the pipeline......................................................passed
Then Preview and run the pipeline...........................................passed
Then Verify the preview of pipeline is "success"............................passed
Then Close the preview......................................................passed
Then Deploy the pipeline....................................................passed
Then Run the Pipeline in Runtime............................................passed
Then Wait till pipeline is in running state.................................passed
Then Verify the pipeline status is "Succeeded"..............................passed
Then Validate OUT record count is equal to IN record count..................passed
Then Open and capture logs..................................................passed
Then Validate the cmek key "cmekPubSub" of target PubSub topic if cmek is enabled.passed
]]></system-out>
</testcase>
<testcase classname="PubSub-Sink - Verification of GCS to PubSub successful data transfer" name="Verify data is getting transferred from GCS to PubSub for different file formats." time="90.204019">
<system-out><![CDATA[Given Open Datafusion Project to configure pipeline.........................passed
When Source is GCS..........................................................passed
When Sink is PubSub.........................................................passed
Then Open GCS source properties.............................................passed
Then Enter the GCS source mandatory properties..............................passed
Then Validate "GCS" plugin properties.......................................passed
Then Close the GCS properties...............................................passed
Then Open the PubSub sink properties........................................passed
Then Enter PubSub property projectId "projectId"............................passed
Then Enter PubSub property reference name...................................passed
Then Enter PubSub topic name................................................passed
Then Select PubSub property format "text"...................................passed
Then Enter PubSub property MaximumBatchCount "pubSubMaximumBatchCount"......passed
Then Enter PubSub property MaximumBatchSize "pubSubMaximumBatchSize"........passed
Then Enter PubSub property PublishDelayThreshold "pubSubPublishDelayThreshold".passed
Then Enter PubSub property RetryTimeOut "pubSubRetryTimeOut"................passed
Then Enter PubSub property ErrorThreshold "pubSubErrorThreshold"............passed
Then Validate "PubSub" plugin properties....................................passed
Then Close the PubSub properties............................................passed
Then Connect source as "GCS" and sink as "GooglePublisher" to establish connection.passed
Then Save the pipeline......................................................passed
Then Preview and run the pipeline...........................................passed
Then Verify the preview of pipeline is "success"............................passed
Then Close the preview......................................................passed
Then Deploy the pipeline....................................................passed
Then Run the Pipeline in Runtime............................................passed
Then Wait till pipeline is in running state.................................passed
Then Verify the pipeline status is "Succeeded"..............................passed
Then Validate OUT record count is equal to IN record count..................passed
Then Open and capture logs..................................................passed
]]></system-out>
</testcase>
<testcase classname="PubSub-Sink - Verification of GCS to PubSub successful data transfer" name="Verify data is getting transferred from GCS to PubSub for different file formats. 2" time="90.533259">
<system-out><![CDATA[Given Open Datafusion Project to configure pipeline.........................passed
When Source is GCS..........................................................passed
When Sink is PubSub.........................................................passed
Then Open GCS source properties.............................................passed
Then Enter the GCS source mandatory properties..............................passed
Then Validate "GCS" plugin properties.......................................passed
Then Close the GCS properties...............................................passed
Then Open the PubSub sink properties........................................passed
Then Enter PubSub property projectId "projectId"............................passed
Then Enter PubSub property reference name...................................passed
Then Enter PubSub topic name................................................passed
Then Select PubSub property format "avro"...................................passed
Then Enter PubSub property MaximumBatchCount "pubSubMaximumBatchCount"......passed
Then Enter PubSub property MaximumBatchSize "pubSubMaximumBatchSize"........passed
Then Enter PubSub property PublishDelayThreshold "pubSubPublishDelayThreshold".passed
Then Enter PubSub property RetryTimeOut "pubSubRetryTimeOut"................passed
Then Enter PubSub property ErrorThreshold "pubSubErrorThreshold"............passed
Then Validate "PubSub" plugin properties....................................passed
Then Close the PubSub properties............................................passed
Then Connect source as "GCS" and sink as "GooglePublisher" to establish connection.passed
Then Save the pipeline......................................................passed
Then Preview and run the pipeline...........................................passed
Then Verify the preview of pipeline is "success"............................passed
Then Close the preview......................................................passed
Then Deploy the pipeline....................................................passed
Then Run the Pipeline in Runtime............................................passed
Then Wait till pipeline is in running state.................................passed
Then Verify the pipeline status is "Succeeded"..............................passed
Then Validate OUT record count is equal to IN record count..................passed
Then Open and capture logs..................................................passed
]]></system-out>
</testcase>
<testcase classname="PubSub-Sink - Verification of GCS to PubSub successful data transfer" name="Verify data is getting transferred from GCS to PubSub for different file formats. 3" time="90.847225">
<system-out><![CDATA[Given Open Datafusion Project to configure pipeline.........................passed
When Source is GCS..........................................................passed
When Sink is PubSub.........................................................passed
Then Open GCS source properties.............................................passed
Then Enter the GCS source mandatory properties..............................passed
Then Validate "GCS" plugin properties.......................................passed
Then Close the GCS properties...............................................passed
Then Open the PubSub sink properties........................................passed
Then Enter PubSub property projectId "projectId"............................passed
Then Enter PubSub property reference name...................................passed
Then Enter PubSub topic name................................................passed
Then Select PubSub property format "blob"...................................passed
Then Enter PubSub property MaximumBatchCount "pubSubMaximumBatchCount"......passed
Then Enter PubSub property MaximumBatchSize "pubSubMaximumBatchSize"........passed
Then Enter PubSub property PublishDelayThreshold "pubSubPublishDelayThreshold".passed
Then Enter PubSub property RetryTimeOut "pubSubRetryTimeOut"................passed
Then Enter PubSub property ErrorThreshold "pubSubErrorThreshold"............passed
Then Validate "PubSub" plugin properties....................................passed
Then Close the PubSub properties............................................passed
Then Connect source as "GCS" and sink as "GooglePublisher" to establish connection.passed
Then Save the pipeline......................................................passed
Then Preview and run the pipeline...........................................passed
Then Verify the preview of pipeline is "success"............................passed
Then Close the preview......................................................passed
Then Deploy the pipeline....................................................passed
Then Run the Pipeline in Runtime............................................passed
Then Wait till pipeline is in running state.................................passed
Then Verify the pipeline status is "Succeeded"..............................passed
Then Validate OUT record count is equal to IN record count..................passed
Then Open and capture logs..................................................passed
]]></system-out>
</testcase>
<testcase classname="PubSub-Sink - Verification of GCS to PubSub successful data transfer" name="Verify data is getting transferred from GCS to PubSub for different file formats. 4" time="93.324492">
<system-out><![CDATA[Given Open Datafusion Project to configure pipeline.........................passed
When Source is GCS..........................................................passed
When Sink is PubSub.........................................................passed
Then Open GCS source properties.............................................passed
Then Enter the GCS source mandatory properties..............................passed
Then Validate "GCS" plugin properties.......................................passed
Then Close the GCS properties...............................................passed
Then Open the PubSub sink properties........................................passed
Then Enter PubSub property projectId "projectId"............................passed
Then Enter PubSub property reference name...................................passed
Then Enter PubSub topic name................................................passed
Then Select PubSub property format "tsv"....................................passed
Then Enter PubSub property MaximumBatchCount "pubSubMaximumBatchCount"......passed
Then Enter PubSub property MaximumBatchSize "pubSubMaximumBatchSize"........passed
Then Enter PubSub property PublishDelayThreshold "pubSubPublishDelayThreshold".passed
Then Enter PubSub property RetryTimeOut "pubSubRetryTimeOut"................passed
Then Enter PubSub property ErrorThreshold "pubSubErrorThreshold"............passed
Then Validate "PubSub" plugin properties....................................passed
Then Close the PubSub properties............................................passed
Then Connect source as "GCS" and sink as "GooglePublisher" to establish connection.passed
Then Save the pipeline......................................................passed
Then Preview and run the pipeline...........................................passed
Then Verify the preview of pipeline is "success"............................passed
Then Close the preview......................................................passed
Then Deploy the pipeline....................................................passed
Then Run the Pipeline in Runtime............................................passed
Then Wait till pipeline is in running state.................................passed
Then Verify the pipeline status is "Succeeded"..............................passed
Then Validate OUT record count is equal to IN record count..................passed
Then Open and capture logs..................................................passed
]]></system-out>
</testcase>
<testcase classname="PubSub-Sink - Verification of GCS to PubSub successful data transfer" name="Verify data is getting transferred from GCS to PubSub for different file formats. 5" time="96.27421">
<system-out><![CDATA[Given Open Datafusion Project to configure pipeline.........................passed
When Source is GCS..........................................................passed
When Sink is PubSub.........................................................passed
Then Open GCS source properties.............................................passed
Then Enter the GCS source mandatory properties..............................passed
Then Validate "GCS" plugin properties.......................................passed
Then Close the GCS properties...............................................passed
Then Open the PubSub sink properties........................................passed
Then Enter PubSub property projectId "projectId"............................passed
Then Enter PubSub property reference name...................................passed
Then Enter PubSub topic name................................................passed
Then Select PubSub property format "json"...................................passed
Then Enter PubSub property MaximumBatchCount "pubSubMaximumBatchCount"......passed
Then Enter PubSub property MaximumBatchSize "pubSubMaximumBatchSize"........passed
Then Enter PubSub property PublishDelayThreshold "pubSubPublishDelayThreshold".passed
Then Enter PubSub property RetryTimeOut "pubSubRetryTimeOut"................passed
Then Enter PubSub property ErrorThreshold "pubSubErrorThreshold"............passed
Then Validate "PubSub" plugin properties....................................passed
Then Close the PubSub properties............................................passed
Then Connect source as "GCS" and sink as "GooglePublisher" to establish connection.passed
Then Save the pipeline......................................................passed
Then Preview and run the pipeline...........................................passed
Then Verify the preview of pipeline is "success"............................passed
Then Close the preview......................................................passed
Then Deploy the pipeline....................................................passed
Then Run the Pipeline in Runtime............................................passed
Then Wait till pipeline is in running state.................................passed
Then Verify the pipeline status is "Succeeded"..............................passed
Then Validate OUT record count is equal to IN record count..................passed
Then Open and capture logs..................................................passed
]]></system-out>
</testcase>
<testcase classname="PubSub-Sink - Verification of GCS to PubSub successful data transfer" name="Verify data is getting transferred from GCS to PubSub for different file formats. 6" time="35.69038">
<failure message="org.openqa.selenium.ElementClickInterceptedException: element click intercepted: Element &lt;span ng-if=&quot;!HydratorPlusPlusNodeConfigCtrl.validating&quot; class=&quot;ng-scope&quot;&gt;...&lt;/span&gt; is not clickable at point (1802, 80). Other element would receive the click: &lt;div class=&quot;modal fade show&quot; role=&quot;dialog&quot; tabindex=&quot;-1&quot; style=&quot;display: block;&quot;&gt;...&lt;/div&gt;&#10;  (Session info: headless chrome=92.0.4515.159)&#10;Build info: version: '4.0.0-rc-1', revision: 'bc5511cbda'&#10;System info: host: 'runner-deployment-build-e2e-data-integrations-978f754d-z5wt4', ip: '10.116.13.9', os.name: 'Linux', os.arch: 'amd64', os.version: '5.4.144+', java.version: '1.8.0_292'&#10;Driver info: org.openqa.selenium.chrome.ChromeDriver&#10;Command: [8253d9b33420281d5f9cd91ab4c0e105, clickElement {id=2956927d-6f73-4cc2-b43b-e29bb8267591}]&#10;Capabilities {acceptInsecureCerts: false, browserName: chrome, browserVersion: 92.0.4515.159, chrome: {chromedriverVersion: 92.0.4515.107 (87a818b10553..., userDataDir: /tmp/.com.google.Chrome.9ZslRT}, goog:chromeOptions: {debuggerAddress: localhost:45289}, javascriptEnabled: true, networkConnectionEnabled: false, pageLoadStrategy: normal, platform: LINUX, platformName: LINUX, proxy: Proxy(), se:cdp: ws://localhost:45289/devtoo..., se:cdpVersion: 92.0.4515.159, setWindowRect: true, strictFileInteractability: false, timeouts: {implicit: 0, pageLoad: 300000, script: 30000}, unhandledPromptBehavior: dismiss and notify, webauthn:extension:credBlob: true, webauthn:extension:largeBlob: true, webauthn:virtualAuthenticators: true}&#10;Element: [[ChromeDriver: chrome on LINUX (8253d9b33420281d5f9cd91ab4c0e105)] -&gt; xpath: //button[@data-cy='plugin-properties-validate-btn']/span[text()='Validate']]&#10;Session ID: 8253d9b33420281d5f9cd91ab4c0e105&#10;&#9;at sun.reflect.NativeConstructorAccessorImpl.newInstance0(Native Method)&#10;&#9;at sun.reflect.NativeConstructorAccessorImpl.newInstance(NativeConstructorAccessorImpl.java:62)&#10;&#9;at sun.reflect.DelegatingConstructorAccessorImpl.newInstance(DelegatingConstructorAccessorImpl.java:45)&#10;&#9;at java.lang.reflect.Constructor.newInstance(Constructor.java:423)&#10;&#9;at org.openqa.selenium.remote.codec.w3c.W3CHttpResponseCodec.createException(W3CHttpResponseCodec.java:200)&#10;&#9;at org.openqa.selenium.remote.codec.w3c.W3CHttpResponseCodec.decode(W3CHttpResponseCodec.java:133)&#10;&#9;at org.openqa.selenium.remote.codec.w3c.W3CHttpResponseCodec.decode(W3CHttpResponseCodec.java:53)&#10;&#9;at org.openqa.selenium.remote.HttpCommandExecutor.execute(HttpCommandExecutor.java:184)&#10;&#9;at org.openqa.selenium.remote.service.DriverCommandExecutor.invokeExecute(DriverCommandExecutor.java:164)&#10;&#9;at org.openqa.selenium.remote.service.DriverCommandExecutor.execute(DriverCommandExecutor.java:139)&#10;&#9;at org.openqa.selenium.remote.RemoteWebDriver.execute(RemoteWebDriver.java:547)&#10;&#9;at org.openqa.selenium.remote.RemoteWebElement.execute(RemoteWebElement.java:251)&#10;&#9;at org.openqa.selenium.remote.RemoteWebElement.click(RemoteWebElement.java:77)&#10;&#9;at sun.reflect.GeneratedMethodAccessor6.invoke(Unknown Source)&#10;&#9;at sun.reflect.DelegatingMethodAccessorImpl.invoke(DelegatingMethodAccessorImpl.java:43)&#10;&#9;at java.lang.reflect.Method.invoke(Method.java:498)&#10;&#9;at org.openqa.selenium.support.pagefactory.internal.LocatingElementHandler.invoke(LocatingElementHandler.java:52)&#10;&#9;at com.sun.proxy.$Proxy22.click(Unknown Source)&#10;&#9;at io.cdap.e2e.pages.actions.CdfStudioActions.clickValidateButton(CdfStudioActions.java:103)&#10;&#9;at stepsdesign.PipelineSteps.validatePluginProperties(PipelineSteps.java:80)&#10;&#9;at ✽.Validate &quot;PubSub&quot; plugin properties(file:src/e2e-test/features/pubsub/sink/GCSToPubSub.feature:58)&#10;"><![CDATA[Given Open Datafusion Project to configure pipeline.........................passed
When Source is GCS..........................................................passed
When Sink is PubSub.........................................................passed
Then Open GCS source properties.............................................passed
Then Enter the GCS source mandatory properties..............................passed
Then Validate "GCS" plugin properties.......................................passed
Then Close the GCS properties...............................................passed
Then Open the PubSub sink properties........................................passed
Then Enter PubSub property projectId "projectId"............................passed
Then Enter PubSub property reference name...................................passed
Then Enter PubSub topic name................................................passed
Then Select PubSub property format "parquet"................................passed
Then Enter PubSub property MaximumBatchCount "pubSubMaximumBatchCount"......passed
Then Enter PubSub property MaximumBatchSize "pubSubMaximumBatchSize"........passed
Then Enter PubSub property PublishDelayThreshold "pubSubPublishDelayThreshold".passed
Then Enter PubSub property RetryTimeOut "pubSubRetryTimeOut"................passed
Then Enter PubSub property ErrorThreshold "pubSubErrorThreshold"............passed
Then Validate "PubSub" plugin properties....................................failed
Then Close the PubSub properties............................................skipped
Then Connect source as "GCS" and sink as "GooglePublisher" to establish connection.skipped
Then Save the pipeline......................................................skipped
Then Preview and run the pipeline...........................................skipped
Then Verify the preview of pipeline is "success"............................skipped
Then Close the preview......................................................skipped
Then Deploy the pipeline....................................................skipped
Then Run the Pipeline in Runtime............................................skipped
Then Wait till pipeline is in running state.................................skipped
Then Verify the pipeline status is "Succeeded"..............................skipped
Then Validate OUT record count is equal to IN record count..................skipped
Then Open and capture logs..................................................skipped

StackTrace:
org.openqa.selenium.ElementClickInterceptedException: element click intercepted: Element <span ng-if="!HydratorPlusPlusNodeConfigCtrl.validating" class="ng-scope">...</span> is not clickable at point (1802, 80). Other element would receive the click: <div class="modal fade show" role="dialog" tabindex="-1" style="display: block;">...</div>
  (Session info: headless chrome=92.0.4515.159)
Build info: version: '4.0.0-rc-1', revision: 'bc5511cbda'
System info: host: 'runner-deployment-build-e2e-data-integrations-978f754d-z5wt4', ip: '10.116.13.9', os.name: 'Linux', os.arch: 'amd64', os.version: '5.4.144+', java.version: '1.8.0_292'
Driver info: org.openqa.selenium.chrome.ChromeDriver
Command: [8253d9b33420281d5f9cd91ab4c0e105, clickElement {id=2956927d-6f73-4cc2-b43b-e29bb8267591}]
Capabilities {acceptInsecureCerts: false, browserName: chrome, browserVersion: 92.0.4515.159, chrome: {chromedriverVersion: 92.0.4515.107 (87a818b10553..., userDataDir: /tmp/.com.google.Chrome.9ZslRT}, goog:chromeOptions: {debuggerAddress: localhost:45289}, javascriptEnabled: true, networkConnectionEnabled: false, pageLoadStrategy: normal, platform: LINUX, platformName: LINUX, proxy: Proxy(), se:cdp: ws://localhost:45289/devtoo..., se:cdpVersion: 92.0.4515.159, setWindowRect: true, strictFileInteractability: false, timeouts: {implicit: 0, pageLoad: 300000, script: 30000}, unhandledPromptBehavior: dismiss and notify, webauthn:extension:credBlob: true, webauthn:extension:largeBlob: true, webauthn:virtualAuthenticators: true}
Element: [[ChromeDriver: chrome on LINUX (8253d9b33420281d5f9cd91ab4c0e105)] -> xpath: //button[@data-cy='plugin-properties-validate-btn']/span[text()='Validate']]
Session ID: 8253d9b33420281d5f9cd91ab4c0e105
	at sun.reflect.NativeConstructorAccessorImpl.newInstance0(Native Method)
	at sun.reflect.NativeConstructorAccessorImpl.newInstance(NativeConstructorAccessorImpl.java:62)
	at sun.reflect.DelegatingConstructorAccessorImpl.newInstance(DelegatingConstructorAccessorImpl.java:45)
	at java.lang.reflect.Constructor.newInstance(Constructor.java:423)
	at org.openqa.selenium.remote.codec.w3c.W3CHttpResponseCodec.createException(W3CHttpResponseCodec.java:200)
	at org.openqa.selenium.remote.codec.w3c.W3CHttpResponseCodec.decode(W3CHttpResponseCodec.java:133)
	at org.openqa.selenium.remote.codec.w3c.W3CHttpResponseCodec.decode(W3CHttpResponseCodec.java:53)
	at org.openqa.selenium.remote.HttpCommandExecutor.execute(HttpCommandExecutor.java:184)
	at org.openqa.selenium.remote.service.DriverCommandExecutor.invokeExecute(DriverCommandExecutor.java:164)
	at org.openqa.selenium.remote.service.DriverCommandExecutor.execute(DriverCommandExecutor.java:139)
	at org.openqa.selenium.remote.RemoteWebDriver.execute(RemoteWebDriver.java:547)
	at org.openqa.selenium.remote.RemoteWebElement.execute(RemoteWebElement.java:251)
	at org.openqa.selenium.remote.RemoteWebElement.click(RemoteWebElement.java:77)
	at sun.reflect.GeneratedMethodAccessor6.invoke(Unknown Source)
	at sun.reflect.DelegatingMethodAccessorImpl.invoke(DelegatingMethodAccessorImpl.java:43)
	at java.lang.reflect.Method.invoke(Method.java:498)
	at org.openqa.selenium.support.pagefactory.internal.LocatingElementHandler.invoke(LocatingElementHandler.java:52)
	at com.sun.proxy.$Proxy22.click(Unknown Source)
	at io.cdap.e2e.pages.actions.CdfStudioActions.clickValidateButton(CdfStudioActions.java:103)
	at stepsdesign.PipelineSteps.validatePluginProperties(PipelineSteps.java:80)
	at ✽.Validate "PubSub" plugin properties(file:src/e2e-test/features/pubsub/sink/GCSToPubSub.feature:58)
]]></failure>
</testcase>
<testcase classname="PubSub-Sink - Verify PubSub sink plugin error Scenarios" name="Verify PubSub sink properties validation errors for mandatory fields" time="53.334986">
<failure message="org.openqa.selenium.NoSuchElementException: no such element: Unable to locate element: {&quot;method&quot;:&quot;xpath&quot;,&quot;selector&quot;:&quot;//*[text()='Sink ']&quot;}&#10;  (Session info: headless chrome=92.0.4515.159)&#10;For documentation on this error, please visit: https://selenium.dev/exceptions/#no_such_element&#10;Build info: version: '4.0.0-rc-1', revision: 'bc5511cbda'&#10;System info: host: 'runner-deployment-build-e2e-data-integrations-978f754d-z5wt4', ip: '10.116.13.9', os.name: 'Linux', os.arch: 'amd64', os.version: '5.4.144+', java.version: '1.8.0_292'&#10;Driver info: org.openqa.selenium.chrome.ChromeDriver&#10;Command: [8253d9b33420281d5f9cd91ab4c0e105, findElement {using=xpath, value=//*[text()='Sink ']}]&#10;Capabilities {acceptInsecureCerts: false, browserName: chrome, browserVersion: 92.0.4515.159, chrome: {chromedriverVersion: 92.0.4515.107 (87a818b10553..., userDataDir: /tmp/.com.google.Chrome.9ZslRT}, goog:chromeOptions: {debuggerAddress: localhost:45289}, javascriptEnabled: true, networkConnectionEnabled: false, pageLoadStrategy: normal, platform: LINUX, platformName: LINUX, proxy: Proxy(), se:cdp: ws://localhost:45289/devtoo..., se:cdpVersion: 92.0.4515.159, setWindowRect: true, strictFileInteractability: false, timeouts: {implicit: 0, pageLoad: 300000, script: 30000}, unhandledPromptBehavior: dismiss and notify, webauthn:extension:credBlob: true, webauthn:extension:largeBlob: true, webauthn:virtualAuthenticators: true}&#10;Session ID: 8253d9b33420281d5f9cd91ab4c0e105&#10;&#9;at sun.reflect.NativeConstructorAccessorImpl.newInstance0(Native Method)&#10;&#9;at sun.reflect.NativeConstructorAccessorImpl.newInstance(NativeConstructorAccessorImpl.java:62)&#10;&#9;at sun.reflect.DelegatingConstructorAccessorImpl.newInstance(DelegatingConstructorAccessorImpl.java:45)&#10;&#9;at java.lang.reflect.Constructor.newInstance(Constructor.java:423)&#10;&#9;at org.openqa.selenium.remote.codec.w3c.W3CHttpResponseCodec.createException(W3CHttpResponseCodec.java:200)&#10;&#9;at org.openqa.selenium.remote.codec.w3c.W3CHttpResponseCodec.decode(W3CHttpResponseCodec.java:133)&#10;&#9;at org.openqa.selenium.remote.codec.w3c.W3CHttpResponseCodec.decode(W3CHttpResponseCodec.java:53)&#10;&#9;at org.openqa.selenium.remote.HttpCommandExecutor.execute(HttpCommandExecutor.java:184)&#10;&#9;at org.openqa.selenium.remote.service.DriverCommandExecutor.invokeExecute(DriverCommandExecutor.java:164)&#10;&#9;at org.openqa.selenium.remote.service.DriverCommandExecutor.execute(DriverCommandExecutor.java:139)&#10;&#9;at org.openqa.selenium.remote.RemoteWebDriver.execute(RemoteWebDriver.java:547)&#10;&#9;at org.openqa.selenium.remote.ElementLocation$ElementFinder$2.findElement(ElementLocation.java:162)&#10;&#9;at org.openqa.selenium.remote.ElementLocation.findElement(ElementLocation.java:60)&#10;&#9;at org.openqa.selenium.remote.RemoteWebDriver.findElement(RemoteWebDriver.java:381)&#10;&#9;at org.openqa.selenium.remote.RemoteWebDriver.findElement(RemoteWebDriver.java:373)&#10;&#9;at org.openqa.selenium.support.pagefactory.DefaultElementLocator.findElement(DefaultElementLocator.java:70)&#10;&#9;at org.openqa.selenium.support.pagefactory.internal.LocatingElementHandler.invoke(LocatingElementHandler.java:39)&#10;&#9;at com.sun.proxy.$Proxy22.click(Unknown Source)&#10;&#9;at io.cdap.e2e.pages.actions.CdfStudioActions.clickSink(CdfStudioActions.java:99)&#10;&#9;at io.cdap.plugin.pubsubsink.stepsdesign.PubSubSink.sinkIsPubSub(PubSubSink.java:45)&#10;&#9;at ✽.Sink is PubSub(file:src/e2e-test/features/pubsub/sink/PubSubSinkErrorScnerios.feature:6)&#10;"><![CDATA[Given Open Datafusion Project to configure pipeline.........................passed
When Sink is PubSub.........................................................failed
Then Open the PubSub sink properties........................................skipped
Then Enter the PubSub property with blank property "referenceName"..........skipped
Then Validate mandatory property error for "referenceName"..................skipped

StackTrace:
org.openqa.selenium.NoSuchElementException: no such element: Unable to locate element: {"method":"xpath","selector":"//*[text()='Sink ']"}
  (Session info: headless chrome=92.0.4515.159)
For documentation on this error, please visit: https://selenium.dev/exceptions/#no_such_element
Build info: version: '4.0.0-rc-1', revision: 'bc5511cbda'
System info: host: 'runner-deployment-build-e2e-data-integrations-978f754d-z5wt4', ip: '10.116.13.9', os.name: 'Linux', os.arch: 'amd64', os.version: '5.4.144+', java.version: '1.8.0_292'
Driver info: org.openqa.selenium.chrome.ChromeDriver
Command: [8253d9b33420281d5f9cd91ab4c0e105, findElement {using=xpath, value=//*[text()='Sink ']}]
Capabilities {acceptInsecureCerts: false, browserName: chrome, browserVersion: 92.0.4515.159, chrome: {chromedriverVersion: 92.0.4515.107 (87a818b10553..., userDataDir: /tmp/.com.google.Chrome.9ZslRT}, goog:chromeOptions: {debuggerAddress: localhost:45289}, javascriptEnabled: true, networkConnectionEnabled: false, pageLoadStrategy: normal, platform: LINUX, platformName: LINUX, proxy: Proxy(), se:cdp: ws://localhost:45289/devtoo..., se:cdpVersion: 92.0.4515.159, setWindowRect: true, strictFileInteractability: false, timeouts: {implicit: 0, pageLoad: 300000, script: 30000}, unhandledPromptBehavior: dismiss and notify, webauthn:extension:credBlob: true, webauthn:extension:largeBlob: true, webauthn:virtualAuthenticators: true}
Session ID: 8253d9b33420281d5f9cd91ab4c0e105
	at sun.reflect.NativeConstructorAccessorImpl.newInstance0(Native Method)
	at sun.reflect.NativeConstructorAccessorImpl.newInstance(NativeConstructorAccessorImpl.java:62)
	at sun.reflect.DelegatingConstructorAccessorImpl.newInstance(DelegatingConstructorAccessorImpl.java:45)
	at java.lang.reflect.Constructor.newInstance(Constructor.java:423)
	at org.openqa.selenium.remote.codec.w3c.W3CHttpResponseCodec.createException(W3CHttpResponseCodec.java:200)
	at org.openqa.selenium.remote.codec.w3c.W3CHttpResponseCodec.decode(W3CHttpResponseCodec.java:133)
	at org.openqa.selenium.remote.codec.w3c.W3CHttpResponseCodec.decode(W3CHttpResponseCodec.java:53)
	at org.openqa.selenium.remote.HttpCommandExecutor.execute(HttpCommandExecutor.java:184)
	at org.openqa.selenium.remote.service.DriverCommandExecutor.invokeExecute(DriverCommandExecutor.java:164)
	at org.openqa.selenium.remote.service.DriverCommandExecutor.execute(DriverCommandExecutor.java:139)
	at org.openqa.selenium.remote.RemoteWebDriver.execute(RemoteWebDriver.java:547)
	at org.openqa.selenium.remote.ElementLocation$ElementFinder$2.findElement(ElementLocation.java:162)
	at org.openqa.selenium.remote.ElementLocation.findElement(ElementLocation.java:60)
	at org.openqa.selenium.remote.RemoteWebDriver.findElement(RemoteWebDriver.java:381)
	at org.openqa.selenium.remote.RemoteWebDriver.findElement(RemoteWebDriver.java:373)
	at org.openqa.selenium.support.pagefactory.DefaultElementLocator.findElement(DefaultElementLocator.java:70)
	at org.openqa.selenium.support.pagefactory.internal.LocatingElementHandler.invoke(LocatingElementHandler.java:39)
	at com.sun.proxy.$Proxy22.click(Unknown Source)
	at io.cdap.e2e.pages.actions.CdfStudioActions.clickSink(CdfStudioActions.java:99)
	at io.cdap.plugin.pubsubsink.stepsdesign.PubSubSink.sinkIsPubSub(PubSubSink.java:45)
	at ✽.Sink is PubSub(file:src/e2e-test/features/pubsub/sink/PubSubSinkErrorScnerios.feature:6)
]]></failure>
</testcase>
<testcase classname="PubSub-Sink - Verify PubSub sink plugin error Scenarios" name="Verify PubSub sink properties validation errors for mandatory fields 2" time="0.166733">
<failure message="org.openqa.selenium.WebDriverException: unknown error: net::ERR_CONNECTION_REFUSED&#10;  (Session info: headless chrome=92.0.4515.159)&#10;Build info: version: '4.0.0-rc-1', revision: 'bc5511cbda'&#10;System info: host: 'runner-deployment-build-e2e-data-integrations-978f754d-z5wt4', ip: '10.116.13.9', os.name: 'Linux', os.arch: 'amd64', os.version: '5.4.144+', java.version: '1.8.0_292'&#10;Driver info: org.openqa.selenium.chrome.ChromeDriver&#10;Command: [8253d9b33420281d5f9cd91ab4c0e105, get {url=http://localhost:11011/pipelines/ns/default/studio}]&#10;Capabilities {acceptInsecureCerts: false, browserName: chrome, browserVersion: 92.0.4515.159, chrome: {chromedriverVersion: 92.0.4515.107 (87a818b10553..., userDataDir: /tmp/.com.google.Chrome.9ZslRT}, goog:chromeOptions: {debuggerAddress: localhost:45289}, javascriptEnabled: true, networkConnectionEnabled: false, pageLoadStrategy: normal, platform: LINUX, platformName: LINUX, proxy: Proxy(), se:cdp: ws://localhost:45289/devtoo..., se:cdpVersion: 92.0.4515.159, setWindowRect: true, strictFileInteractability: false, timeouts: {implicit: 0, pageLoad: 300000, script: 30000}, unhandledPromptBehavior: dismiss and notify, webauthn:extension:credBlob: true, webauthn:extension:largeBlob: true, webauthn:virtualAuthenticators: true}&#10;Session ID: 8253d9b33420281d5f9cd91ab4c0e105&#10;&#9;at sun.reflect.NativeConstructorAccessorImpl.newInstance0(Native Method)&#10;&#9;at sun.reflect.NativeConstructorAccessorImpl.newInstance(NativeConstructorAccessorImpl.java:62)&#10;&#9;at sun.reflect.DelegatingConstructorAccessorImpl.newInstance(DelegatingConstructorAccessorImpl.java:45)&#10;&#9;at java.lang.reflect.Constructor.newInstance(Constructor.java:423)&#10;&#9;at org.openqa.selenium.remote.codec.w3c.W3CHttpResponseCodec.createException(W3CHttpResponseCodec.java:200)&#10;&#9;at org.openqa.selenium.remote.codec.w3c.W3CHttpResponseCodec.decode(W3CHttpResponseCodec.java:133)&#10;&#9;at org.openqa.selenium.remote.codec.w3c.W3CHttpResponseCodec.decode(W3CHttpResponseCodec.java:53)&#10;&#9;at org.openqa.selenium.remote.HttpCommandExecutor.execute(HttpCommandExecutor.java:184)&#10;&#9;at org.openqa.selenium.remote.service.DriverCommandExecutor.invokeExecute(DriverCommandExecutor.java:164)&#10;&#9;at org.openqa.selenium.remote.service.DriverCommandExecutor.execute(DriverCommandExecutor.java:139)&#10;&#9;at org.openqa.selenium.remote.RemoteWebDriver.execute(RemoteWebDriver.java:547)&#10;&#9;at org.openqa.selenium.remote.RemoteWebDriver.get(RemoteWebDriver.java:326)&#10;&#9;at io.cdap.e2e.utils.SeleniumDriver.openPage(SeleniumDriver.java:84)&#10;&#9;at io.cdap.e2e.utils.CdfHelper.openCdf(CdfHelper.java:48)&#10;&#9;at stepsdesign.PipelineSteps.openDatafusionProjectToConfigurePipeline(PipelineSteps.java:59)&#10;&#9;at ✽.Open Datafusion Project to configure pipeline(file:src/e2e-test/features/pubsub/sink/PubSubSinkErrorScnerios.feature:5)&#10;"><![CDATA[Given Open Datafusion Project to configure pipeline.........................failed
When Sink is PubSub.........................................................skipped
Then Open the PubSub sink properties........................................skipped
Then Enter the PubSub property with blank property "topic"..................skipped
Then Validate mandatory property error for "topic"..........................skipped

StackTrace:
org.openqa.selenium.WebDriverException: unknown error: net::ERR_CONNECTION_REFUSED
  (Session info: headless chrome=92.0.4515.159)
Build info: version: '4.0.0-rc-1', revision: 'bc5511cbda'
System info: host: 'runner-deployment-build-e2e-data-integrations-978f754d-z5wt4', ip: '10.116.13.9', os.name: 'Linux', os.arch: 'amd64', os.version: '5.4.144+', java.version: '1.8.0_292'
Driver info: org.openqa.selenium.chrome.ChromeDriver
Command: [8253d9b33420281d5f9cd91ab4c0e105, get {url=http://localhost:11011/pipelines/ns/default/studio}]
Capabilities {acceptInsecureCerts: false, browserName: chrome, browserVersion: 92.0.4515.159, chrome: {chromedriverVersion: 92.0.4515.107 (87a818b10553..., userDataDir: /tmp/.com.google.Chrome.9ZslRT}, goog:chromeOptions: {debuggerAddress: localhost:45289}, javascriptEnabled: true, networkConnectionEnabled: false, pageLoadStrategy: normal, platform: LINUX, platformName: LINUX, proxy: Proxy(), se:cdp: ws://localhost:45289/devtoo..., se:cdpVersion: 92.0.4515.159, setWindowRect: true, strictFileInteractability: false, timeouts: {implicit: 0, pageLoad: 300000, script: 30000}, unhandledPromptBehavior: dismiss and notify, webauthn:extension:credBlob: true, webauthn:extension:largeBlob: true, webauthn:virtualAuthenticators: true}
Session ID: 8253d9b33420281d5f9cd91ab4c0e105
	at sun.reflect.NativeConstructorAccessorImpl.newInstance0(Native Method)
	at sun.reflect.NativeConstructorAccessorImpl.newInstance(NativeConstructorAccessorImpl.java:62)
	at sun.reflect.DelegatingConstructorAccessorImpl.newInstance(DelegatingConstructorAccessorImpl.java:45)
	at java.lang.reflect.Constructor.newInstance(Constructor.java:423)
	at org.openqa.selenium.remote.codec.w3c.W3CHttpResponseCodec.createException(W3CHttpResponseCodec.java:200)
	at org.openqa.selenium.remote.codec.w3c.W3CHttpResponseCodec.decode(W3CHttpResponseCodec.java:133)
	at org.openqa.selenium.remote.codec.w3c.W3CHttpResponseCodec.decode(W3CHttpResponseCodec.java:53)
	at org.openqa.selenium.remote.HttpCommandExecutor.execute(HttpCommandExecutor.java:184)
	at org.openqa.selenium.remote.service.DriverCommandExecutor.invokeExecute(DriverCommandExecutor.java:164)
	at org.openqa.selenium.remote.service.DriverCommandExecutor.execute(DriverCommandExecutor.java:139)
	at org.openqa.selenium.remote.RemoteWebDriver.execute(RemoteWebDriver.java:547)
	at org.openqa.selenium.remote.RemoteWebDriver.get(RemoteWebDriver.java:326)
	at io.cdap.e2e.utils.SeleniumDriver.openPage(SeleniumDriver.java:84)
	at io.cdap.e2e.utils.CdfHelper.openCdf(CdfHelper.java:48)
	at stepsdesign.PipelineSteps.openDatafusionProjectToConfigurePipeline(PipelineSteps.java:59)
	at ✽.Open Datafusion Project to configure pipeline(file:src/e2e-test/features/pubsub/sink/PubSubSinkErrorScnerios.feature:5)
]]></failure>
</testcase>
<testcase classname="PubSub-Sink - Verify PubSub sink plugin error Scenarios" name="Verify errors for incorrect values in pubsub advanced properties" time="0.17278">
<failure message="org.openqa.selenium.WebDriverException: unknown error: net::ERR_CONNECTION_REFUSED&#10;  (Session info: headless chrome=92.0.4515.159)&#10;Build info: version: '4.0.0-rc-1', revision: 'bc5511cbda'&#10;System info: host: 'runner-deployment-build-e2e-data-integrations-978f754d-z5wt4', ip: '10.116.13.9', os.name: 'Linux', os.arch: 'amd64', os.version: '5.4.144+', java.version: '1.8.0_292'&#10;Driver info: org.openqa.selenium.chrome.ChromeDriver&#10;Command: [8253d9b33420281d5f9cd91ab4c0e105, get {url=http://localhost:11011/pipelines/ns/default/studio}]&#10;Capabilities {acceptInsecureCerts: false, browserName: chrome, browserVersion: 92.0.4515.159, chrome: {chromedriverVersion: 92.0.4515.107 (87a818b10553..., userDataDir: /tmp/.com.google.Chrome.9ZslRT}, goog:chromeOptions: {debuggerAddress: localhost:45289}, javascriptEnabled: true, networkConnectionEnabled: false, pageLoadStrategy: normal, platform: LINUX, platformName: LINUX, proxy: Proxy(), se:cdp: ws://localhost:45289/devtoo..., se:cdpVersion: 92.0.4515.159, setWindowRect: true, strictFileInteractability: false, timeouts: {implicit: 0, pageLoad: 300000, script: 30000}, unhandledPromptBehavior: dismiss and notify, webauthn:extension:credBlob: true, webauthn:extension:largeBlob: true, webauthn:virtualAuthenticators: true}&#10;Session ID: 8253d9b33420281d5f9cd91ab4c0e105&#10;&#9;at sun.reflect.NativeConstructorAccessorImpl.newInstance0(Native Method)&#10;&#9;at sun.reflect.NativeConstructorAccessorImpl.newInstance(NativeConstructorAccessorImpl.java:62)&#10;&#9;at sun.reflect.DelegatingConstructorAccessorImpl.newInstance(DelegatingConstructorAccessorImpl.java:45)&#10;&#9;at java.lang.reflect.Constructor.newInstance(Constructor.java:423)&#10;&#9;at org.openqa.selenium.remote.codec.w3c.W3CHttpResponseCodec.createException(W3CHttpResponseCodec.java:200)&#10;&#9;at org.openqa.selenium.remote.codec.w3c.W3CHttpResponseCodec.decode(W3CHttpResponseCodec.java:133)&#10;&#9;at org.openqa.selenium.remote.codec.w3c.W3CHttpResponseCodec.decode(W3CHttpResponseCodec.java:53)&#10;&#9;at org.openqa.selenium.remote.HttpCommandExecutor.execute(HttpCommandExecutor.java:184)&#10;&#9;at org.openqa.selenium.remote.service.DriverCommandExecutor.invokeExecute(DriverCommandExecutor.java:164)&#10;&#9;at org.openqa.selenium.remote.service.DriverCommandExecutor.execute(DriverCommandExecutor.java:139)&#10;&#9;at org.openqa.selenium.remote.RemoteWebDriver.execute(RemoteWebDriver.java:547)&#10;&#9;at org.openqa.selenium.remote.RemoteWebDriver.get(RemoteWebDriver.java:326)&#10;&#9;at io.cdap.e2e.utils.SeleniumDriver.openPage(SeleniumDriver.java:84)&#10;&#9;at io.cdap.e2e.utils.CdfHelper.openCdf(CdfHelper.java:48)&#10;&#9;at stepsdesign.PipelineSteps.openDatafusionProjectToConfigurePipeline(PipelineSteps.java:59)&#10;&#9;at ✽.Open Datafusion Project to configure pipeline(file:src/e2e-test/features/pubsub/sink/PubSubSinkErrorScnerios.feature:16)&#10;"><![CDATA[Given Open Datafusion Project to configure pipeline.........................failed
When Sink is PubSub.........................................................skipped
Then Open the PubSub sink properties........................................skipped
Then Enter PubSub property reference name...................................skipped
Then Enter PubSub property projectId "projectId"............................skipped
Then Enter PubSub topic name "dummytopic"...................................skipped
Then Select PubSub property format "csv"....................................skipped
Then Enter the PubSub advanced properties with incorrect property "messageCountBatchSize".skipped
Then Validate the error message for invalid PubSub advanced property "messageCountBatchSize".skipped

StackTrace:
org.openqa.selenium.WebDriverException: unknown error: net::ERR_CONNECTION_REFUSED
  (Session info: headless chrome=92.0.4515.159)
Build info: version: '4.0.0-rc-1', revision: 'bc5511cbda'
System info: host: 'runner-deployment-build-e2e-data-integrations-978f754d-z5wt4', ip: '10.116.13.9', os.name: 'Linux', os.arch: 'amd64', os.version: '5.4.144+', java.version: '1.8.0_292'
Driver info: org.openqa.selenium.chrome.ChromeDriver
Command: [8253d9b33420281d5f9cd91ab4c0e105, get {url=http://localhost:11011/pipelines/ns/default/studio}]
Capabilities {acceptInsecureCerts: false, browserName: chrome, browserVersion: 92.0.4515.159, chrome: {chromedriverVersion: 92.0.4515.107 (87a818b10553..., userDataDir: /tmp/.com.google.Chrome.9ZslRT}, goog:chromeOptions: {debuggerAddress: localhost:45289}, javascriptEnabled: true, networkConnectionEnabled: false, pageLoadStrategy: normal, platform: LINUX, platformName: LINUX, proxy: Proxy(), se:cdp: ws://localhost:45289/devtoo..., se:cdpVersion: 92.0.4515.159, setWindowRect: true, strictFileInteractability: false, timeouts: {implicit: 0, pageLoad: 300000, script: 30000}, unhandledPromptBehavior: dismiss and notify, webauthn:extension:credBlob: true, webauthn:extension:largeBlob: true, webauthn:virtualAuthenticators: true}
Session ID: 8253d9b33420281d5f9cd91ab4c0e105
	at sun.reflect.NativeConstructorAccessorImpl.newInstance0(Native Method)
	at sun.reflect.NativeConstructorAccessorImpl.newInstance(NativeConstructorAccessorImpl.java:62)
	at sun.reflect.DelegatingConstructorAccessorImpl.newInstance(DelegatingConstructorAccessorImpl.java:45)
	at java.lang.reflect.Constructor.newInstance(Constructor.java:423)
	at org.openqa.selenium.remote.codec.w3c.W3CHttpResponseCodec.createException(W3CHttpResponseCodec.java:200)
	at org.openqa.selenium.remote.codec.w3c.W3CHttpResponseCodec.decode(W3CHttpResponseCodec.java:133)
	at org.openqa.selenium.remote.codec.w3c.W3CHttpResponseCodec.decode(W3CHttpResponseCodec.java:53)
	at org.openqa.selenium.remote.HttpCommandExecutor.execute(HttpCommandExecutor.java:184)
	at org.openqa.selenium.remote.service.DriverCommandExecutor.invokeExecute(DriverCommandExecutor.java:164)
	at org.openqa.selenium.remote.service.DriverCommandExecutor.execute(DriverCommandExecutor.java:139)
	at org.openqa.selenium.remote.RemoteWebDriver.execute(RemoteWebDriver.java:547)
	at org.openqa.selenium.remote.RemoteWebDriver.get(RemoteWebDriver.java:326)
	at io.cdap.e2e.utils.SeleniumDriver.openPage(SeleniumDriver.java:84)
	at io.cdap.e2e.utils.CdfHelper.openCdf(CdfHelper.java:48)
	at stepsdesign.PipelineSteps.openDatafusionProjectToConfigurePipeline(PipelineSteps.java:59)
	at ✽.Open Datafusion Project to configure pipeline(file:src/e2e-test/features/pubsub/sink/PubSubSinkErrorScnerios.feature:16)
]]></failure>
</testcase>
<testcase classname="PubSub-Sink - Verify PubSub sink plugin error Scenarios" name="Verify errors for incorrect values in pubsub advanced properties 2" time="0.175045">
<failure message="org.openqa.selenium.WebDriverException: unknown error: net::ERR_CONNECTION_REFUSED&#10;  (Session info: headless chrome=92.0.4515.159)&#10;Build info: version: '4.0.0-rc-1', revision: 'bc5511cbda'&#10;System info: host: 'runner-deployment-build-e2e-data-integrations-978f754d-z5wt4', ip: '10.116.13.9', os.name: 'Linux', os.arch: 'amd64', os.version: '5.4.144+', java.version: '1.8.0_292'&#10;Driver info: org.openqa.selenium.chrome.ChromeDriver&#10;Command: [8253d9b33420281d5f9cd91ab4c0e105, get {url=http://localhost:11011/pipelines/ns/default/studio}]&#10;Capabilities {acceptInsecureCerts: false, browserName: chrome, browserVersion: 92.0.4515.159, chrome: {chromedriverVersion: 92.0.4515.107 (87a818b10553..., userDataDir: /tmp/.com.google.Chrome.9ZslRT}, goog:chromeOptions: {debuggerAddress: localhost:45289}, javascriptEnabled: true, networkConnectionEnabled: false, pageLoadStrategy: normal, platform: LINUX, platformName: LINUX, proxy: Proxy(), se:cdp: ws://localhost:45289/devtoo..., se:cdpVersion: 92.0.4515.159, setWindowRect: true, strictFileInteractability: false, timeouts: {implicit: 0, pageLoad: 300000, script: 30000}, unhandledPromptBehavior: dismiss and notify, webauthn:extension:credBlob: true, webauthn:extension:largeBlob: true, webauthn:virtualAuthenticators: true}&#10;Session ID: 8253d9b33420281d5f9cd91ab4c0e105&#10;&#9;at sun.reflect.NativeConstructorAccessorImpl.newInstance0(Native Method)&#10;&#9;at sun.reflect.NativeConstructorAccessorImpl.newInstance(NativeConstructorAccessorImpl.java:62)&#10;&#9;at sun.reflect.DelegatingConstructorAccessorImpl.newInstance(DelegatingConstructorAccessorImpl.java:45)&#10;&#9;at java.lang.reflect.Constructor.newInstance(Constructor.java:423)&#10;&#9;at org.openqa.selenium.remote.codec.w3c.W3CHttpResponseCodec.createException(W3CHttpResponseCodec.java:200)&#10;&#9;at org.openqa.selenium.remote.codec.w3c.W3CHttpResponseCodec.decode(W3CHttpResponseCodec.java:133)&#10;&#9;at org.openqa.selenium.remote.codec.w3c.W3CHttpResponseCodec.decode(W3CHttpResponseCodec.java:53)&#10;&#9;at org.openqa.selenium.remote.HttpCommandExecutor.execute(HttpCommandExecutor.java:184)&#10;&#9;at org.openqa.selenium.remote.service.DriverCommandExecutor.invokeExecute(DriverCommandExecutor.java:164)&#10;&#9;at org.openqa.selenium.remote.service.DriverCommandExecutor.execute(DriverCommandExecutor.java:139)&#10;&#9;at org.openqa.selenium.remote.RemoteWebDriver.execute(RemoteWebDriver.java:547)&#10;&#9;at org.openqa.selenium.remote.RemoteWebDriver.get(RemoteWebDriver.java:326)&#10;&#9;at io.cdap.e2e.utils.SeleniumDriver.openPage(SeleniumDriver.java:84)&#10;&#9;at io.cdap.e2e.utils.CdfHelper.openCdf(CdfHelper.java:48)&#10;&#9;at stepsdesign.PipelineSteps.openDatafusionProjectToConfigurePipeline(PipelineSteps.java:59)&#10;&#9;at ✽.Open Datafusion Project to configure pipeline(file:src/e2e-test/features/pubsub/sink/PubSubSinkErrorScnerios.feature:16)&#10;"><![CDATA[Given Open Datafusion Project to configure pipeline.........................failed
When Sink is PubSub.........................................................skipped
Then Open the PubSub sink properties........................................skipped
Then Enter PubSub property reference name...................................skipped
Then Enter PubSub property projectId "projectId"............................skipped
Then Enter PubSub topic name "dummytopic"...................................skipped
Then Select PubSub property format "csv"....................................skipped
Then Enter the PubSub advanced properties with incorrect property "requestThresholdKB".skipped
Then Validate the error message for invalid PubSub advanced property "requestThresholdKB".skipped

StackTrace:
org.openqa.selenium.WebDriverException: unknown error: net::ERR_CONNECTION_REFUSED
  (Session info: headless chrome=92.0.4515.159)
Build info: version: '4.0.0-rc-1', revision: 'bc5511cbda'
System info: host: 'runner-deployment-build-e2e-data-integrations-978f754d-z5wt4', ip: '10.116.13.9', os.name: 'Linux', os.arch: 'amd64', os.version: '5.4.144+', java.version: '1.8.0_292'
Driver info: org.openqa.selenium.chrome.ChromeDriver
Command: [8253d9b33420281d5f9cd91ab4c0e105, get {url=http://localhost:11011/pipelines/ns/default/studio}]
Capabilities {acceptInsecureCerts: false, browserName: chrome, browserVersion: 92.0.4515.159, chrome: {chromedriverVersion: 92.0.4515.107 (87a818b10553..., userDataDir: /tmp/.com.google.Chrome.9ZslRT}, goog:chromeOptions: {debuggerAddress: localhost:45289}, javascriptEnabled: true, networkConnectionEnabled: false, pageLoadStrategy: normal, platform: LINUX, platformName: LINUX, proxy: Proxy(), se:cdp: ws://localhost:45289/devtoo..., se:cdpVersion: 92.0.4515.159, setWindowRect: true, strictFileInteractability: false, timeouts: {implicit: 0, pageLoad: 300000, script: 30000}, unhandledPromptBehavior: dismiss and notify, webauthn:extension:credBlob: true, webauthn:extension:largeBlob: true, webauthn:virtualAuthenticators: true}
Session ID: 8253d9b33420281d5f9cd91ab4c0e105
	at sun.reflect.NativeConstructorAccessorImpl.newInstance0(Native Method)
	at sun.reflect.NativeConstructorAccessorImpl.newInstance(NativeConstructorAccessorImpl.java:62)
	at sun.reflect.DelegatingConstructorAccessorImpl.newInstance(DelegatingConstructorAccessorImpl.java:45)
	at java.lang.reflect.Constructor.newInstance(Constructor.java:423)
	at org.openqa.selenium.remote.codec.w3c.W3CHttpResponseCodec.createException(W3CHttpResponseCodec.java:200)
	at org.openqa.selenium.remote.codec.w3c.W3CHttpResponseCodec.decode(W3CHttpResponseCodec.java:133)
	at org.openqa.selenium.remote.codec.w3c.W3CHttpResponseCodec.decode(W3CHttpResponseCodec.java:53)
	at org.openqa.selenium.remote.HttpCommandExecutor.execute(HttpCommandExecutor.java:184)
	at org.openqa.selenium.remote.service.DriverCommandExecutor.invokeExecute(DriverCommandExecutor.java:164)
	at org.openqa.selenium.remote.service.DriverCommandExecutor.execute(DriverCommandExecutor.java:139)
	at org.openqa.selenium.remote.RemoteWebDriver.execute(RemoteWebDriver.java:547)
	at org.openqa.selenium.remote.RemoteWebDriver.get(RemoteWebDriver.java:326)
	at io.cdap.e2e.utils.SeleniumDriver.openPage(SeleniumDriver.java:84)
	at io.cdap.e2e.utils.CdfHelper.openCdf(CdfHelper.java:48)
	at stepsdesign.PipelineSteps.openDatafusionProjectToConfigurePipeline(PipelineSteps.java:59)
	at ✽.Open Datafusion Project to configure pipeline(file:src/e2e-test/features/pubsub/sink/PubSubSinkErrorScnerios.feature:16)
]]></failure>
</testcase>
<testcase classname="PubSub-Sink - Verify PubSub sink plugin error Scenarios" name="Verify errors for incorrect values in pubsub advanced properties 3" time="0.172108">
<failure message="org.openqa.selenium.WebDriverException: unknown error: net::ERR_CONNECTION_REFUSED&#10;  (Session info: headless chrome=92.0.4515.159)&#10;Build info: version: '4.0.0-rc-1', revision: 'bc5511cbda'&#10;System info: host: 'runner-deployment-build-e2e-data-integrations-978f754d-z5wt4', ip: '10.116.13.9', os.name: 'Linux', os.arch: 'amd64', os.version: '5.4.144+', java.version: '1.8.0_292'&#10;Driver info: org.openqa.selenium.chrome.ChromeDriver&#10;Command: [8253d9b33420281d5f9cd91ab4c0e105, get {url=http://localhost:11011/pipelines/ns/default/studio}]&#10;Capabilities {acceptInsecureCerts: false, browserName: chrome, browserVersion: 92.0.4515.159, chrome: {chromedriverVersion: 92.0.4515.107 (87a818b10553..., userDataDir: /tmp/.com.google.Chrome.9ZslRT}, goog:chromeOptions: {debuggerAddress: localhost:45289}, javascriptEnabled: true, networkConnectionEnabled: false, pageLoadStrategy: normal, platform: LINUX, platformName: LINUX, proxy: Proxy(), se:cdp: ws://localhost:45289/devtoo..., se:cdpVersion: 92.0.4515.159, setWindowRect: true, strictFileInteractability: false, timeouts: {implicit: 0, pageLoad: 300000, script: 30000}, unhandledPromptBehavior: dismiss and notify, webauthn:extension:credBlob: true, webauthn:extension:largeBlob: true, webauthn:virtualAuthenticators: true}&#10;Session ID: 8253d9b33420281d5f9cd91ab4c0e105&#10;&#9;at sun.reflect.NativeConstructorAccessorImpl.newInstance0(Native Method)&#10;&#9;at sun.reflect.NativeConstructorAccessorImpl.newInstance(NativeConstructorAccessorImpl.java:62)&#10;&#9;at sun.reflect.DelegatingConstructorAccessorImpl.newInstance(DelegatingConstructorAccessorImpl.java:45)&#10;&#9;at java.lang.reflect.Constructor.newInstance(Constructor.java:423)&#10;&#9;at org.openqa.selenium.remote.codec.w3c.W3CHttpResponseCodec.createException(W3CHttpResponseCodec.java:200)&#10;&#9;at org.openqa.selenium.remote.codec.w3c.W3CHttpResponseCodec.decode(W3CHttpResponseCodec.java:133)&#10;&#9;at org.openqa.selenium.remote.codec.w3c.W3CHttpResponseCodec.decode(W3CHttpResponseCodec.java:53)&#10;&#9;at org.openqa.selenium.remote.HttpCommandExecutor.execute(HttpCommandExecutor.java:184)&#10;&#9;at org.openqa.selenium.remote.service.DriverCommandExecutor.invokeExecute(DriverCommandExecutor.java:164)&#10;&#9;at org.openqa.selenium.remote.service.DriverCommandExecutor.execute(DriverCommandExecutor.java:139)&#10;&#9;at org.openqa.selenium.remote.RemoteWebDriver.execute(RemoteWebDriver.java:547)&#10;&#9;at org.openqa.selenium.remote.RemoteWebDriver.get(RemoteWebDriver.java:326)&#10;&#9;at io.cdap.e2e.utils.SeleniumDriver.openPage(SeleniumDriver.java:84)&#10;&#9;at io.cdap.e2e.utils.CdfHelper.openCdf(CdfHelper.java:48)&#10;&#9;at stepsdesign.PipelineSteps.openDatafusionProjectToConfigurePipeline(PipelineSteps.java:59)&#10;&#9;at ✽.Open Datafusion Project to configure pipeline(file:src/e2e-test/features/pubsub/sink/PubSubSinkErrorScnerios.feature:16)&#10;"><![CDATA[Given Open Datafusion Project to configure pipeline.........................failed
When Sink is PubSub.........................................................skipped
Then Open the PubSub sink properties........................................skipped
Then Enter PubSub property reference name...................................skipped
Then Enter PubSub property projectId "projectId"............................skipped
Then Enter PubSub topic name "dummytopic"...................................skipped
Then Select PubSub property format "csv"....................................skipped
Then Enter the PubSub advanced properties with incorrect property "publishDelayThresholdMillis".skipped
Then Validate the error message for invalid PubSub advanced property "publishDelayThresholdMillis".skipped

StackTrace:
org.openqa.selenium.WebDriverException: unknown error: net::ERR_CONNECTION_REFUSED
  (Session info: headless chrome=92.0.4515.159)
Build info: version: '4.0.0-rc-1', revision: 'bc5511cbda'
System info: host: 'runner-deployment-build-e2e-data-integrations-978f754d-z5wt4', ip: '10.116.13.9', os.name: 'Linux', os.arch: 'amd64', os.version: '5.4.144+', java.version: '1.8.0_292'
Driver info: org.openqa.selenium.chrome.ChromeDriver
Command: [8253d9b33420281d5f9cd91ab4c0e105, get {url=http://localhost:11011/pipelines/ns/default/studio}]
Capabilities {acceptInsecureCerts: false, browserName: chrome, browserVersion: 92.0.4515.159, chrome: {chromedriverVersion: 92.0.4515.107 (87a818b10553..., userDataDir: /tmp/.com.google.Chrome.9ZslRT}, goog:chromeOptions: {debuggerAddress: localhost:45289}, javascriptEnabled: true, networkConnectionEnabled: false, pageLoadStrategy: normal, platform: LINUX, platformName: LINUX, proxy: Proxy(), se:cdp: ws://localhost:45289/devtoo..., se:cdpVersion: 92.0.4515.159, setWindowRect: true, strictFileInteractability: false, timeouts: {implicit: 0, pageLoad: 300000, script: 30000}, unhandledPromptBehavior: dismiss and notify, webauthn:extension:credBlob: true, webauthn:extension:largeBlob: true, webauthn:virtualAuthenticators: true}
Session ID: 8253d9b33420281d5f9cd91ab4c0e105
	at sun.reflect.NativeConstructorAccessorImpl.newInstance0(Native Method)
	at sun.reflect.NativeConstructorAccessorImpl.newInstance(NativeConstructorAccessorImpl.java:62)
	at sun.reflect.DelegatingConstructorAccessorImpl.newInstance(DelegatingConstructorAccessorImpl.java:45)
	at java.lang.reflect.Constructor.newInstance(Constructor.java:423)
	at org.openqa.selenium.remote.codec.w3c.W3CHttpResponseCodec.createException(W3CHttpResponseCodec.java:200)
	at org.openqa.selenium.remote.codec.w3c.W3CHttpResponseCodec.decode(W3CHttpResponseCodec.java:133)
	at org.openqa.selenium.remote.codec.w3c.W3CHttpResponseCodec.decode(W3CHttpResponseCodec.java:53)
	at org.openqa.selenium.remote.HttpCommandExecutor.execute(HttpCommandExecutor.java:184)
	at org.openqa.selenium.remote.service.DriverCommandExecutor.invokeExecute(DriverCommandExecutor.java:164)
	at org.openqa.selenium.remote.service.DriverCommandExecutor.execute(DriverCommandExecutor.java:139)
	at org.openqa.selenium.remote.RemoteWebDriver.execute(RemoteWebDriver.java:547)
	at org.openqa.selenium.remote.RemoteWebDriver.get(RemoteWebDriver.java:326)
	at io.cdap.e2e.utils.SeleniumDriver.openPage(SeleniumDriver.java:84)
	at io.cdap.e2e.utils.CdfHelper.openCdf(CdfHelper.java:48)
	at stepsdesign.PipelineSteps.openDatafusionProjectToConfigurePipeline(PipelineSteps.java:59)
	at ✽.Open Datafusion Project to configure pipeline(file:src/e2e-test/features/pubsub/sink/PubSubSinkErrorScnerios.feature:16)
]]></failure>
</testcase>
<testcase classname="PubSub-Sink - Verify PubSub sink plugin error Scenarios" name="Verify errors for incorrect values in pubsub advanced properties 4" time="0.160313">
<failure message="org.openqa.selenium.WebDriverException: unknown error: net::ERR_CONNECTION_REFUSED&#10;  (Session info: headless chrome=92.0.4515.159)&#10;Build info: version: '4.0.0-rc-1', revision: 'bc5511cbda'&#10;System info: host: 'runner-deployment-build-e2e-data-integrations-978f754d-z5wt4', ip: '10.116.13.9', os.name: 'Linux', os.arch: 'amd64', os.version: '5.4.144+', java.version: '1.8.0_292'&#10;Driver info: org.openqa.selenium.chrome.ChromeDriver&#10;Command: [8253d9b33420281d5f9cd91ab4c0e105, get {url=http://localhost:11011/pipelines/ns/default/studio}]&#10;Capabilities {acceptInsecureCerts: false, browserName: chrome, browserVersion: 92.0.4515.159, chrome: {chromedriverVersion: 92.0.4515.107 (87a818b10553..., userDataDir: /tmp/.com.google.Chrome.9ZslRT}, goog:chromeOptions: {debuggerAddress: localhost:45289}, javascriptEnabled: true, networkConnectionEnabled: false, pageLoadStrategy: normal, platform: LINUX, platformName: LINUX, proxy: Proxy(), se:cdp: ws://localhost:45289/devtoo..., se:cdpVersion: 92.0.4515.159, setWindowRect: true, strictFileInteractability: false, timeouts: {implicit: 0, pageLoad: 300000, script: 30000}, unhandledPromptBehavior: dismiss and notify, webauthn:extension:credBlob: true, webauthn:extension:largeBlob: true, webauthn:virtualAuthenticators: true}&#10;Session ID: 8253d9b33420281d5f9cd91ab4c0e105&#10;&#9;at sun.reflect.NativeConstructorAccessorImpl.newInstance0(Native Method)&#10;&#9;at sun.reflect.NativeConstructorAccessorImpl.newInstance(NativeConstructorAccessorImpl.java:62)&#10;&#9;at sun.reflect.DelegatingConstructorAccessorImpl.newInstance(DelegatingConstructorAccessorImpl.java:45)&#10;&#9;at java.lang.reflect.Constructor.newInstance(Constructor.java:423)&#10;&#9;at org.openqa.selenium.remote.codec.w3c.W3CHttpResponseCodec.createException(W3CHttpResponseCodec.java:200)&#10;&#9;at org.openqa.selenium.remote.codec.w3c.W3CHttpResponseCodec.decode(W3CHttpResponseCodec.java:133)&#10;&#9;at org.openqa.selenium.remote.codec.w3c.W3CHttpResponseCodec.decode(W3CHttpResponseCodec.java:53)&#10;&#9;at org.openqa.selenium.remote.HttpCommandExecutor.execute(HttpCommandExecutor.java:184)&#10;&#9;at org.openqa.selenium.remote.service.DriverCommandExecutor.invokeExecute(DriverCommandExecutor.java:164)&#10;&#9;at org.openqa.selenium.remote.service.DriverCommandExecutor.execute(DriverCommandExecutor.java:139)&#10;&#9;at org.openqa.selenium.remote.RemoteWebDriver.execute(RemoteWebDriver.java:547)&#10;&#9;at org.openqa.selenium.remote.RemoteWebDriver.get(RemoteWebDriver.java:326)&#10;&#9;at io.cdap.e2e.utils.SeleniumDriver.openPage(SeleniumDriver.java:84)&#10;&#9;at io.cdap.e2e.utils.CdfHelper.openCdf(CdfHelper.java:48)&#10;&#9;at stepsdesign.PipelineSteps.openDatafusionProjectToConfigurePipeline(PipelineSteps.java:59)&#10;&#9;at ✽.Open Datafusion Project to configure pipeline(file:src/e2e-test/features/pubsub/sink/PubSubSinkErrorScnerios.feature:16)&#10;"><![CDATA[Given Open Datafusion Project to configure pipeline.........................failed
When Sink is PubSub.........................................................skipped
Then Open the PubSub sink properties........................................skipped
Then Enter PubSub property reference name...................................skipped
Then Enter PubSub property projectId "projectId"............................skipped
Then Enter PubSub topic name "dummytopic"...................................skipped
Then Select PubSub property format "csv"....................................skipped
Then Enter the PubSub advanced properties with incorrect property "retryTimeoutSeconds".skipped
Then Validate the error message for invalid PubSub advanced property "retryTimeoutSeconds".skipped

StackTrace:
org.openqa.selenium.WebDriverException: unknown error: net::ERR_CONNECTION_REFUSED
  (Session info: headless chrome=92.0.4515.159)
Build info: version: '4.0.0-rc-1', revision: 'bc5511cbda'
System info: host: 'runner-deployment-build-e2e-data-integrations-978f754d-z5wt4', ip: '10.116.13.9', os.name: 'Linux', os.arch: 'amd64', os.version: '5.4.144+', java.version: '1.8.0_292'
Driver info: org.openqa.selenium.chrome.ChromeDriver
Command: [8253d9b33420281d5f9cd91ab4c0e105, get {url=http://localhost:11011/pipelines/ns/default/studio}]
Capabilities {acceptInsecureCerts: false, browserName: chrome, browserVersion: 92.0.4515.159, chrome: {chromedriverVersion: 92.0.4515.107 (87a818b10553..., userDataDir: /tmp/.com.google.Chrome.9ZslRT}, goog:chromeOptions: {debuggerAddress: localhost:45289}, javascriptEnabled: true, networkConnectionEnabled: false, pageLoadStrategy: normal, platform: LINUX, platformName: LINUX, proxy: Proxy(), se:cdp: ws://localhost:45289/devtoo..., se:cdpVersion: 92.0.4515.159, setWindowRect: true, strictFileInteractability: false, timeouts: {implicit: 0, pageLoad: 300000, script: 30000}, unhandledPromptBehavior: dismiss and notify, webauthn:extension:credBlob: true, webauthn:extension:largeBlob: true, webauthn:virtualAuthenticators: true}
Session ID: 8253d9b33420281d5f9cd91ab4c0e105
	at sun.reflect.NativeConstructorAccessorImpl.newInstance0(Native Method)
	at sun.reflect.NativeConstructorAccessorImpl.newInstance(NativeConstructorAccessorImpl.java:62)
	at sun.reflect.DelegatingConstructorAccessorImpl.newInstance(DelegatingConstructorAccessorImpl.java:45)
	at java.lang.reflect.Constructor.newInstance(Constructor.java:423)
	at org.openqa.selenium.remote.codec.w3c.W3CHttpResponseCodec.createException(W3CHttpResponseCodec.java:200)
	at org.openqa.selenium.remote.codec.w3c.W3CHttpResponseCodec.decode(W3CHttpResponseCodec.java:133)
	at org.openqa.selenium.remote.codec.w3c.W3CHttpResponseCodec.decode(W3CHttpResponseCodec.java:53)
	at org.openqa.selenium.remote.HttpCommandExecutor.execute(HttpCommandExecutor.java:184)
	at org.openqa.selenium.remote.service.DriverCommandExecutor.invokeExecute(DriverCommandExecutor.java:164)
	at org.openqa.selenium.remote.service.DriverCommandExecutor.execute(DriverCommandExecutor.java:139)
	at org.openqa.selenium.remote.RemoteWebDriver.execute(RemoteWebDriver.java:547)
	at org.openqa.selenium.remote.RemoteWebDriver.get(RemoteWebDriver.java:326)
	at io.cdap.e2e.utils.SeleniumDriver.openPage(SeleniumDriver.java:84)
	at io.cdap.e2e.utils.CdfHelper.openCdf(CdfHelper.java:48)
	at stepsdesign.PipelineSteps.openDatafusionProjectToConfigurePipeline(PipelineSteps.java:59)
	at ✽.Open Datafusion Project to configure pipeline(file:src/e2e-test/features/pubsub/sink/PubSubSinkErrorScnerios.feature:16)
]]></failure>
</testcase>
<testcase classname="PubSub-Sink - Verify PubSub sink plugin error Scenarios" name="Verify errors for incorrect values in pubsub advanced properties 5" time="0.168557">
<failure message="org.openqa.selenium.WebDriverException: unknown error: net::ERR_CONNECTION_REFUSED&#10;  (Session info: headless chrome=92.0.4515.159)&#10;Build info: version: '4.0.0-rc-1', revision: 'bc5511cbda'&#10;System info: host: 'runner-deployment-build-e2e-data-integrations-978f754d-z5wt4', ip: '10.116.13.9', os.name: 'Linux', os.arch: 'amd64', os.version: '5.4.144+', java.version: '1.8.0_292'&#10;Driver info: org.openqa.selenium.chrome.ChromeDriver&#10;Command: [8253d9b33420281d5f9cd91ab4c0e105, get {url=http://localhost:11011/pipelines/ns/default/studio}]&#10;Capabilities {acceptInsecureCerts: false, browserName: chrome, browserVersion: 92.0.4515.159, chrome: {chromedriverVersion: 92.0.4515.107 (87a818b10553..., userDataDir: /tmp/.com.google.Chrome.9ZslRT}, goog:chromeOptions: {debuggerAddress: localhost:45289}, javascriptEnabled: true, networkConnectionEnabled: false, pageLoadStrategy: normal, platform: LINUX, platformName: LINUX, proxy: Proxy(), se:cdp: ws://localhost:45289/devtoo..., se:cdpVersion: 92.0.4515.159, setWindowRect: true, strictFileInteractability: false, timeouts: {implicit: 0, pageLoad: 300000, script: 30000}, unhandledPromptBehavior: dismiss and notify, webauthn:extension:credBlob: true, webauthn:extension:largeBlob: true, webauthn:virtualAuthenticators: true}&#10;Session ID: 8253d9b33420281d5f9cd91ab4c0e105&#10;&#9;at sun.reflect.NativeConstructorAccessorImpl.newInstance0(Native Method)&#10;&#9;at sun.reflect.NativeConstructorAccessorImpl.newInstance(NativeConstructorAccessorImpl.java:62)&#10;&#9;at sun.reflect.DelegatingConstructorAccessorImpl.newInstance(DelegatingConstructorAccessorImpl.java:45)&#10;&#9;at java.lang.reflect.Constructor.newInstance(Constructor.java:423)&#10;&#9;at org.openqa.selenium.remote.codec.w3c.W3CHttpResponseCodec.createException(W3CHttpResponseCodec.java:200)&#10;&#9;at org.openqa.selenium.remote.codec.w3c.W3CHttpResponseCodec.decode(W3CHttpResponseCodec.java:133)&#10;&#9;at org.openqa.selenium.remote.codec.w3c.W3CHttpResponseCodec.decode(W3CHttpResponseCodec.java:53)&#10;&#9;at org.openqa.selenium.remote.HttpCommandExecutor.execute(HttpCommandExecutor.java:184)&#10;&#9;at org.openqa.selenium.remote.service.DriverCommandExecutor.invokeExecute(DriverCommandExecutor.java:164)&#10;&#9;at org.openqa.selenium.remote.service.DriverCommandExecutor.execute(DriverCommandExecutor.java:139)&#10;&#9;at org.openqa.selenium.remote.RemoteWebDriver.execute(RemoteWebDriver.java:547)&#10;&#9;at org.openqa.selenium.remote.RemoteWebDriver.get(RemoteWebDriver.java:326)&#10;&#9;at io.cdap.e2e.utils.SeleniumDriver.openPage(SeleniumDriver.java:84)&#10;&#9;at io.cdap.e2e.utils.CdfHelper.openCdf(CdfHelper.java:48)&#10;&#9;at stepsdesign.PipelineSteps.openDatafusionProjectToConfigurePipeline(PipelineSteps.java:59)&#10;&#9;at ✽.Open Datafusion Project to configure pipeline(file:src/e2e-test/features/pubsub/sink/PubSubSinkErrorScnerios.feature:16)&#10;"><![CDATA[Given Open Datafusion Project to configure pipeline.........................failed
When Sink is PubSub.........................................................skipped
Then Open the PubSub sink properties........................................skipped
Then Enter PubSub property reference name...................................skipped
Then Enter PubSub property projectId "projectId"............................skipped
Then Enter PubSub topic name "dummytopic"...................................skipped
Then Select PubSub property format "csv"....................................skipped
Then Enter the PubSub advanced properties with incorrect property "errorThreshold".skipped
Then Validate the error message for invalid PubSub advanced property "errorThreshold".skipped

StackTrace:
org.openqa.selenium.WebDriverException: unknown error: net::ERR_CONNECTION_REFUSED
  (Session info: headless chrome=92.0.4515.159)
Build info: version: '4.0.0-rc-1', revision: 'bc5511cbda'
System info: host: 'runner-deployment-build-e2e-data-integrations-978f754d-z5wt4', ip: '10.116.13.9', os.name: 'Linux', os.arch: 'amd64', os.version: '5.4.144+', java.version: '1.8.0_292'
Driver info: org.openqa.selenium.chrome.ChromeDriver
Command: [8253d9b33420281d5f9cd91ab4c0e105, get {url=http://localhost:11011/pipelines/ns/default/studio}]
Capabilities {acceptInsecureCerts: false, browserName: chrome, browserVersion: 92.0.4515.159, chrome: {chromedriverVersion: 92.0.4515.107 (87a818b10553..., userDataDir: /tmp/.com.google.Chrome.9ZslRT}, goog:chromeOptions: {debuggerAddress: localhost:45289}, javascriptEnabled: true, networkConnectionEnabled: false, pageLoadStrategy: normal, platform: LINUX, platformName: LINUX, proxy: Proxy(), se:cdp: ws://localhost:45289/devtoo..., se:cdpVersion: 92.0.4515.159, setWindowRect: true, strictFileInteractability: false, timeouts: {implicit: 0, pageLoad: 300000, script: 30000}, unhandledPromptBehavior: dismiss and notify, webauthn:extension:credBlob: true, webauthn:extension:largeBlob: true, webauthn:virtualAuthenticators: true}
Session ID: 8253d9b33420281d5f9cd91ab4c0e105
	at sun.reflect.NativeConstructorAccessorImpl.newInstance0(Native Method)
	at sun.reflect.NativeConstructorAccessorImpl.newInstance(NativeConstructorAccessorImpl.java:62)
	at sun.reflect.DelegatingConstructorAccessorImpl.newInstance(DelegatingConstructorAccessorImpl.java:45)
	at java.lang.reflect.Constructor.newInstance(Constructor.java:423)
	at org.openqa.selenium.remote.codec.w3c.W3CHttpResponseCodec.createException(W3CHttpResponseCodec.java:200)
	at org.openqa.selenium.remote.codec.w3c.W3CHttpResponseCodec.decode(W3CHttpResponseCodec.java:133)
	at org.openqa.selenium.remote.codec.w3c.W3CHttpResponseCodec.decode(W3CHttpResponseCodec.java:53)
	at org.openqa.selenium.remote.HttpCommandExecutor.execute(HttpCommandExecutor.java:184)
	at org.openqa.selenium.remote.service.DriverCommandExecutor.invokeExecute(DriverCommandExecutor.java:164)
	at org.openqa.selenium.remote.service.DriverCommandExecutor.execute(DriverCommandExecutor.java:139)
	at org.openqa.selenium.remote.RemoteWebDriver.execute(RemoteWebDriver.java:547)
	at org.openqa.selenium.remote.RemoteWebDriver.get(RemoteWebDriver.java:326)
	at io.cdap.e2e.utils.SeleniumDriver.openPage(SeleniumDriver.java:84)
	at io.cdap.e2e.utils.CdfHelper.openCdf(CdfHelper.java:48)
	at stepsdesign.PipelineSteps.openDatafusionProjectToConfigurePipeline(PipelineSteps.java:59)
	at ✽.Open Datafusion Project to configure pipeline(file:src/e2e-test/features/pubsub/sink/PubSubSinkErrorScnerios.feature:16)
]]></failure>
</testcase>
<testcase classname="PubSub-Sink - Verify PubSub sink plugin error Scenarios" name="Verify errors for negative values pubsub advanced properties" time="0.164212">
<failure message="org.openqa.selenium.WebDriverException: unknown error: net::ERR_CONNECTION_REFUSED&#10;  (Session info: headless chrome=92.0.4515.159)&#10;Build info: version: '4.0.0-rc-1', revision: 'bc5511cbda'&#10;System info: host: 'runner-deployment-build-e2e-data-integrations-978f754d-z5wt4', ip: '10.116.13.9', os.name: 'Linux', os.arch: 'amd64', os.version: '5.4.144+', java.version: '1.8.0_292'&#10;Driver info: org.openqa.selenium.chrome.ChromeDriver&#10;Command: [8253d9b33420281d5f9cd91ab4c0e105, get {url=http://localhost:11011/pipelines/ns/default/studio}]&#10;Capabilities {acceptInsecureCerts: false, browserName: chrome, browserVersion: 92.0.4515.159, chrome: {chromedriverVersion: 92.0.4515.107 (87a818b10553..., userDataDir: /tmp/.com.google.Chrome.9ZslRT}, goog:chromeOptions: {debuggerAddress: localhost:45289}, javascriptEnabled: true, networkConnectionEnabled: false, pageLoadStrategy: normal, platform: LINUX, platformName: LINUX, proxy: Proxy(), se:cdp: ws://localhost:45289/devtoo..., se:cdpVersion: 92.0.4515.159, setWindowRect: true, strictFileInteractability: false, timeouts: {implicit: 0, pageLoad: 300000, script: 30000}, unhandledPromptBehavior: dismiss and notify, webauthn:extension:credBlob: true, webauthn:extension:largeBlob: true, webauthn:virtualAuthenticators: true}&#10;Session ID: 8253d9b33420281d5f9cd91ab4c0e105&#10;&#9;at sun.reflect.NativeConstructorAccessorImpl.newInstance0(Native Method)&#10;&#9;at sun.reflect.NativeConstructorAccessorImpl.newInstance(NativeConstructorAccessorImpl.java:62)&#10;&#9;at sun.reflect.DelegatingConstructorAccessorImpl.newInstance(DelegatingConstructorAccessorImpl.java:45)&#10;&#9;at java.lang.reflect.Constructor.newInstance(Constructor.java:423)&#10;&#9;at org.openqa.selenium.remote.codec.w3c.W3CHttpResponseCodec.createException(W3CHttpResponseCodec.java:200)&#10;&#9;at org.openqa.selenium.remote.codec.w3c.W3CHttpResponseCodec.decode(W3CHttpResponseCodec.java:133)&#10;&#9;at org.openqa.selenium.remote.codec.w3c.W3CHttpResponseCodec.decode(W3CHttpResponseCodec.java:53)&#10;&#9;at org.openqa.selenium.remote.HttpCommandExecutor.execute(HttpCommandExecutor.java:184)&#10;&#9;at org.openqa.selenium.remote.service.DriverCommandExecutor.invokeExecute(DriverCommandExecutor.java:164)&#10;&#9;at org.openqa.selenium.remote.service.DriverCommandExecutor.execute(DriverCommandExecutor.java:139)&#10;&#9;at org.openqa.selenium.remote.RemoteWebDriver.execute(RemoteWebDriver.java:547)&#10;&#9;at org.openqa.selenium.remote.RemoteWebDriver.get(RemoteWebDriver.java:326)&#10;&#9;at io.cdap.e2e.utils.SeleniumDriver.openPage(SeleniumDriver.java:84)&#10;&#9;at io.cdap.e2e.utils.CdfHelper.openCdf(CdfHelper.java:48)&#10;&#9;at stepsdesign.PipelineSteps.openDatafusionProjectToConfigurePipeline(PipelineSteps.java:59)&#10;&#9;at ✽.Open Datafusion Project to configure pipeline(file:src/e2e-test/features/pubsub/sink/PubSubSinkErrorScnerios.feature:34)&#10;"><![CDATA[Given Open Datafusion Project to configure pipeline.........................failed
When Sink is PubSub.........................................................skipped
Then Open the PubSub sink properties........................................skipped
Then Enter PubSub property reference name...................................skipped
Then Enter PubSub property projectId "projectId"............................skipped
Then Enter PubSub topic name "dummytopic"...................................skipped
Then Select PubSub property format "csv"....................................skipped
Then Enter the PubSub advanced properties with invalid number for property "messageCountBatchSize".skipped
Then Validate the number format error message for PubSub property "messageCountBatchSize".skipped

StackTrace:
org.openqa.selenium.WebDriverException: unknown error: net::ERR_CONNECTION_REFUSED
  (Session info: headless chrome=92.0.4515.159)
Build info: version: '4.0.0-rc-1', revision: 'bc5511cbda'
System info: host: 'runner-deployment-build-e2e-data-integrations-978f754d-z5wt4', ip: '10.116.13.9', os.name: 'Linux', os.arch: 'amd64', os.version: '5.4.144+', java.version: '1.8.0_292'
Driver info: org.openqa.selenium.chrome.ChromeDriver
Command: [8253d9b33420281d5f9cd91ab4c0e105, get {url=http://localhost:11011/pipelines/ns/default/studio}]
Capabilities {acceptInsecureCerts: false, browserName: chrome, browserVersion: 92.0.4515.159, chrome: {chromedriverVersion: 92.0.4515.107 (87a818b10553..., userDataDir: /tmp/.com.google.Chrome.9ZslRT}, goog:chromeOptions: {debuggerAddress: localhost:45289}, javascriptEnabled: true, networkConnectionEnabled: false, pageLoadStrategy: normal, platform: LINUX, platformName: LINUX, proxy: Proxy(), se:cdp: ws://localhost:45289/devtoo..., se:cdpVersion: 92.0.4515.159, setWindowRect: true, strictFileInteractability: false, timeouts: {implicit: 0, pageLoad: 300000, script: 30000}, unhandledPromptBehavior: dismiss and notify, webauthn:extension:credBlob: true, webauthn:extension:largeBlob: true, webauthn:virtualAuthenticators: true}
Session ID: 8253d9b33420281d5f9cd91ab4c0e105
	at sun.reflect.NativeConstructorAccessorImpl.newInstance0(Native Method)
	at sun.reflect.NativeConstructorAccessorImpl.newInstance(NativeConstructorAccessorImpl.java:62)
	at sun.reflect.DelegatingConstructorAccessorImpl.newInstance(DelegatingConstructorAccessorImpl.java:45)
	at java.lang.reflect.Constructor.newInstance(Constructor.java:423)
	at org.openqa.selenium.remote.codec.w3c.W3CHttpResponseCodec.createException(W3CHttpResponseCodec.java:200)
	at org.openqa.selenium.remote.codec.w3c.W3CHttpResponseCodec.decode(W3CHttpResponseCodec.java:133)
	at org.openqa.selenium.remote.codec.w3c.W3CHttpResponseCodec.decode(W3CHttpResponseCodec.java:53)
	at org.openqa.selenium.remote.HttpCommandExecutor.execute(HttpCommandExecutor.java:184)
	at org.openqa.selenium.remote.service.DriverCommandExecutor.invokeExecute(DriverCommandExecutor.java:164)
	at org.openqa.selenium.remote.service.DriverCommandExecutor.execute(DriverCommandExecutor.java:139)
	at org.openqa.selenium.remote.RemoteWebDriver.execute(RemoteWebDriver.java:547)
	at org.openqa.selenium.remote.RemoteWebDriver.get(RemoteWebDriver.java:326)
	at io.cdap.e2e.utils.SeleniumDriver.openPage(SeleniumDriver.java:84)
	at io.cdap.e2e.utils.CdfHelper.openCdf(CdfHelper.java:48)
	at stepsdesign.PipelineSteps.openDatafusionProjectToConfigurePipeline(PipelineSteps.java:59)
	at ✽.Open Datafusion Project to configure pipeline(file:src/e2e-test/features/pubsub/sink/PubSubSinkErrorScnerios.feature:34)
]]></failure>
</testcase>
<testcase classname="PubSub-Sink - Verify PubSub sink plugin error Scenarios" name="Verify errors for negative values pubsub advanced properties 2" time="0.165337">
<failure message="org.openqa.selenium.WebDriverException: unknown error: net::ERR_CONNECTION_REFUSED&#10;  (Session info: headless chrome=92.0.4515.159)&#10;Build info: version: '4.0.0-rc-1', revision: 'bc5511cbda'&#10;System info: host: 'runner-deployment-build-e2e-data-integrations-978f754d-z5wt4', ip: '10.116.13.9', os.name: 'Linux', os.arch: 'amd64', os.version: '5.4.144+', java.version: '1.8.0_292'&#10;Driver info: org.openqa.selenium.chrome.ChromeDriver&#10;Command: [8253d9b33420281d5f9cd91ab4c0e105, get {url=http://localhost:11011/pipelines/ns/default/studio}]&#10;Capabilities {acceptInsecureCerts: false, browserName: chrome, browserVersion: 92.0.4515.159, chrome: {chromedriverVersion: 92.0.4515.107 (87a818b10553..., userDataDir: /tmp/.com.google.Chrome.9ZslRT}, goog:chromeOptions: {debuggerAddress: localhost:45289}, javascriptEnabled: true, networkConnectionEnabled: false, pageLoadStrategy: normal, platform: LINUX, platformName: LINUX, proxy: Proxy(), se:cdp: ws://localhost:45289/devtoo..., se:cdpVersion: 92.0.4515.159, setWindowRect: true, strictFileInteractability: false, timeouts: {implicit: 0, pageLoad: 300000, script: 30000}, unhandledPromptBehavior: dismiss and notify, webauthn:extension:credBlob: true, webauthn:extension:largeBlob: true, webauthn:virtualAuthenticators: true}&#10;Session ID: 8253d9b33420281d5f9cd91ab4c0e105&#10;&#9;at sun.reflect.NativeConstructorAccessorImpl.newInstance0(Native Method)&#10;&#9;at sun.reflect.NativeConstructorAccessorImpl.newInstance(NativeConstructorAccessorImpl.java:62)&#10;&#9;at sun.reflect.DelegatingConstructorAccessorImpl.newInstance(DelegatingConstructorAccessorImpl.java:45)&#10;&#9;at java.lang.reflect.Constructor.newInstance(Constructor.java:423)&#10;&#9;at org.openqa.selenium.remote.codec.w3c.W3CHttpResponseCodec.createException(W3CHttpResponseCodec.java:200)&#10;&#9;at org.openqa.selenium.remote.codec.w3c.W3CHttpResponseCodec.decode(W3CHttpResponseCodec.java:133)&#10;&#9;at org.openqa.selenium.remote.codec.w3c.W3CHttpResponseCodec.decode(W3CHttpResponseCodec.java:53)&#10;&#9;at org.openqa.selenium.remote.HttpCommandExecutor.execute(HttpCommandExecutor.java:184)&#10;&#9;at org.openqa.selenium.remote.service.DriverCommandExecutor.invokeExecute(DriverCommandExecutor.java:164)&#10;&#9;at org.openqa.selenium.remote.service.DriverCommandExecutor.execute(DriverCommandExecutor.java:139)&#10;&#9;at org.openqa.selenium.remote.RemoteWebDriver.execute(RemoteWebDriver.java:547)&#10;&#9;at org.openqa.selenium.remote.RemoteWebDriver.get(RemoteWebDriver.java:326)&#10;&#9;at io.cdap.e2e.utils.SeleniumDriver.openPage(SeleniumDriver.java:84)&#10;&#9;at io.cdap.e2e.utils.CdfHelper.openCdf(CdfHelper.java:48)&#10;&#9;at stepsdesign.PipelineSteps.openDatafusionProjectToConfigurePipeline(PipelineSteps.java:59)&#10;&#9;at ✽.Open Datafusion Project to configure pipeline(file:src/e2e-test/features/pubsub/sink/PubSubSinkErrorScnerios.feature:34)&#10;"><![CDATA[Given Open Datafusion Project to configure pipeline.........................failed
When Sink is PubSub.........................................................skipped
Then Open the PubSub sink properties........................................skipped
Then Enter PubSub property reference name...................................skipped
Then Enter PubSub property projectId "projectId"............................skipped
Then Enter PubSub topic name "dummytopic"...................................skipped
Then Select PubSub property format "csv"....................................skipped
Then Enter the PubSub advanced properties with invalid number for property "requestThresholdKB".skipped
Then Validate the number format error message for PubSub property "requestThresholdKB".skipped

StackTrace:
org.openqa.selenium.WebDriverException: unknown error: net::ERR_CONNECTION_REFUSED
  (Session info: headless chrome=92.0.4515.159)
Build info: version: '4.0.0-rc-1', revision: 'bc5511cbda'
System info: host: 'runner-deployment-build-e2e-data-integrations-978f754d-z5wt4', ip: '10.116.13.9', os.name: 'Linux', os.arch: 'amd64', os.version: '5.4.144+', java.version: '1.8.0_292'
Driver info: org.openqa.selenium.chrome.ChromeDriver
Command: [8253d9b33420281d5f9cd91ab4c0e105, get {url=http://localhost:11011/pipelines/ns/default/studio}]
Capabilities {acceptInsecureCerts: false, browserName: chrome, browserVersion: 92.0.4515.159, chrome: {chromedriverVersion: 92.0.4515.107 (87a818b10553..., userDataDir: /tmp/.com.google.Chrome.9ZslRT}, goog:chromeOptions: {debuggerAddress: localhost:45289}, javascriptEnabled: true, networkConnectionEnabled: false, pageLoadStrategy: normal, platform: LINUX, platformName: LINUX, proxy: Proxy(), se:cdp: ws://localhost:45289/devtoo..., se:cdpVersion: 92.0.4515.159, setWindowRect: true, strictFileInteractability: false, timeouts: {implicit: 0, pageLoad: 300000, script: 30000}, unhandledPromptBehavior: dismiss and notify, webauthn:extension:credBlob: true, webauthn:extension:largeBlob: true, webauthn:virtualAuthenticators: true}
Session ID: 8253d9b33420281d5f9cd91ab4c0e105
	at sun.reflect.NativeConstructorAccessorImpl.newInstance0(Native Method)
	at sun.reflect.NativeConstructorAccessorImpl.newInstance(NativeConstructorAccessorImpl.java:62)
	at sun.reflect.DelegatingConstructorAccessorImpl.newInstance(DelegatingConstructorAccessorImpl.java:45)
	at java.lang.reflect.Constructor.newInstance(Constructor.java:423)
	at org.openqa.selenium.remote.codec.w3c.W3CHttpResponseCodec.createException(W3CHttpResponseCodec.java:200)
	at org.openqa.selenium.remote.codec.w3c.W3CHttpResponseCodec.decode(W3CHttpResponseCodec.java:133)
	at org.openqa.selenium.remote.codec.w3c.W3CHttpResponseCodec.decode(W3CHttpResponseCodec.java:53)
	at org.openqa.selenium.remote.HttpCommandExecutor.execute(HttpCommandExecutor.java:184)
	at org.openqa.selenium.remote.service.DriverCommandExecutor.invokeExecute(DriverCommandExecutor.java:164)
	at org.openqa.selenium.remote.service.DriverCommandExecutor.execute(DriverCommandExecutor.java:139)
	at org.openqa.selenium.remote.RemoteWebDriver.execute(RemoteWebDriver.java:547)
	at org.openqa.selenium.remote.RemoteWebDriver.get(RemoteWebDriver.java:326)
	at io.cdap.e2e.utils.SeleniumDriver.openPage(SeleniumDriver.java:84)
	at io.cdap.e2e.utils.CdfHelper.openCdf(CdfHelper.java:48)
	at stepsdesign.PipelineSteps.openDatafusionProjectToConfigurePipeline(PipelineSteps.java:59)
	at ✽.Open Datafusion Project to configure pipeline(file:src/e2e-test/features/pubsub/sink/PubSubSinkErrorScnerios.feature:34)
]]></failure>
</testcase>
<testcase classname="PubSub-Sink - Verify PubSub sink plugin error Scenarios" name="Verify errors for negative values pubsub advanced properties 3" time="0.167888">
<failure message="org.openqa.selenium.WebDriverException: unknown error: net::ERR_CONNECTION_REFUSED&#10;  (Session info: headless chrome=92.0.4515.159)&#10;Build info: version: '4.0.0-rc-1', revision: 'bc5511cbda'&#10;System info: host: 'runner-deployment-build-e2e-data-integrations-978f754d-z5wt4', ip: '10.116.13.9', os.name: 'Linux', os.arch: 'amd64', os.version: '5.4.144+', java.version: '1.8.0_292'&#10;Driver info: org.openqa.selenium.chrome.ChromeDriver&#10;Command: [8253d9b33420281d5f9cd91ab4c0e105, get {url=http://localhost:11011/pipelines/ns/default/studio}]&#10;Capabilities {acceptInsecureCerts: false, browserName: chrome, browserVersion: 92.0.4515.159, chrome: {chromedriverVersion: 92.0.4515.107 (87a818b10553..., userDataDir: /tmp/.com.google.Chrome.9ZslRT}, goog:chromeOptions: {debuggerAddress: localhost:45289}, javascriptEnabled: true, networkConnectionEnabled: false, pageLoadStrategy: normal, platform: LINUX, platformName: LINUX, proxy: Proxy(), se:cdp: ws://localhost:45289/devtoo..., se:cdpVersion: 92.0.4515.159, setWindowRect: true, strictFileInteractability: false, timeouts: {implicit: 0, pageLoad: 300000, script: 30000}, unhandledPromptBehavior: dismiss and notify, webauthn:extension:credBlob: true, webauthn:extension:largeBlob: true, webauthn:virtualAuthenticators: true}&#10;Session ID: 8253d9b33420281d5f9cd91ab4c0e105&#10;&#9;at sun.reflect.NativeConstructorAccessorImpl.newInstance0(Native Method)&#10;&#9;at sun.reflect.NativeConstructorAccessorImpl.newInstance(NativeConstructorAccessorImpl.java:62)&#10;&#9;at sun.reflect.DelegatingConstructorAccessorImpl.newInstance(DelegatingConstructorAccessorImpl.java:45)&#10;&#9;at java.lang.reflect.Constructor.newInstance(Constructor.java:423)&#10;&#9;at org.openqa.selenium.remote.codec.w3c.W3CHttpResponseCodec.createException(W3CHttpResponseCodec.java:200)&#10;&#9;at org.openqa.selenium.remote.codec.w3c.W3CHttpResponseCodec.decode(W3CHttpResponseCodec.java:133)&#10;&#9;at org.openqa.selenium.remote.codec.w3c.W3CHttpResponseCodec.decode(W3CHttpResponseCodec.java:53)&#10;&#9;at org.openqa.selenium.remote.HttpCommandExecutor.execute(HttpCommandExecutor.java:184)&#10;&#9;at org.openqa.selenium.remote.service.DriverCommandExecutor.invokeExecute(DriverCommandExecutor.java:164)&#10;&#9;at org.openqa.selenium.remote.service.DriverCommandExecutor.execute(DriverCommandExecutor.java:139)&#10;&#9;at org.openqa.selenium.remote.RemoteWebDriver.execute(RemoteWebDriver.java:547)&#10;&#9;at org.openqa.selenium.remote.RemoteWebDriver.get(RemoteWebDriver.java:326)&#10;&#9;at io.cdap.e2e.utils.SeleniumDriver.openPage(SeleniumDriver.java:84)&#10;&#9;at io.cdap.e2e.utils.CdfHelper.openCdf(CdfHelper.java:48)&#10;&#9;at stepsdesign.PipelineSteps.openDatafusionProjectToConfigurePipeline(PipelineSteps.java:59)&#10;&#9;at ✽.Open Datafusion Project to configure pipeline(file:src/e2e-test/features/pubsub/sink/PubSubSinkErrorScnerios.feature:34)&#10;"><![CDATA[Given Open Datafusion Project to configure pipeline.........................failed
When Sink is PubSub.........................................................skipped
Then Open the PubSub sink properties........................................skipped
Then Enter PubSub property reference name...................................skipped
Then Enter PubSub property projectId "projectId"............................skipped
Then Enter PubSub topic name "dummytopic"...................................skipped
Then Select PubSub property format "csv"....................................skipped
Then Enter the PubSub advanced properties with invalid number for property "publishDelayThresholdMillis".skipped
Then Validate the number format error message for PubSub property "publishDelayThresholdMillis".skipped

StackTrace:
org.openqa.selenium.WebDriverException: unknown error: net::ERR_CONNECTION_REFUSED
  (Session info: headless chrome=92.0.4515.159)
Build info: version: '4.0.0-rc-1', revision: 'bc5511cbda'
System info: host: 'runner-deployment-build-e2e-data-integrations-978f754d-z5wt4', ip: '10.116.13.9', os.name: 'Linux', os.arch: 'amd64', os.version: '5.4.144+', java.version: '1.8.0_292'
Driver info: org.openqa.selenium.chrome.ChromeDriver
Command: [8253d9b33420281d5f9cd91ab4c0e105, get {url=http://localhost:11011/pipelines/ns/default/studio}]
Capabilities {acceptInsecureCerts: false, browserName: chrome, browserVersion: 92.0.4515.159, chrome: {chromedriverVersion: 92.0.4515.107 (87a818b10553..., userDataDir: /tmp/.com.google.Chrome.9ZslRT}, goog:chromeOptions: {debuggerAddress: localhost:45289}, javascriptEnabled: true, networkConnectionEnabled: false, pageLoadStrategy: normal, platform: LINUX, platformName: LINUX, proxy: Proxy(), se:cdp: ws://localhost:45289/devtoo..., se:cdpVersion: 92.0.4515.159, setWindowRect: true, strictFileInteractability: false, timeouts: {implicit: 0, pageLoad: 300000, script: 30000}, unhandledPromptBehavior: dismiss and notify, webauthn:extension:credBlob: true, webauthn:extension:largeBlob: true, webauthn:virtualAuthenticators: true}
Session ID: 8253d9b33420281d5f9cd91ab4c0e105
	at sun.reflect.NativeConstructorAccessorImpl.newInstance0(Native Method)
	at sun.reflect.NativeConstructorAccessorImpl.newInstance(NativeConstructorAccessorImpl.java:62)
	at sun.reflect.DelegatingConstructorAccessorImpl.newInstance(DelegatingConstructorAccessorImpl.java:45)
	at java.lang.reflect.Constructor.newInstance(Constructor.java:423)
	at org.openqa.selenium.remote.codec.w3c.W3CHttpResponseCodec.createException(W3CHttpResponseCodec.java:200)
	at org.openqa.selenium.remote.codec.w3c.W3CHttpResponseCodec.decode(W3CHttpResponseCodec.java:133)
	at org.openqa.selenium.remote.codec.w3c.W3CHttpResponseCodec.decode(W3CHttpResponseCodec.java:53)
	at org.openqa.selenium.remote.HttpCommandExecutor.execute(HttpCommandExecutor.java:184)
	at org.openqa.selenium.remote.service.DriverCommandExecutor.invokeExecute(DriverCommandExecutor.java:164)
	at org.openqa.selenium.remote.service.DriverCommandExecutor.execute(DriverCommandExecutor.java:139)
	at org.openqa.selenium.remote.RemoteWebDriver.execute(RemoteWebDriver.java:547)
	at org.openqa.selenium.remote.RemoteWebDriver.get(RemoteWebDriver.java:326)
	at io.cdap.e2e.utils.SeleniumDriver.openPage(SeleniumDriver.java:84)
	at io.cdap.e2e.utils.CdfHelper.openCdf(CdfHelper.java:48)
	at stepsdesign.PipelineSteps.openDatafusionProjectToConfigurePipeline(PipelineSteps.java:59)
	at ✽.Open Datafusion Project to configure pipeline(file:src/e2e-test/features/pubsub/sink/PubSubSinkErrorScnerios.feature:34)
]]></failure>
</testcase>
<testcase classname="PubSub-Sink - Verify PubSub sink plugin error Scenarios" name="Verify errors for negative values pubsub advanced properties 4" time="0.171129">
<failure message="org.openqa.selenium.WebDriverException: unknown error: net::ERR_CONNECTION_REFUSED&#10;  (Session info: headless chrome=92.0.4515.159)&#10;Build info: version: '4.0.0-rc-1', revision: 'bc5511cbda'&#10;System info: host: 'runner-deployment-build-e2e-data-integrations-978f754d-z5wt4', ip: '10.116.13.9', os.name: 'Linux', os.arch: 'amd64', os.version: '5.4.144+', java.version: '1.8.0_292'&#10;Driver info: org.openqa.selenium.chrome.ChromeDriver&#10;Command: [8253d9b33420281d5f9cd91ab4c0e105, get {url=http://localhost:11011/pipelines/ns/default/studio}]&#10;Capabilities {acceptInsecureCerts: false, browserName: chrome, browserVersion: 92.0.4515.159, chrome: {chromedriverVersion: 92.0.4515.107 (87a818b10553..., userDataDir: /tmp/.com.google.Chrome.9ZslRT}, goog:chromeOptions: {debuggerAddress: localhost:45289}, javascriptEnabled: true, networkConnectionEnabled: false, pageLoadStrategy: normal, platform: LINUX, platformName: LINUX, proxy: Proxy(), se:cdp: ws://localhost:45289/devtoo..., se:cdpVersion: 92.0.4515.159, setWindowRect: true, strictFileInteractability: false, timeouts: {implicit: 0, pageLoad: 300000, script: 30000}, unhandledPromptBehavior: dismiss and notify, webauthn:extension:credBlob: true, webauthn:extension:largeBlob: true, webauthn:virtualAuthenticators: true}&#10;Session ID: 8253d9b33420281d5f9cd91ab4c0e105&#10;&#9;at sun.reflect.NativeConstructorAccessorImpl.newInstance0(Native Method)&#10;&#9;at sun.reflect.NativeConstructorAccessorImpl.newInstance(NativeConstructorAccessorImpl.java:62)&#10;&#9;at sun.reflect.DelegatingConstructorAccessorImpl.newInstance(DelegatingConstructorAccessorImpl.java:45)&#10;&#9;at java.lang.reflect.Constructor.newInstance(Constructor.java:423)&#10;&#9;at org.openqa.selenium.remote.codec.w3c.W3CHttpResponseCodec.createException(W3CHttpResponseCodec.java:200)&#10;&#9;at org.openqa.selenium.remote.codec.w3c.W3CHttpResponseCodec.decode(W3CHttpResponseCodec.java:133)&#10;&#9;at org.openqa.selenium.remote.codec.w3c.W3CHttpResponseCodec.decode(W3CHttpResponseCodec.java:53)&#10;&#9;at org.openqa.selenium.remote.HttpCommandExecutor.execute(HttpCommandExecutor.java:184)&#10;&#9;at org.openqa.selenium.remote.service.DriverCommandExecutor.invokeExecute(DriverCommandExecutor.java:164)&#10;&#9;at org.openqa.selenium.remote.service.DriverCommandExecutor.execute(DriverCommandExecutor.java:139)&#10;&#9;at org.openqa.selenium.remote.RemoteWebDriver.execute(RemoteWebDriver.java:547)&#10;&#9;at org.openqa.selenium.remote.RemoteWebDriver.get(RemoteWebDriver.java:326)&#10;&#9;at io.cdap.e2e.utils.SeleniumDriver.openPage(SeleniumDriver.java:84)&#10;&#9;at io.cdap.e2e.utils.CdfHelper.openCdf(CdfHelper.java:48)&#10;&#9;at stepsdesign.PipelineSteps.openDatafusionProjectToConfigurePipeline(PipelineSteps.java:59)&#10;&#9;at ✽.Open Datafusion Project to configure pipeline(file:src/e2e-test/features/pubsub/sink/PubSubSinkErrorScnerios.feature:34)&#10;"><![CDATA[Given Open Datafusion Project to configure pipeline.........................failed
When Sink is PubSub.........................................................skipped
Then Open the PubSub sink properties........................................skipped
Then Enter PubSub property reference name...................................skipped
Then Enter PubSub property projectId "projectId"............................skipped
Then Enter PubSub topic name "dummytopic"...................................skipped
Then Select PubSub property format "csv"....................................skipped
Then Enter the PubSub advanced properties with invalid number for property "retryTimeoutSeconds".skipped
Then Validate the number format error message for PubSub property "retryTimeoutSeconds".skipped

StackTrace:
org.openqa.selenium.WebDriverException: unknown error: net::ERR_CONNECTION_REFUSED
  (Session info: headless chrome=92.0.4515.159)
Build info: version: '4.0.0-rc-1', revision: 'bc5511cbda'
System info: host: 'runner-deployment-build-e2e-data-integrations-978f754d-z5wt4', ip: '10.116.13.9', os.name: 'Linux', os.arch: 'amd64', os.version: '5.4.144+', java.version: '1.8.0_292'
Driver info: org.openqa.selenium.chrome.ChromeDriver
Command: [8253d9b33420281d5f9cd91ab4c0e105, get {url=http://localhost:11011/pipelines/ns/default/studio}]
Capabilities {acceptInsecureCerts: false, browserName: chrome, browserVersion: 92.0.4515.159, chrome: {chromedriverVersion: 92.0.4515.107 (87a818b10553..., userDataDir: /tmp/.com.google.Chrome.9ZslRT}, goog:chromeOptions: {debuggerAddress: localhost:45289}, javascriptEnabled: true, networkConnectionEnabled: false, pageLoadStrategy: normal, platform: LINUX, platformName: LINUX, proxy: Proxy(), se:cdp: ws://localhost:45289/devtoo..., se:cdpVersion: 92.0.4515.159, setWindowRect: true, strictFileInteractability: false, timeouts: {implicit: 0, pageLoad: 300000, script: 30000}, unhandledPromptBehavior: dismiss and notify, webauthn:extension:credBlob: true, webauthn:extension:largeBlob: true, webauthn:virtualAuthenticators: true}
Session ID: 8253d9b33420281d5f9cd91ab4c0e105
	at sun.reflect.NativeConstructorAccessorImpl.newInstance0(Native Method)
	at sun.reflect.NativeConstructorAccessorImpl.newInstance(NativeConstructorAccessorImpl.java:62)
	at sun.reflect.DelegatingConstructorAccessorImpl.newInstance(DelegatingConstructorAccessorImpl.java:45)
	at java.lang.reflect.Constructor.newInstance(Constructor.java:423)
	at org.openqa.selenium.remote.codec.w3c.W3CHttpResponseCodec.createException(W3CHttpResponseCodec.java:200)
	at org.openqa.selenium.remote.codec.w3c.W3CHttpResponseCodec.decode(W3CHttpResponseCodec.java:133)
	at org.openqa.selenium.remote.codec.w3c.W3CHttpResponseCodec.decode(W3CHttpResponseCodec.java:53)
	at org.openqa.selenium.remote.HttpCommandExecutor.execute(HttpCommandExecutor.java:184)
	at org.openqa.selenium.remote.service.DriverCommandExecutor.invokeExecute(DriverCommandExecutor.java:164)
	at org.openqa.selenium.remote.service.DriverCommandExecutor.execute(DriverCommandExecutor.java:139)
	at org.openqa.selenium.remote.RemoteWebDriver.execute(RemoteWebDriver.java:547)
	at org.openqa.selenium.remote.RemoteWebDriver.get(RemoteWebDriver.java:326)
	at io.cdap.e2e.utils.SeleniumDriver.openPage(SeleniumDriver.java:84)
	at io.cdap.e2e.utils.CdfHelper.openCdf(CdfHelper.java:48)
	at stepsdesign.PipelineSteps.openDatafusionProjectToConfigurePipeline(PipelineSteps.java:59)
	at ✽.Open Datafusion Project to configure pipeline(file:src/e2e-test/features/pubsub/sink/PubSubSinkErrorScnerios.feature:34)
]]></failure>
</testcase>
<testcase classname="PubSub-Sink - Verify PubSub sink plugin error Scenarios" name="Verify errors for negative values pubsub advanced properties 5" time="0.159759">
<failure message="org.openqa.selenium.WebDriverException: unknown error: net::ERR_CONNECTION_REFUSED&#10;  (Session info: headless chrome=92.0.4515.159)&#10;Build info: version: '4.0.0-rc-1', revision: 'bc5511cbda'&#10;System info: host: 'runner-deployment-build-e2e-data-integrations-978f754d-z5wt4', ip: '10.116.13.9', os.name: 'Linux', os.arch: 'amd64', os.version: '5.4.144+', java.version: '1.8.0_292'&#10;Driver info: org.openqa.selenium.chrome.ChromeDriver&#10;Command: [8253d9b33420281d5f9cd91ab4c0e105, get {url=http://localhost:11011/pipelines/ns/default/studio}]&#10;Capabilities {acceptInsecureCerts: false, browserName: chrome, browserVersion: 92.0.4515.159, chrome: {chromedriverVersion: 92.0.4515.107 (87a818b10553..., userDataDir: /tmp/.com.google.Chrome.9ZslRT}, goog:chromeOptions: {debuggerAddress: localhost:45289}, javascriptEnabled: true, networkConnectionEnabled: false, pageLoadStrategy: normal, platform: LINUX, platformName: LINUX, proxy: Proxy(), se:cdp: ws://localhost:45289/devtoo..., se:cdpVersion: 92.0.4515.159, setWindowRect: true, strictFileInteractability: false, timeouts: {implicit: 0, pageLoad: 300000, script: 30000}, unhandledPromptBehavior: dismiss and notify, webauthn:extension:credBlob: true, webauthn:extension:largeBlob: true, webauthn:virtualAuthenticators: true}&#10;Session ID: 8253d9b33420281d5f9cd91ab4c0e105&#10;&#9;at sun.reflect.NativeConstructorAccessorImpl.newInstance0(Native Method)&#10;&#9;at sun.reflect.NativeConstructorAccessorImpl.newInstance(NativeConstructorAccessorImpl.java:62)&#10;&#9;at sun.reflect.DelegatingConstructorAccessorImpl.newInstance(DelegatingConstructorAccessorImpl.java:45)&#10;&#9;at java.lang.reflect.Constructor.newInstance(Constructor.java:423)&#10;&#9;at org.openqa.selenium.remote.codec.w3c.W3CHttpResponseCodec.createException(W3CHttpResponseCodec.java:200)&#10;&#9;at org.openqa.selenium.remote.codec.w3c.W3CHttpResponseCodec.decode(W3CHttpResponseCodec.java:133)&#10;&#9;at org.openqa.selenium.remote.codec.w3c.W3CHttpResponseCodec.decode(W3CHttpResponseCodec.java:53)&#10;&#9;at org.openqa.selenium.remote.HttpCommandExecutor.execute(HttpCommandExecutor.java:184)&#10;&#9;at org.openqa.selenium.remote.service.DriverCommandExecutor.invokeExecute(DriverCommandExecutor.java:164)&#10;&#9;at org.openqa.selenium.remote.service.DriverCommandExecutor.execute(DriverCommandExecutor.java:139)&#10;&#9;at org.openqa.selenium.remote.RemoteWebDriver.execute(RemoteWebDriver.java:547)&#10;&#9;at org.openqa.selenium.remote.RemoteWebDriver.get(RemoteWebDriver.java:326)&#10;&#9;at io.cdap.e2e.utils.SeleniumDriver.openPage(SeleniumDriver.java:84)&#10;&#9;at io.cdap.e2e.utils.CdfHelper.openCdf(CdfHelper.java:48)&#10;&#9;at stepsdesign.PipelineSteps.openDatafusionProjectToConfigurePipeline(PipelineSteps.java:59)&#10;&#9;at ✽.Open Datafusion Project to configure pipeline(file:src/e2e-test/features/pubsub/sink/PubSubSinkErrorScnerios.feature:34)&#10;"><![CDATA[Given Open Datafusion Project to configure pipeline.........................failed
When Sink is PubSub.........................................................skipped
Then Open the PubSub sink properties........................................skipped
Then Enter PubSub property reference name...................................skipped
Then Enter PubSub property projectId "projectId"............................skipped
Then Enter PubSub topic name "dummytopic"...................................skipped
Then Select PubSub property format "csv"....................................skipped
Then Enter the PubSub advanced properties with invalid number for property "errorThreshold".skipped
Then Validate the number format error message for PubSub property "errorThreshold".skipped

StackTrace:
org.openqa.selenium.WebDriverException: unknown error: net::ERR_CONNECTION_REFUSED
  (Session info: headless chrome=92.0.4515.159)
Build info: version: '4.0.0-rc-1', revision: 'bc5511cbda'
System info: host: 'runner-deployment-build-e2e-data-integrations-978f754d-z5wt4', ip: '10.116.13.9', os.name: 'Linux', os.arch: 'amd64', os.version: '5.4.144+', java.version: '1.8.0_292'
Driver info: org.openqa.selenium.chrome.ChromeDriver
Command: [8253d9b33420281d5f9cd91ab4c0e105, get {url=http://localhost:11011/pipelines/ns/default/studio}]
Capabilities {acceptInsecureCerts: false, browserName: chrome, browserVersion: 92.0.4515.159, chrome: {chromedriverVersion: 92.0.4515.107 (87a818b10553..., userDataDir: /tmp/.com.google.Chrome.9ZslRT}, goog:chromeOptions: {debuggerAddress: localhost:45289}, javascriptEnabled: true, networkConnectionEnabled: false, pageLoadStrategy: normal, platform: LINUX, platformName: LINUX, proxy: Proxy(), se:cdp: ws://localhost:45289/devtoo..., se:cdpVersion: 92.0.4515.159, setWindowRect: true, strictFileInteractability: false, timeouts: {implicit: 0, pageLoad: 300000, script: 30000}, unhandledPromptBehavior: dismiss and notify, webauthn:extension:credBlob: true, webauthn:extension:largeBlob: true, webauthn:virtualAuthenticators: true}
Session ID: 8253d9b33420281d5f9cd91ab4c0e105
	at sun.reflect.NativeConstructorAccessorImpl.newInstance0(Native Method)
	at sun.reflect.NativeConstructorAccessorImpl.newInstance(NativeConstructorAccessorImpl.java:62)
	at sun.reflect.DelegatingConstructorAccessorImpl.newInstance(DelegatingConstructorAccessorImpl.java:45)
	at java.lang.reflect.Constructor.newInstance(Constructor.java:423)
	at org.openqa.selenium.remote.codec.w3c.W3CHttpResponseCodec.createException(W3CHttpResponseCodec.java:200)
	at org.openqa.selenium.remote.codec.w3c.W3CHttpResponseCodec.decode(W3CHttpResponseCodec.java:133)
	at org.openqa.selenium.remote.codec.w3c.W3CHttpResponseCodec.decode(W3CHttpResponseCodec.java:53)
	at org.openqa.selenium.remote.HttpCommandExecutor.execute(HttpCommandExecutor.java:184)
	at org.openqa.selenium.remote.service.DriverCommandExecutor.invokeExecute(DriverCommandExecutor.java:164)
	at org.openqa.selenium.remote.service.DriverCommandExecutor.execute(DriverCommandExecutor.java:139)
	at org.openqa.selenium.remote.RemoteWebDriver.execute(RemoteWebDriver.java:547)
	at org.openqa.selenium.remote.RemoteWebDriver.get(RemoteWebDriver.java:326)
	at io.cdap.e2e.utils.SeleniumDriver.openPage(SeleniumDriver.java:84)
	at io.cdap.e2e.utils.CdfHelper.openCdf(CdfHelper.java:48)
	at stepsdesign.PipelineSteps.openDatafusionProjectToConfigurePipeline(PipelineSteps.java:59)
	at ✽.Open Datafusion Project to configure pipeline(file:src/e2e-test/features/pubsub/sink/PubSubSinkErrorScnerios.feature:34)
]]></failure>
</testcase>
</testsuite>
