<?xml version="1.0" encoding="UTF-8" standalone="no"?>
<testsuite failures="2" name="cucumber.runtime.formatter.JUnitFormatter" skipped="0" tests="6" time="969.839778">
<testcase classname="BigQuery sink - Verification of GCS to BigQuery successful data transfer" name="Validate successful records transfer from GCS to BigQuery" time="105.454828">
<system-out><![CDATA[Given Open Datafusion Project to configure pipeline.........................passed
When Source is GCS..........................................................passed
When Sink is BigQuery.......................................................passed
Then Open GCS source properties.............................................passed
Then Enter the GCS source mandatory properties..............................passed
Then Validate "GCS" plugin properties.......................................passed
Then Close the GCS properties...............................................passed
Then Open BigQuery sink properties..........................................passed
Then Enter BigQuery property reference name.................................passed
Then Enter BigQuery property projectId "projectId"..........................passed
Then Enter BigQuery property datasetProjectId "projectId"...................passed
Then Enter BigQuery property dataset "dataset"..............................passed
Then Enter BigQuery sink property table name................................passed
Then Enter BiqQuery property encryption key name "cmekBQ" if cmek is enabled.passed
Then Toggle BigQuery sink property truncateTable to true....................passed
Then Toggle BigQuery sink property updateTableSchema to true................passed
Then Validate "BigQuery" plugin properties..................................passed
Then Close the BigQuery properties..........................................passed
Then Connect source as "GCS" and sink as "BigQuery" to establish connection.passed
Then Save the pipeline......................................................passed
Then Preview and run the pipeline...........................................passed
Then Verify the preview of pipeline is "success"............................passed
Then Close the preview......................................................passed
Then Deploy the pipeline....................................................passed
Then Run the Pipeline in Runtime............................................passed
Then Wait till pipeline is in running state.................................passed
Then Open and capture logs..................................................passed
Then Verify the pipeline status is "Succeeded"..............................passed
Then Get count of no of records transferred to target BigQuery Table........passed
Then Validate the cmek key "cmekBQ" of target BigQuery table if cmek is enabled.passed
]]></system-out>
</testcase>
<testcase classname="BigQuery source - Verification of BigQuery to GCS successful data transfer" name="Validate successful records transfer from BigQuery to GCS" time="135.646079">
<system-out><![CDATA[Given Open Datafusion Project to configure pipeline.........................passed
When Source is BigQuery.....................................................passed
When Sink is GCS............................................................passed
Then Open BigQuery source properties........................................passed
Then Enter BigQuery property reference name.................................passed
Then Enter BigQuery property projectId "projectId"..........................passed
Then Enter BigQuery property datasetProjectId "projectId"...................passed
Then Enter BigQuery property dataset "dataset"..............................passed
Then Enter BigQuery source property table name..............................passed
Then Enter BiqQuery property encryption key name "cmekBQ" if cmek is enabled.passed
Then Validate output schema with expectedSchema "bqSourceSchema"............passed
Then Validate "BigQuery" plugin properties..................................passed
Then Close the BigQuery properties..........................................passed
Then Open GCS sink properties...............................................passed
Then Enter the GCS sink mandatory properties................................passed
Then Validate "GCS" plugin properties.......................................passed
Then Close the GCS properties...............................................passed
Then Connect source as "BigQuery" and sink as "GCS" to establish connection.passed
Then Save the pipeline......................................................passed
Then Preview and run the pipeline...........................................passed
Then Verify the preview of pipeline is "success"............................passed
Then Click on preview data for GCS sink.....................................passed
Then Verify preview output schema matches the outputSchema captured in properties.passed
Then Close the preview data.................................................passed
Then Deploy the pipeline....................................................passed
Then Run the Pipeline in Runtime............................................passed
Then Wait till pipeline is in running state.................................passed
Then Open and capture logs..................................................passed
Then Verify the pipeline status is "Succeeded"..............................passed
Then Verify data is transferred to target GCS bucket........................passed
]]></system-out>
</testcase>
<testcase classname="BigQuery source - Verification of BigQuery to Multiple sinks successful data transfer" name="Validate successful records transfer from BigQuery to multiple sinks (GCS, BigQuery and PubSub)" time="220.55918">
<system-out><![CDATA[Given Open Datafusion Project to configure pipeline.........................passed
And Wait for page to render properly........................................passed
When Source is BigQuery.....................................................passed
When Sink is GCS............................................................passed
Then Connect source as "BigQuery" having title "BigQuery" and sink1 as "GCS" having title "GCS" to establish connection.passed
When Sink is BigQuery.......................................................passed
Then Connect source as "BigQuery" having title "BigQuery" and sink2 as "BigQuery" having title "BigQuery2" to establish connection.passed
When Sink is PubSub.........................................................passed
Then Connect source as "BigQuery" having title "BigQuery" and sink3 as "GooglePublisher" having title "Pub/Sub" to establish connection.passed
Then Open BigQuery source properties........................................passed
Then Enter the BigQuery source mandatory properties.........................passed
Then Validate "BigQuery" plugin properties..................................passed
Then Close the BigQuery properties..........................................passed
Then Open GCS sink properties...............................................passed
Then Enter the GCS sink mandatory properties................................passed
Then Enter GCS property encryption key name "cmekGCS" if cmek is enabled....passed
Then Validate "GCS" plugin properties.......................................passed
Then Close the GCS properties...............................................passed
Then Open BigQuery sink properties..........................................passed
Then Enter the BigQuery sink mandatory properties...........................passed
Then Enter BiqQuery property encryption key name "cmekBQ" if cmek is enabled.passed
Then Validate "BigQuery" plugin properties..................................passed
Then Close the BigQuery properties..........................................passed
Then Open the PubSub sink properties........................................passed
Then Enter the PubSub sink mandatory properties.............................passed
Then Enter PubSub property encryption key name "cmekPubSub" if cmek is enabled.passed
Then Validate "PubSub" plugin properties....................................passed
Then Close the PubSub properties............................................passed
Then Save the pipeline......................................................passed
Then Preview and run the pipeline...........................................passed
Then Verify the preview of pipeline is "success"............................passed
Then Close the preview......................................................passed
Then Deploy the pipeline....................................................passed
Then Run the Pipeline in Runtime............................................passed
Then Wait till pipeline is in running state.................................passed
Then Open and capture logs..................................................passed
Then Verify the pipeline status is "Succeeded"..............................passed
Then Verify data is transferred to target GCS bucket........................passed
Then Get count of no of records transferred to target BigQuery Table........passed
Then Validate the cmek key "cmekGCS" of target GCS bucket if cmek is enabled.passed
Then Validate the cmek key "cmekBQ" of target BigQuery table if cmek is enabled.passed
Then Validate the cmek key "cmekPubSub" of target PubSub topic if cmek is enabled.passed
]]></system-out>
</testcase>
<testcase classname="GCS sink - Verification of GCS Sink plugin" name="To verify data is getting transferred successfully from BigQuery to GCS" time="117.757832">
<system-out><![CDATA[Given Open Datafusion Project to configure pipeline.........................passed
When Source is BigQuery.....................................................passed
When Sink is GCS............................................................passed
Then Connect source as "BigQuery" and sink as "GCS" to establish connection.passed
Then Open BigQuery source properties........................................passed
Then Enter the BigQuery source mandatory properties.........................passed
Then Validate "BigQuery" plugin properties..................................passed
Then Close the BigQuery properties..........................................passed
Then Open GCS sink properties...............................................passed
Then Enter GCS property projectId and reference name........................passed
Then Enter GCS sink property path...........................................passed
Then Select GCS property format "csv".......................................passed
Then Enter GCS property encryption key name "cmekGCS" if cmek is enabled....passed
Then Validate "GCS" plugin properties.......................................passed
Then Close the GCS properties...............................................passed
Then Save the pipeline......................................................passed
Then Preview and run the pipeline...........................................passed
Then Verify the preview of pipeline is "success"............................passed
Then Close the preview......................................................passed
Then Deploy the pipeline....................................................passed
Then Run the Pipeline in Runtime............................................passed
Then Wait till pipeline is in running state.................................passed
Then Open and capture logs..................................................passed
Then Verify the pipeline status is "Succeeded"..............................passed
Then Verify data is transferred to target GCS bucket........................passed
Then Validate the cmek key "cmekGCS" of target GCS bucket if cmek is enabled.passed
]]></system-out>
</testcase>
<testcase classname="PubSub-Sink - Verification of BigQuery to PubSub successful data transfer" name="To verify data is getting transferred from BigQuery to PubSub successfully" time="388.316873">
<failure message="org.openqa.selenium.TimeoutException: Expected condition failed: waiting for at least one condition to be valid: visibility of element located by By.xpath: //*[@data-cy='Succeeded'] || visibility of element located by By.xpath: //*[@data-cy='Failed'] (tried for 300 second(s) with 500 milliseconds interval)&#10;&#9;at org.openqa.selenium.support.ui.WebDriverWait.timeoutException(WebDriverWait.java:95)&#10;&#9;at org.openqa.selenium.support.ui.FluentWait.until(FluentWait.java:234)&#10;&#9;at stepsdesign.PipelineSteps.waitTillPipelineIsInRunningState(PipelineSteps.java:237)&#10;&#9;at ✽.Wait till pipeline is in running state(file:src/e2e-test/features/pubsub/sink/BQToPubSub.feature:33)&#10;Caused by: org.openqa.selenium.NoSuchElementException: no such element: Unable to locate element: {&quot;method&quot;:&quot;xpath&quot;,&quot;selector&quot;:&quot;//*[@data-cy='Failed']&quot;}&#10;  (Session info: headless chrome=92.0.4515.159)&#10;For documentation on this error, please visit: https://selenium.dev/exceptions/#no_such_element&#10;Build info: version: '4.0.0-rc-1', revision: 'bc5511cbda'&#10;System info: host: 'runner-deployment-build-e2e-data-integrations-978f754d-z5wt4', ip: '10.116.13.9', os.name: 'Linux', os.arch: 'amd64', os.version: '5.4.144+', java.version: '1.8.0_292'&#10;Driver info: org.openqa.selenium.chrome.ChromeDriver&#10;Command: [0fb339f6846e5d81946bfba089e47c62, findElement {using=xpath, value=//*[@data-cy='Failed']}]&#10;Capabilities {acceptInsecureCerts: false, browserName: chrome, browserVersion: 92.0.4515.159, chrome: {chromedriverVersion: 92.0.4515.107 (87a818b10553..., userDataDir: /tmp/.com.google.Chrome.nOFYJi}, goog:chromeOptions: {debuggerAddress: localhost:40923}, javascriptEnabled: true, networkConnectionEnabled: false, pageLoadStrategy: normal, platform: LINUX, platformName: LINUX, proxy: Proxy(), se:cdp: ws://localhost:40923/devtoo..., se:cdpVersion: 92.0.4515.159, setWindowRect: true, strictFileInteractability: false, timeouts: {implicit: 0, pageLoad: 300000, script: 30000}, unhandledPromptBehavior: dismiss and notify, webauthn:extension:credBlob: true, webauthn:extension:largeBlob: true, webauthn:virtualAuthenticators: true}&#10;Session ID: 0fb339f6846e5d81946bfba089e47c62&#10;&#9;at sun.reflect.NativeConstructorAccessorImpl.newInstance0(Native Method)&#10;&#9;at sun.reflect.NativeConstructorAccessorImpl.newInstance(NativeConstructorAccessorImpl.java:62)&#10;&#9;at sun.reflect.DelegatingConstructorAccessorImpl.newInstance(DelegatingConstructorAccessorImpl.java:45)&#10;&#9;at java.lang.reflect.Constructor.newInstance(Constructor.java:423)&#10;&#9;at org.openqa.selenium.remote.codec.w3c.W3CHttpResponseCodec.createException(W3CHttpResponseCodec.java:200)&#10;&#9;at org.openqa.selenium.remote.codec.w3c.W3CHttpResponseCodec.decode(W3CHttpResponseCodec.java:133)&#10;&#9;at org.openqa.selenium.remote.codec.w3c.W3CHttpResponseCodec.decode(W3CHttpResponseCodec.java:53)&#10;&#9;at org.openqa.selenium.remote.HttpCommandExecutor.execute(HttpCommandExecutor.java:184)&#10;&#9;at org.openqa.selenium.remote.service.DriverCommandExecutor.invokeExecute(DriverCommandExecutor.java:164)&#10;&#9;at org.openqa.selenium.remote.service.DriverCommandExecutor.execute(DriverCommandExecutor.java:139)&#10;&#9;at org.openqa.selenium.remote.RemoteWebDriver.execute(RemoteWebDriver.java:547)&#10;&#9;at org.openqa.selenium.remote.ElementLocation$ElementFinder$2.findElement(ElementLocation.java:162)&#10;&#9;at org.openqa.selenium.remote.ElementLocation.findElement(ElementLocation.java:60)&#10;&#9;at org.openqa.selenium.remote.RemoteWebDriver.findElement(RemoteWebDriver.java:381)&#10;&#9;at org.openqa.selenium.remote.RemoteWebDriver.findElement(RemoteWebDriver.java:373)&#10;&#9;at org.openqa.selenium.support.ui.ExpectedConditions$7.apply(ExpectedConditions.java:205)&#10;&#9;at org.openqa.selenium.support.ui.ExpectedConditions$7.apply(ExpectedConditions.java:201)&#10;&#9;at org.openqa.selenium.support.ui.ExpectedConditions$47.apply(ExpectedConditions.java:1370)&#10;&#9;at org.openqa.selenium.support.ui.ExpectedConditions$47.apply(ExpectedConditions.java:1364)&#10;&#9;at org.openqa.selenium.support.ui.FluentWait.until(FluentWait.java:211)&#10;&#9;at stepsdesign.PipelineSteps.waitTillPipelineIsInRunningState(PipelineSteps.java:237)&#10;&#9;at sun.reflect.NativeMethodAccessorImpl.invoke0(Native Method)&#10;&#9;at sun.reflect.NativeMethodAccessorImpl.invoke(NativeMethodAccessorImpl.java:62)&#10;&#9;at sun.reflect.DelegatingMethodAccessorImpl.invoke(DelegatingMethodAccessorImpl.java:43)&#10;&#9;at java.lang.reflect.Method.invoke(Method.java:498)&#10;&#9;at cucumber.runtime.Utils$1.call(Utils.java:26)&#10;&#9;at cucumber.runtime.Timeout.timeout(Timeout.java:16)&#10;&#9;at cucumber.runtime.Utils.invoke(Utils.java:20)&#10;&#9;at cucumber.runtime.java.JavaStepDefinition.execute(JavaStepDefinition.java:57)&#10;&#9;at cucumber.runner.PickleStepDefinitionMatch.runStep(PickleStepDefinitionMatch.java:50)&#10;&#9;at cucumber.runner.TestStep.executeStep(TestStep.java:65)&#10;&#9;at cucumber.runner.TestStep.run(TestStep.java:50)&#10;&#9;at cucumber.runner.PickleStepTestStep.run(PickleStepTestStep.java:43)&#10;&#9;at cucumber.runner.TestCase.run(TestCase.java:46)&#10;&#9;at cucumber.runner.Runner.runPickle(Runner.java:50)&#10;&#9;at io.cucumber.junit.PickleRunners$NoStepDescriptions.run(PickleRunners.java:146)&#10;&#9;at io.cucumber.junit.FeatureRunner.runChild(FeatureRunner.java:68)&#10;&#9;at io.cucumber.junit.FeatureRunner.runChild(FeatureRunner.java:23)&#10;&#9;at org.junit.runners.ParentRunner$4.run(ParentRunner.java:331)&#10;&#9;at org.junit.runners.ParentRunner$1.schedule(ParentRunner.java:79)&#10;&#9;at org.junit.runners.ParentRunner.runChildren(ParentRunner.java:329)&#10;&#9;at org.junit.runners.ParentRunner.access$100(ParentRunner.java:66)&#10;&#9;at org.junit.runners.ParentRunner$2.evaluate(ParentRunner.java:293)&#10;&#9;at org.junit.runners.ParentRunner$3.evaluate(ParentRunner.java:306)&#10;&#9;at org.junit.runners.ParentRunner.run(ParentRunner.java:413)&#10;&#9;at io.cucumber.junit.Cucumber.runChild(Cucumber.java:144)&#10;&#9;at io.cucumber.junit.Cucumber.runChild(Cucumber.java:65)&#10;&#9;at org.junit.runners.ParentRunner$4.run(ParentRunner.java:331)&#10;&#9;at org.apache.maven.surefire.junitcore.pc.Scheduler$1.run(Scheduler.java:405)&#10;&#9;at org.apache.maven.surefire.junitcore.pc.InvokerStrategy.schedule(InvokerStrategy.java:54)&#10;&#9;at org.apache.maven.surefire.junitcore.pc.Scheduler.schedule(Scheduler.java:362)&#10;&#9;at org.junit.runners.ParentRunner.runChildren(ParentRunner.java:329)&#10;&#9;at org.junit.runners.ParentRunner.access$100(ParentRunner.java:66)&#10;&#9;at org.junit.runners.ParentRunner$2.evaluate(ParentRunner.java:293)&#10;&#9;at io.cucumber.junit.Cucumber$RunCucumber.evaluate(Cucumber.java:174)&#10;&#9;at org.junit.runners.ParentRunner$3.evaluate(ParentRunner.java:306)&#10;&#9;at org.junit.runners.ParentRunner.run(ParentRunner.java:413)&#10;&#9;at org.junit.runners.Suite.runChild(Suite.java:128)&#10;&#9;at org.junit.runners.Suite.runChild(Suite.java:27)&#10;&#9;at org.junit.runners.ParentRunner$4.run(ParentRunner.java:331)&#10;&#9;at org.apache.maven.surefire.junitcore.pc.Scheduler$1.run(Scheduler.java:405)&#10;&#9;at java.util.concurrent.Executors$RunnableAdapter.call(Executors.java:511)&#10;&#9;at java.util.concurrent.FutureTask.run(FutureTask.java:266)&#10;&#9;at java.util.concurrent.ThreadPoolExecutor.runWorker(ThreadPoolExecutor.java:1149)&#10;&#9;at java.util.concurrent.ThreadPoolExecutor$Worker.run(ThreadPoolExecutor.java:624)&#10;&#9;at java.lang.Thread.run(Thread.java:748)&#10;"><![CDATA[Given Open Datafusion Project to configure pipeline.........................passed
When Source is BigQuery.....................................................passed
When Sink is PubSub.........................................................passed
Then Connect source as "BigQuery" and sink as "GooglePublisher" to establish connection.passed
Then Open BigQuery source properties........................................passed
Then Enter the BigQuery source mandatory properties.........................passed
Then Validate "BigQuery" plugin properties..................................passed
Then Close the BigQuery properties..........................................passed
Then Open the PubSub sink properties........................................passed
Then Enter PubSub property projectId "projectId"............................passed
Then Enter PubSub property reference name...................................passed
Then Enter PubSub topic name................................................passed
Then Select PubSub property format "csv"....................................passed
Then Enter PubSub property encryption key name "cmekPubSub" if cmek is enabled.passed
Then Enter PubSub property MaximumBatchCount "pubSubMaximumBatchCount"......passed
Then Enter PubSub property MaximumBatchSize "pubSubMaximumBatchSize"........passed
Then Enter PubSub property PublishDelayThreshold "pubSubPublishDelayThreshold".passed
Then Enter PubSub property RetryTimeOut "pubSubRetryTimeOut"................passed
Then Enter PubSub property ErrorThreshold "pubSubErrorThreshold"............passed
Then Validate "PubSub" plugin properties....................................passed
Then Close the PubSub properties............................................passed
Then Save the pipeline......................................................passed
Then Preview and run the pipeline...........................................passed
Then Verify the preview of pipeline is "success"............................passed
Then Close the preview......................................................passed
Then Deploy the pipeline....................................................passed
Then Run the Pipeline in Runtime............................................passed
Then Wait till pipeline is in running state.................................failed
Then Verify the pipeline status is "Succeeded"..............................skipped
Then Validate OUT record count is equal to IN record count..................skipped
Then Open and capture logs..................................................skipped
Then Validate the cmek key "cmekPubSub" of target PubSub topic if cmek is enabled.skipped

StackTrace:
org.openqa.selenium.TimeoutException: Expected condition failed: waiting for at least one condition to be valid: visibility of element located by By.xpath: //*[@data-cy='Succeeded'] || visibility of element located by By.xpath: //*[@data-cy='Failed'] (tried for 300 second(s) with 500 milliseconds interval)
	at org.openqa.selenium.support.ui.WebDriverWait.timeoutException(WebDriverWait.java:95)
	at org.openqa.selenium.support.ui.FluentWait.until(FluentWait.java:234)
	at stepsdesign.PipelineSteps.waitTillPipelineIsInRunningState(PipelineSteps.java:237)
	at ✽.Wait till pipeline is in running state(file:src/e2e-test/features/pubsub/sink/BQToPubSub.feature:33)
Caused by: org.openqa.selenium.NoSuchElementException: no such element: Unable to locate element: {"method":"xpath","selector":"//*[@data-cy='Failed']"}
  (Session info: headless chrome=92.0.4515.159)
For documentation on this error, please visit: https://selenium.dev/exceptions/#no_such_element
Build info: version: '4.0.0-rc-1', revision: 'bc5511cbda'
System info: host: 'runner-deployment-build-e2e-data-integrations-978f754d-z5wt4', ip: '10.116.13.9', os.name: 'Linux', os.arch: 'amd64', os.version: '5.4.144+', java.version: '1.8.0_292'
Driver info: org.openqa.selenium.chrome.ChromeDriver
Command: [0fb339f6846e5d81946bfba089e47c62, findElement {using=xpath, value=//*[@data-cy='Failed']}]
Capabilities {acceptInsecureCerts: false, browserName: chrome, browserVersion: 92.0.4515.159, chrome: {chromedriverVersion: 92.0.4515.107 (87a818b10553..., userDataDir: /tmp/.com.google.Chrome.nOFYJi}, goog:chromeOptions: {debuggerAddress: localhost:40923}, javascriptEnabled: true, networkConnectionEnabled: false, pageLoadStrategy: normal, platform: LINUX, platformName: LINUX, proxy: Proxy(), se:cdp: ws://localhost:40923/devtoo..., se:cdpVersion: 92.0.4515.159, setWindowRect: true, strictFileInteractability: false, timeouts: {implicit: 0, pageLoad: 300000, script: 30000}, unhandledPromptBehavior: dismiss and notify, webauthn:extension:credBlob: true, webauthn:extension:largeBlob: true, webauthn:virtualAuthenticators: true}
Session ID: 0fb339f6846e5d81946bfba089e47c62
	at sun.reflect.NativeConstructorAccessorImpl.newInstance0(Native Method)
	at sun.reflect.NativeConstructorAccessorImpl.newInstance(NativeConstructorAccessorImpl.java:62)
	at sun.reflect.DelegatingConstructorAccessorImpl.newInstance(DelegatingConstructorAccessorImpl.java:45)
	at java.lang.reflect.Constructor.newInstance(Constructor.java:423)
	at org.openqa.selenium.remote.codec.w3c.W3CHttpResponseCodec.createException(W3CHttpResponseCodec.java:200)
	at org.openqa.selenium.remote.codec.w3c.W3CHttpResponseCodec.decode(W3CHttpResponseCodec.java:133)
	at org.openqa.selenium.remote.codec.w3c.W3CHttpResponseCodec.decode(W3CHttpResponseCodec.java:53)
	at org.openqa.selenium.remote.HttpCommandExecutor.execute(HttpCommandExecutor.java:184)
	at org.openqa.selenium.remote.service.DriverCommandExecutor.invokeExecute(DriverCommandExecutor.java:164)
	at org.openqa.selenium.remote.service.DriverCommandExecutor.execute(DriverCommandExecutor.java:139)
	at org.openqa.selenium.remote.RemoteWebDriver.execute(RemoteWebDriver.java:547)
	at org.openqa.selenium.remote.ElementLocation$ElementFinder$2.findElement(ElementLocation.java:162)
	at org.openqa.selenium.remote.ElementLocation.findElement(ElementLocation.java:60)
	at org.openqa.selenium.remote.RemoteWebDriver.findElement(RemoteWebDriver.java:381)
	at org.openqa.selenium.remote.RemoteWebDriver.findElement(RemoteWebDriver.java:373)
	at org.openqa.selenium.support.ui.ExpectedConditions$7.apply(ExpectedConditions.java:205)
	at org.openqa.selenium.support.ui.ExpectedConditions$7.apply(ExpectedConditions.java:201)
	at org.openqa.selenium.support.ui.ExpectedConditions$47.apply(ExpectedConditions.java:1370)
	at org.openqa.selenium.support.ui.ExpectedConditions$47.apply(ExpectedConditions.java:1364)
	at org.openqa.selenium.support.ui.FluentWait.until(FluentWait.java:211)
	at stepsdesign.PipelineSteps.waitTillPipelineIsInRunningState(PipelineSteps.java:237)
	at sun.reflect.NativeMethodAccessorImpl.invoke0(Native Method)
	at sun.reflect.NativeMethodAccessorImpl.invoke(NativeMethodAccessorImpl.java:62)
	at sun.reflect.DelegatingMethodAccessorImpl.invoke(DelegatingMethodAccessorImpl.java:43)
	at java.lang.reflect.Method.invoke(Method.java:498)
	at cucumber.runtime.Utils$1.call(Utils.java:26)
	at cucumber.runtime.Timeout.timeout(Timeout.java:16)
	at cucumber.runtime.Utils.invoke(Utils.java:20)
	at cucumber.runtime.java.JavaStepDefinition.execute(JavaStepDefinition.java:57)
	at cucumber.runner.PickleStepDefinitionMatch.runStep(PickleStepDefinitionMatch.java:50)
	at cucumber.runner.TestStep.executeStep(TestStep.java:65)
	at cucumber.runner.TestStep.run(TestStep.java:50)
	at cucumber.runner.PickleStepTestStep.run(PickleStepTestStep.java:43)
	at cucumber.runner.TestCase.run(TestCase.java:46)
	at cucumber.runner.Runner.runPickle(Runner.java:50)
	at io.cucumber.junit.PickleRunners$NoStepDescriptions.run(PickleRunners.java:146)
	at io.cucumber.junit.FeatureRunner.runChild(FeatureRunner.java:68)
	at io.cucumber.junit.FeatureRunner.runChild(FeatureRunner.java:23)
	at org.junit.runners.ParentRunner$4.run(ParentRunner.java:331)
	at org.junit.runners.ParentRunner$1.schedule(ParentRunner.java:79)
	at org.junit.runners.ParentRunner.runChildren(ParentRunner.java:329)
	at org.junit.runners.ParentRunner.access$100(ParentRunner.java:66)
	at org.junit.runners.ParentRunner$2.evaluate(ParentRunner.java:293)
	at org.junit.runners.ParentRunner$3.evaluate(ParentRunner.java:306)
	at org.junit.runners.ParentRunner.run(ParentRunner.java:413)
	at io.cucumber.junit.Cucumber.runChild(Cucumber.java:144)
	at io.cucumber.junit.Cucumber.runChild(Cucumber.java:65)
	at org.junit.runners.ParentRunner$4.run(ParentRunner.java:331)
	at org.apache.maven.surefire.junitcore.pc.Scheduler$1.run(Scheduler.java:405)
	at org.apache.maven.surefire.junitcore.pc.InvokerStrategy.schedule(InvokerStrategy.java:54)
	at org.apache.maven.surefire.junitcore.pc.Scheduler.schedule(Scheduler.java:362)
	at org.junit.runners.ParentRunner.runChildren(ParentRunner.java:329)
	at org.junit.runners.ParentRunner.access$100(ParentRunner.java:66)
	at org.junit.runners.ParentRunner$2.evaluate(ParentRunner.java:293)
	at io.cucumber.junit.Cucumber$RunCucumber.evaluate(Cucumber.java:174)
	at org.junit.runners.ParentRunner$3.evaluate(ParentRunner.java:306)
	at org.junit.runners.ParentRunner.run(ParentRunner.java:413)
	at org.junit.runners.Suite.runChild(Suite.java:128)
	at org.junit.runners.Suite.runChild(Suite.java:27)
	at org.junit.runners.ParentRunner$4.run(ParentRunner.java:331)
	at org.apache.maven.surefire.junitcore.pc.Scheduler$1.run(Scheduler.java:405)
	at java.util.concurrent.Executors$RunnableAdapter.call(Executors.java:511)
	at java.util.concurrent.FutureTask.run(FutureTask.java:266)
	at java.util.concurrent.ThreadPoolExecutor.runWorker(ThreadPoolExecutor.java:1149)
	at java.util.concurrent.ThreadPoolExecutor$Worker.run(ThreadPoolExecutor.java:624)
	at java.lang.Thread.run(Thread.java:748)
]]></failure>
</testcase>
<testcase classname="PubSub-Sink - Verification of GCS to PubSub successful data transfer" name="To verify data is getting transferred from GCS to PubSub successfully" time="2.104986">
<failure message="org.openqa.selenium.WebDriverException: unknown error: net::ERR_CONNECTION_REFUSED&#10;  (Session info: headless chrome=92.0.4515.159)&#10;Build info: version: '4.0.0-rc-1', revision: 'bc5511cbda'&#10;System info: host: 'runner-deployment-build-e2e-data-integrations-978f754d-z5wt4', ip: '10.116.13.9', os.name: 'Linux', os.arch: 'amd64', os.version: '5.4.144+', java.version: '1.8.0_292'&#10;Driver info: org.openqa.selenium.chrome.ChromeDriver&#10;Command: [0fb339f6846e5d81946bfba089e47c62, get {url=http://localhost:11011/pipelines/ns/default/studio}]&#10;Capabilities {acceptInsecureCerts: false, browserName: chrome, browserVersion: 92.0.4515.159, chrome: {chromedriverVersion: 92.0.4515.107 (87a818b10553..., userDataDir: /tmp/.com.google.Chrome.nOFYJi}, goog:chromeOptions: {debuggerAddress: localhost:40923}, javascriptEnabled: true, networkConnectionEnabled: false, pageLoadStrategy: normal, platform: LINUX, platformName: LINUX, proxy: Proxy(), se:cdp: ws://localhost:40923/devtoo..., se:cdpVersion: 92.0.4515.159, setWindowRect: true, strictFileInteractability: false, timeouts: {implicit: 0, pageLoad: 300000, script: 30000}, unhandledPromptBehavior: dismiss and notify, webauthn:extension:credBlob: true, webauthn:extension:largeBlob: true, webauthn:virtualAuthenticators: true}&#10;Session ID: 0fb339f6846e5d81946bfba089e47c62&#10;&#9;at sun.reflect.NativeConstructorAccessorImpl.newInstance0(Native Method)&#10;&#9;at sun.reflect.NativeConstructorAccessorImpl.newInstance(NativeConstructorAccessorImpl.java:62)&#10;&#9;at sun.reflect.DelegatingConstructorAccessorImpl.newInstance(DelegatingConstructorAccessorImpl.java:45)&#10;&#9;at java.lang.reflect.Constructor.newInstance(Constructor.java:423)&#10;&#9;at org.openqa.selenium.remote.codec.w3c.W3CHttpResponseCodec.createException(W3CHttpResponseCodec.java:200)&#10;&#9;at org.openqa.selenium.remote.codec.w3c.W3CHttpResponseCodec.decode(W3CHttpResponseCodec.java:133)&#10;&#9;at org.openqa.selenium.remote.codec.w3c.W3CHttpResponseCodec.decode(W3CHttpResponseCodec.java:53)&#10;&#9;at org.openqa.selenium.remote.HttpCommandExecutor.execute(HttpCommandExecutor.java:184)&#10;&#9;at org.openqa.selenium.remote.service.DriverCommandExecutor.invokeExecute(DriverCommandExecutor.java:164)&#10;&#9;at org.openqa.selenium.remote.service.DriverCommandExecutor.execute(DriverCommandExecutor.java:139)&#10;&#9;at org.openqa.selenium.remote.RemoteWebDriver.execute(RemoteWebDriver.java:547)&#10;&#9;at org.openqa.selenium.remote.RemoteWebDriver.get(RemoteWebDriver.java:326)&#10;&#9;at io.cdap.e2e.utils.SeleniumDriver.openPage(SeleniumDriver.java:84)&#10;&#9;at io.cdap.e2e.utils.CdfHelper.openCdf(CdfHelper.java:48)&#10;&#9;at stepsdesign.PipelineSteps.openDatafusionProjectToConfigurePipeline(PipelineSteps.java:59)&#10;&#9;at ✽.Open Datafusion Project to configure pipeline(file:src/e2e-test/features/pubsub/sink/GCSToPubSub.feature:6)&#10;"><![CDATA[Given Open Datafusion Project to configure pipeline.........................failed
When Source is GCS..........................................................skipped
When Sink is PubSub.........................................................skipped
Then Open GCS source properties.............................................skipped
Then Enter the GCS source mandatory properties..............................skipped
Then Validate "GCS" plugin properties.......................................skipped
Then Close the GCS properties...............................................skipped
Then Open the PubSub sink properties........................................skipped
Then Enter PubSub property projectId "projectId"............................skipped
Then Enter PubSub property reference name...................................skipped
Then Enter PubSub topic name................................................skipped
Then Select PubSub property format "csv"....................................skipped
Then Enter PubSub property encryption key name "cmekPubSub" if cmek is enabled.skipped
Then Enter PubSub property MaximumBatchCount "pubSubMaximumBatchCount"......skipped
Then Enter PubSub property MaximumBatchSize "pubSubMaximumBatchSize"........skipped
Then Enter PubSub property PublishDelayThreshold "pubSubPublishDelayThreshold".skipped
Then Enter PubSub property RetryTimeOut "pubSubRetryTimeOut"................skipped
Then Enter PubSub property ErrorThreshold "pubSubErrorThreshold"............skipped
Then Validate "PubSub" plugin properties....................................skipped
Then Close the PubSub properties............................................skipped
Then Connect source as "GCS" and sink as "GooglePublisher" to establish connection.skipped
Then Save the pipeline......................................................skipped
Then Preview and run the pipeline...........................................skipped
Then Verify the preview of pipeline is "success"............................skipped
Then Close the preview......................................................skipped
Then Deploy the pipeline....................................................skipped
Then Run the Pipeline in Runtime............................................skipped
Then Wait till pipeline is in running state.................................skipped
Then Verify the pipeline status is "Succeeded"..............................skipped
Then Validate OUT record count is equal to IN record count..................skipped
Then Open and capture logs..................................................skipped
Then Validate the cmek key "cmekPubSub" of target PubSub topic if cmek is enabled.skipped

StackTrace:
org.openqa.selenium.WebDriverException: unknown error: net::ERR_CONNECTION_REFUSED
  (Session info: headless chrome=92.0.4515.159)
Build info: version: '4.0.0-rc-1', revision: 'bc5511cbda'
System info: host: 'runner-deployment-build-e2e-data-integrations-978f754d-z5wt4', ip: '10.116.13.9', os.name: 'Linux', os.arch: 'amd64', os.version: '5.4.144+', java.version: '1.8.0_292'
Driver info: org.openqa.selenium.chrome.ChromeDriver
Command: [0fb339f6846e5d81946bfba089e47c62, get {url=http://localhost:11011/pipelines/ns/default/studio}]
Capabilities {acceptInsecureCerts: false, browserName: chrome, browserVersion: 92.0.4515.159, chrome: {chromedriverVersion: 92.0.4515.107 (87a818b10553..., userDataDir: /tmp/.com.google.Chrome.nOFYJi}, goog:chromeOptions: {debuggerAddress: localhost:40923}, javascriptEnabled: true, networkConnectionEnabled: false, pageLoadStrategy: normal, platform: LINUX, platformName: LINUX, proxy: Proxy(), se:cdp: ws://localhost:40923/devtoo..., se:cdpVersion: 92.0.4515.159, setWindowRect: true, strictFileInteractability: false, timeouts: {implicit: 0, pageLoad: 300000, script: 30000}, unhandledPromptBehavior: dismiss and notify, webauthn:extension:credBlob: true, webauthn:extension:largeBlob: true, webauthn:virtualAuthenticators: true}
Session ID: 0fb339f6846e5d81946bfba089e47c62
	at sun.reflect.NativeConstructorAccessorImpl.newInstance0(Native Method)
	at sun.reflect.NativeConstructorAccessorImpl.newInstance(NativeConstructorAccessorImpl.java:62)
	at sun.reflect.DelegatingConstructorAccessorImpl.newInstance(DelegatingConstructorAccessorImpl.java:45)
	at java.lang.reflect.Constructor.newInstance(Constructor.java:423)
	at org.openqa.selenium.remote.codec.w3c.W3CHttpResponseCodec.createException(W3CHttpResponseCodec.java:200)
	at org.openqa.selenium.remote.codec.w3c.W3CHttpResponseCodec.decode(W3CHttpResponseCodec.java:133)
	at org.openqa.selenium.remote.codec.w3c.W3CHttpResponseCodec.decode(W3CHttpResponseCodec.java:53)
	at org.openqa.selenium.remote.HttpCommandExecutor.execute(HttpCommandExecutor.java:184)
	at org.openqa.selenium.remote.service.DriverCommandExecutor.invokeExecute(DriverCommandExecutor.java:164)
	at org.openqa.selenium.remote.service.DriverCommandExecutor.execute(DriverCommandExecutor.java:139)
	at org.openqa.selenium.remote.RemoteWebDriver.execute(RemoteWebDriver.java:547)
	at org.openqa.selenium.remote.RemoteWebDriver.get(RemoteWebDriver.java:326)
	at io.cdap.e2e.utils.SeleniumDriver.openPage(SeleniumDriver.java:84)
	at io.cdap.e2e.utils.CdfHelper.openCdf(CdfHelper.java:48)
	at stepsdesign.PipelineSteps.openDatafusionProjectToConfigurePipeline(PipelineSteps.java:59)
	at ✽.Open Datafusion Project to configure pipeline(file:src/e2e-test/features/pubsub/sink/GCSToPubSub.feature:6)
]]></failure>
</testcase>
</testsuite>
